This file contains any messages produced by compilers while
running configure, to aid debugging if configure makes a mistake.

It was created by FreeType configure 2.8, which was
generated by GNU Autoconf 2.69.  Invocation command line was

  $ ./configure --prefix=/home/zk/linux/code/application/lib/freetype/ --host=arm-ostl-linux-gnueabi --with-zlib=yes --with-bzip2=no --with-png=yes --with-harfbuzz=no ZLIB_CFLAGS=-I/home/zk/linux/code/application/lib/zlib/include -L/home/zk/linux/code/application/lib/zlib/lib ZLIB_LIBS=-lz LIBPNG_CFLAGS=-I/home/zk/linux/code/application/lib/pnglib/include -L/home/zk/linux/code/application/lib/pnglib/lib LIBPNG_LIBS=-lpng

## --------- ##
## Platform. ##
## --------- ##

hostname = zk-H81
uname -m = x86_64
uname -r = 5.4.0-150-generic
uname -s = Linux
uname -v = #167~18.04.1-Ubuntu SMP Wed May 24 00:51:42 UTC 2023

/usr/bin/uname -p = unknown
/bin/uname -X     = unknown

/bin/arch              = unknown
/usr/bin/arch -k       = unknown
/usr/convex/getsysinfo = unknown
/usr/bin/hostinfo      = unknown
/bin/machine           = unknown
/usr/bin/oslevel       = unknown
/bin/universe          = unknown

PATH: /opt/st/stm32mp1/3.1-snapshot/sysroots/x86_64-ostl_sdk-linux/usr/bin
PATH: /opt/st/stm32mp1/3.1-snapshot/sysroots/x86_64-ostl_sdk-linux/usr/bin
PATH: /opt/st/stm32mp1/3.1-snapshot/sysroots/x86_64-ostl_sdk-linux/usr/sbin
PATH: /opt/st/stm32mp1/3.1-snapshot/sysroots/x86_64-ostl_sdk-linux/bin
PATH: /opt/st/stm32mp1/3.1-snapshot/sysroots/x86_64-ostl_sdk-linux/sbin
PATH: /opt/st/stm32mp1/3.1-snapshot/sysroots/x86_64-ostl_sdk-linux/usr/bin/../x86_64-ostl_sdk-linux/bin
PATH: /opt/st/stm32mp1/3.1-snapshot/sysroots/x86_64-ostl_sdk-linux/usr/bin/arm-ostl-linux-gnueabi
PATH: /opt/st/stm32mp1/3.1-snapshot/sysroots/x86_64-ostl_sdk-linux/usr/bin/arm-ostl-linux-musl
PATH: /home/zk/.vscode-server/bin/1a5daa3a0231a0fbba4f14db7ec463cf99d7768e/bin/remote-cli
PATH: /usr/local/sbin
PATH: /usr/local/bin
PATH: /usr/sbin
PATH: /usr/bin
PATH: /sbin
PATH: /bin
PATH: /usr/games
PATH: /usr/local/games
PATH: /snap/bin
PATH: /usr/local/arm/gcc-arm-9.2-2019.12-x86_64-arm-none-linux-gnueabihf/bin


## ----------- ##
## Core tests. ##
## ----------- ##

configure:2394: loading site script /opt/st/stm32mp1/3.1-snapshot/site-config-cortexa7t2hf-neon-vfpv4-ostl-linux-gnueabi
| # rp-pppoe
| rpppoe_cv_pack_bitfields=${rpppoe_cv_pack_bitfields=rev}
| ac_cv_c_littleendian=${ac_cv_c_littleendian=yes}
| ac_cv_c_bigendian=${ac_cv_c_bigendian=no}
| 
| # libnet
| ac_cv_libnet_endianess=${ac_cv_libnet_endianess=lil}
| 
| # libmemcached
| ac_cv_c_endian=little
| # general
| ac_cv_va_val_copy=${ac_cv_va_val_copy=yes}
| ac_cv_func_lstat_dereferences_slashed_symlink=${ac_cv_func_lstat_dereferences_slashed_symlink=yes}
| ac_cv_func_lstat_empty_string_bug=${ac_cv_func_lstat_empty_string_bug=no}
| ac_cv_func_stat_empty_string_bug=${ac_cv_func_stat_empty_string_bug=no}
| ac_cv_func_stat_ignores_trailing_slash=${ac_cv_func_stat_ignores_trailing_slash=no}
| 
| # bash
| ac_cv_c_long_double=${ac_cv_c_long_double=yes}
| bash_cv_func_sigsetjmp=${bash_cv_func_sigsetjmp=missing}
| 
| # coreutils
| utils_cv_sys_open_max=${utils_cv_sys_open_max=1019}
| 
| # cvs
| cvs_cv_func_printf_ptr=${cvs_cv_func_printf_ptr=yes}
| 
| # db (sleepycat)
| db_cv_fcntl_f_setfd=${db_cv_fcntl_f_setfd=yes}
| db_cv_sprintf_count=${db_cv_sprintf_count=yes}
| db_cv_align_t=${db_cv_align_t='unsigned long long'}
| db_cv_alignp_t=${db_cv_alignp_t='unsigned long'}
| 
| # D-BUS
| ac_cv_func_posix_getpwnam_r=${ac_cv_func_posix_getpwnam_r=yes}
| 
| # edb
| db_cv_spinlocks=${db_cv_spinlocks=no}
| 
| # ettercap
| ettercap_cv_type_socklen_t=${ettercap_cv_type_socklen_t=yes}
| 
| # fget
| compat_cv_func_snprintf_works=${compat_cv_func_snprintf_works=yes}
| compat_cv_func_basename_works=${compat_cv_func_basename_works=no}
| compat_cv_func_dirname_works=${compat_cv_func_dirname_works=no}
| 
| # fnmatch
| ac_cv_func_fnmatch_works=${ac_cv_func_fnmatch_works=yes}
| 
| # gettext
| am_cv_func_working_getline=${am_cv_func_working_getline=yes}
| 
| # glib
| glib_cv_stack_grows=${glib_cv_stack_grows=no}
| glib_cv_uscore=${glib_cv_uscore=no}
| glib_cv_use_pid_surrogate=${glib_cv_use_pid_surrogate=yes}
| glib_cv_has__inline=${glib_cv_has__inline=yes}
| glib_cv_has__inline__=${glib_cv_has__inline__=yes}
| glib_cv_hasinline=${glib_cv_hasinline=yes}
| glib_cv_sane_realloc=${glib_cv_sane_realloc=yes}
| glib_cv_uscore=${glib_cv_uscore=no}
| glib_cv_va_val_copy=${glib_cv_va_val_copy=yes}
| glib_cv_rtldglobal_broken=${glib_cv_rtldglobal_broken=no}
| glib_cv_sys_pthread_mutex_trylock_posix=${glib_cv_sys_pthread_mutex_trylock_posix=yes}
| glib_cv_sys_pthread_getspecific_posix=${glib_cv_sys_pthread_getspecific_posix=yes}
| glib_cv_sys_pthread_cond_timedwait_posix=${glib_cv_sys_pthread_cond_timedwait_posix=yes}
| 
| # glib-2.0
| glib_cv_long_long_format=${glib_cv_long_long_format=ll}
| glib_cv_sys_use_pid_niceness_surrogate=${glib_cv_sys_use_pid_niceness_surrogate=yes}
| 
| #gstreamer
| as_cv_unaligned_access=${as_cv_unaligned_access=no}
| 
| # httppc
| ac_cv_strerror_r_SUSv3=${ac_cv_strerror_r_SUSv3=no}
| 
| # lftp
| ac_cv_need_trio=${ac_cv_need_trio=no}
| lftp_cv_va_val_copy=${lftp_cv_va_val_copy=yes}
| 
| # libesmtp
| acx_working_snprintf=${acx_working_snprintf=yes}
| 
| # libidl
| libIDL_cv_long_long_format=${libIDL_cv_long_long_format=ll}
| 
| # libnet 
| ac_libnet_have_packet_socket=${ac_libnet_have_packet_socket=yes}
| 
| # libpcap
| ac_cv_linux_vers=${ac_cv_linux_vers=2}
| 
| # libxfce4util
| with_broken_putenv=${with_broken_putenv=no}
| 
| # links
| ac_cv_lib_png_png_create_info_struct=${ac_cv_lib_png_png_create_info_struct=yes}
| 
| # mysql
| mysql_cv_func_atomic_sub=${mysql_cv_func_atomic_sub=no}
| mysql_cv_func_atomic_add=${mysql_cv_func_atomic_add=no}
| 
| # nano
| ac_cv_regexec_segfault_emptystr=${ac_cv_regexec_segfault_emptystr=no}
| nano_cv_func_regexec_segv_emptystr=${nano_cv_func_regexec_segv_emptystr=no}
| 
| # php
| ac_cv_pread=${ac_cv_pread=no}
| ac_cv_pwrite=${ac_cv_pwrite=no}
| php_cv_lib_cookie_io_functions_use_off64_t=${php_cv_lib_cookie_io_functions_use_off64_t=yes}
| 
| # rsync
| rsync_cv_HAVE_BROKEN_LARGEFILE=${rsync_cv_HAVE_BROKEN_LARGEFILE=no}
| rsync_cv_HAVE_SOCKETPAIR=${rsync_cv_HAVE_SOCKETPAIR=yes}
| rsync_cv_HAVE_LONGLONG=${rsync_cv_HAVE_LONGLONG=yes}
| rsync_cv_HAVE_OFF64_T=${rsync_cv_HAVE_OFF64_T=no}
| rsync_cv_HAVE_SHORT_INO_T=${rsync_cv_HAVE_SHORT_INO_T=no}
| rsync_cv_HAVE_UNSIGNED_CHAR=${rsync_cv_HAVE_UNSIGNED_CHAR=no}
| rsync_cv_HAVE_BROKEN_READDIR=${rsync_cv_HAVE_BROKEN_READDIR=no}
| rsync_cv_HAVE_GETTIMEOFDAY_TZ=${rsync_cv_HAVE_GETTIMEOFDAY_TZ=yes}
| rsync_cv_HAVE_SECURE_MKSTEMP=${rsync_cv_HAVE_SECURE_MKSTEMP=yes}
| rsync_cv_REPLACE_INET_NTOA=${rsync_cv_REPLACE_INET_NTOA=no}
| rsync_cv_REPLACE_INET_ATON=${rsync_cv_REPLACE_INET_ATON=no}
| 
| # screen
| screen_cv_sys_bcopy_overlap=${screen_cv_sys_bcopy_overlap=no}
| screen_cv_sys_memcpy_overlap=${screen_cv_sys_memcpy_overlap=no}
| screen_cv_sys_memmove_overlap=${screen_cv_sys_memmove_overlap=no}
| screen_cv_sys_fifo_broken_impl=${screen_cv_sys_fifo_broken_impl=yes}
| screen_cv_sys_fifo_usable=${screen_cv_sys_fifo_usable=yes}
| screen_cv_sys_select_broken_retval=${screen_cv_sys_select_broken_retval=no}
| screen_cv_sys_sockets_nofs=${screen_cv_sys_sockets_nofs=no}
| screen_cv_sys_sockets_usable=${screen_cv_sys_sockets_usable=yes}
| screen_cv_sys_terminfo_used=${screen_cv_sys_terminfo_used=yes}
| 
| # slrn
| slrn_cv_va_val_copy=${slrn_cv_va_val_copy=yes}
| 
| # socat
| ac_cv_ispeed_offset=${ac_cv_ispeed_offset=13}
| sc_cv_termios_ispeed=${sc_cv_termios_ispeed=yes}
| 
| # ssh
| ac_cv_have_space_d_name_in_struct_dirent=${ac_cv_dirent_have_space_d_name=yes}
| ac_cv_have_broken_snprintf=${ac_cv_have_broken_snprintf=no}
| ac_cv_have_accrights_in_msghdr=${ac_cv_have_accrights_in_msghdr=no}
| ac_cv_have_control_in_msghdr=${ac_cv_have_control_in_msghdr=yes}
| ac_cv_have_openpty_ctty_bug=${ac_cv_have_openpty_ctty_bug=yes}
| 
| # startup-notification
| lf_cv_sane_realloc=yes
| 
| # xffm
| jm_cv_func_working_readdir=yes
| 
| # evolution-data-server
| ac_cv_libiconv_utf8=${ac_cv_libiconv_utf8=yes}
| 
| # definitions assuming 32-bit arm architecture
| 
| # apache
| ac_cv_sizeof_size_t=${ac_cv_sizeof_size_t=4}
| ac_cv_sizeof_ssize_t=${ac_cv_sizeof_ssize_t=4}
| 
| # glib
| glib_cv_sizeof_gmutex=${glib_cv_sizeof_gmutex=24}
| glib_cv_sizeof_system_thread=${glib_cv_sizeof_system_thread=4}
| glib_cv_sizeof_gmutex=${glib_cv_sizeof_gmutex=24}
| 
| # glib-2.0
| glib_cv_sizeof_gmutex=${glib_cv_sizeof_gmutex=24}
| glib_cv_sizeof_intmax_t=${glib_cv_sizeof_intmax_t=8}
| glib_cv_sizeof_ptrdiff_t=${glib_cv_sizeof_ptrdiff_t=4}
| glib_cv_sizeof_size_t=${glib_cv_sizeof_size_t=4}
| glib_cv_sizeof_system_thread=${glib_cv_sizeof_system_thread=4}
| ac_cv_alignof_guint32=4
| ac_cv_alignof_guint64=8
| ac_cv_alignof_unsigned_long=4
| 
| # jikes
| ac_cv_sizeof_wchar_t=4
| 
| # ORBit2
| ac_cv_alignof_CORBA_boolean=1
| ac_cv_alignof_CORBA_char=1
| ac_cv_alignof_CORBA_double=8
| ac_cv_alignof_CORBA_float=4
| ac_cv_alignof_CORBA_long=4
| ac_cv_alignof_CORBA_long_double=8
| ac_cv_alignof_CORBA_long_long=8
| ac_cv_alignof_CORBA_octet=1
| ac_cv_alignof_CORBA_pointer=4
| ac_cv_alignof_CORBA_short=2
| ac_cv_alignof_CORBA_struct=1
| ac_cv_alignof_CORBA_wchar=2
| 
| # at-spi2-core
| ac_cv_alignof_char=1
| ac_cv_alignof_dbind_pointer=4
| ac_cv_alignof_dbind_struct=1
| ac_cv_alignof_dbus_bool_t=4
| ac_cv_alignof_dbus_int16_t=2
| ac_cv_alignof_dbus_int32_t=4
| ac_cv_alignof_dbus_int64_t=8
| ac_cv_alignof_double=8
| # gettext - these add sleep delays otherwise
| gl_cv_func_sleep_works=${gl_cv_func_sleep_works=yes}
| gl_cv_header_working_fcntl_h=${gl_cv_header_working_fcntl_h=yes}
| 
| # apr
| ac_cv_file__dev_zero=${ac_cv_file__dev_zero=yes}
| ac_cv_sizeof_pid_t=${ac_cv_sizeof_pid_t=4}
| ac_cv_func_pthread_key_delete=${ac_cv_func_pthread_key_delete=yes}
| apr_cv_tcp_nodelay_with_cork=${apr_cv_tcp_nodelay_with_cork=yes}
| apr_cv_process_shared_works=${apr_cv_process_shared_works=no}
| 
| # samba
| samba_cv_HAVE_IFACE_AIX=${samba_cv_HAVE_IFACE_AIX=no}
| samba_cv_HAVE_IFACE_IFCONF=${samba_cv_HAVE_IFACE_IFCONF=yes}
| samba_cv_HAVE_IFACE_IFREQ=${samba_cv_HAVE_IFACE_IFREQ=yes}
| samba_cv_HAVE_IRIX_SPECIFIC_CAPABILITIES=${samba_cv_HAVE_IRIX_SPECIFIC_CAPABILITIES=no}
| 
| # db
| db_cv_path_ar=${db_cv_path_ar=/usr/bin/ar}
| db_cv_path_chmod=${db_cv_path_chmod=/bin/chmod}
| db_cv_path_cp=${db_cv_path_cp=/bin/cp}
| db_cv_path_ln=${db_cv_path_ln=/bin/ln}
| db_cv_path_mkdir=${db_cv_path_mkdir=/bin/mkdir}
| db_cv_path_ranlib=${db_cv_path_ranlib=/usr/bin/ranlib}
| db_cv_path_rm=${db_cv_path_rm=/bin/rm}
| db_cv_path_sh=${db_cv_path_sh=/bin/sh}
| db_cv_path_strip=${db_cv_path_strip=/usr/bin/strip}
| 
| # bash
| bash_cv_have_mbstate_t=${bash_cv_have_mbstate_t=yes}
| bash_cv_must_reinstall_sighandlers=${bash_cv_must_reinstall_sighandlers=no}
| bash_cv_func_strcoll_broken=${bash_cv_func_strcoll_broken=no}
| bash_cv_dup2_broken=${bash_cv_dup2_broken=no}
| bash_cv_opendir_not_robust=${bash_cv_opendir_not_robust=no}
| bash_cv_type_rlimit=${bash_cv_type_rlimit=rlim_t}
| bash_cv_getenv_redef=${bash_cv_getenv_redef=yes}
| bash_cv_ulimit_maxfds=${bash_cv_ulimit_maxfds=yes}
| bash_cv_getcwd_calls_popen=${bash_cv_getcwd_calls_popen=no}
| bash_cv_printf_a_format=${bash_cv_printf_a_format=yes}
| bash_cv_pgrp_pipe=${bash_cv_pgrp_pipe=no}
| bash_cv_job_control_missing=${bash_cv_job_control_missing=present}
| bash_cv_sys_named_pipes=${bash_cv_sys_named_pipes=present}
| bash_cv_unusable_rtsigs=${bash_cv_unusable_rtsigs=no}
| 
| # ccache
| hw_cv_func_snprintf_c99=${hw_cv_func_snprintf_c99=yes}
| hw_cv_func_vsnprintf_c99=${hw_cv_func_vsnprintf_c99=yes}
| 
| # coreutils
| ac_cv_func_chown_works=${ac_cv_func_chown_works=yes}
| ac_cv_func_utime_null=${ac_cv_func_utime_null=yes}
| gl_cv_func_fstatat_zero_flag=${gl_cv_func_fstatat_zero_flag=yes}
| gl_cv_func_link_follows_symlink=${gl_cv_func_link_follows_symlink=no}
| gl_cv_func_unlink_busy_text=${gl_cv_func_unlink_busy_text=yes}
| gl_cv_have_proc_uptime=${gl_cv_have_proc_uptime=yes}
| gl_cv_pipes_are_fifos=${gl_cv_pipes_are_fifos='yes (1)'}
| 
| # mysql
| ac_cv_sys_restartable_syscalls=${ac_cv_sys_restartable_syscalls=yes}
| ac_cv_conv_longlong_to_float=${ac_cv_conv_longlong_to_float=yes}
| 
| # TCL
| tcl_cv_api_serial=${tcl_cv_api_serial=termios}
| 
| # python
| ac_cv_have_long_long_format=yes
| 
| # apache
| ac_cv_o_nonblock_inherited=${ac_cv_o_nonblock_inherited=no}
| 
| # rsync
| rsync_cv_HAVE_C99_VSNPRINTF=${rsync_cv_HAVE_C99_VSNPRINTF=yes}
| # general
| ac_cv_have_decl_sys_siglist=${ac_cv_have_decl_sys_siglist=yes}
| ac_cv_func_calloc_0_nonnull=${ac_cv_func_calloc_0_nonnull=yes}
| ac_cv_func_realloc_works=${ac_cv_func_realloc_works=yes}
| ac_cv_func_realloc_0_nonnull=${ac_cv_func_realloc_0_nonnull=yes}
| ac_cv_func_malloc_works=${ac_cv_func_malloc_works=yes}
| ac_cv_func_malloc_0_nonnull=${ac_cv_func_malloc_0_nonnull=yes}
| ac_cv_func_memcmp_working=${ac_cv_func_memcmp_working=yes}
| ac_cv_func_getpgrp_void=yes
| ac_cv_func_setpgrp_void=yes
| ac_cv_func_setgrent_void=yes
| ac_cv_func_getgrgid_r=${ac_cv_func_getgrgid_r=yes}
| ac_cv_func_getpwuid_r=${ac_cv_func_getpwuid_r=yes}
| ac_cv_func_posix_getpwuid_r=${ac_cv_func_posix_getpwuid_r=yes}
| ac_cv_func_posix_getgrgid_r=${ac_cv_func_posix_getgrgid_r=yes}
| ac_cv_type_uid_t={ac_cv_type_uid_t=yes}
| ac_cv_func_getaddrinfo=${ac_cv_func_getaddrinfo=yes}
| ac_cv_func_strtod=${ac_cv_func_strtod=yes}
| 
| # bash
| bash_cv_under_sys_siglist=${bash_cv_under_sys_siglist=yes}
| bash_cv_sys_siglist=${bash_cv_sys_siglist=yes}
| bash_cv_getcwd_malloc=${bash_cv_getcwd_malloc=yes}
| 
| # clamav
| clamav_av_func_working_snprintf_long=${clamav_av_func_working_snprintf_long=yes}
| clamav_av_have_in_port_t=${clamav_av_have_in_port_t=yes}
| clamav_av_have_in_addr_t=${clamav_av_have_in_addr_t=yes}
| ac_cv_func_mmap_fixed_mapped=${ac_cv_func_mmap_fixed_mapped=yes}
| 
| # coreutils
| fu_cv_sys_stat_statfs2_bsize=${fu_cv_sys_stat_statfs2_bsize=yes}
| gl_cv_func_getcwd_abort_bug=${gl_cv_func_getcwd_abort_bug=no}
| gl_cv_func_getcwd_null=${gl_cv_func_getcwd_null=yes}
| gl_cv_func_getcwd_path_max=${gl_cv_func_getcwd_path_max=yes}
| ac_cv_func_getgroups_works=${ac_cv_func_getgroups_works=yes}
| gl_cv_func_nanosleep=${gl_cv_func_nanosleep='no (mishandles large arguments)'}
| gl_cv_func_working_mkstemp=${gl_cv_func_working_mkstemp=yes}
| gl_cv_func_working_mktime=${gl_cv_func_working_mktime=yes}
| gl_cv_func_working_utimes=${gl_cv_func_working_utimes=yes}
| 
| # glib
| glib_cv_strlcpy=${glib_cv_strlcpy=no}
| ac_cv_func_printf_unix98=${ac_cv_func_printf_unix98=yes}
| ac_cv_func_snprintf_c99=${ac_cv_func_snprintf_c99=yes}
| ac_cv_func_vsnprintf_c99=${ac_cv_func_vsnprintf_c99=yes}
| glib_cv_compliant_posix_memalign=${glib_cv_compliant_posix_memalign=1}
| glib_cv_long_long_format=${glib_cv_long_long_format=ll}
| # glib-1.x requires this and pkgconfig-native / pkgconfig-nativesdk use
| # that to avoid a dependency loop.
| glib_cv___va_copy=${glib_cv___va_copy=yes}
| glib_cv_va_copy=${glib_cv_va_copy=yes}
| glib_cv_have_qsort_r=${glib_cv_have_qsort_r=yes}
| 
| #dbus-glib
| ac_cv_have_abstract_sockets=${ac_cv_have_abstract_sockets=yes}
| 
| # gnucash
| am_cv_scanf_lld=${am_cv_scanf_lld=yes}
| 
| # guile
| ac_cv_func_pthread_attr_getstack=${ac_cv_func_pthread_attr_getstack=yes}
| 
| #gcc-zlib
| ac_cv_func_getpagesize=${ac_cv_func_getpagesize=yes}
| ac_cv_func_memcpy=${ac_cv_func_memcpy=yes}
| ac_cv_func_strerror=${ac_cv_func_strerror=yes}
| 
| # squid
| ac_cv_af_unix_large_dgram=${ac_cv_af_unix_large_dgram=yes}
| ac_cv_func_setresuid=${ac_cv_func_setresuid=yes}
| ac_cv_func_va_copy=${ac_cv_func_va_copy=yes}
| ac_cv_func___va_copy=${ac_cv_func___va_copy=yes}
| ac_cv_epoll_works=${ac_cv_epoll_works=yes}
| 
| ac_cv_check_sjlj=ssjlj
| 
| # m4
| gt_cv_locale_fr=${gt_cv_locale_fr=fr_FR}
| gl_cv_func_btowc_eof=${gl_cv_func_btowc_eof=yes}
| gl_cv_func_wcrtomb_retval=${gl_cv_func_wcrtomb_retval=yes}
| gl_cv_func_wctob_works=${gl_cv_func_wctob_works=yes}
| gl_cv_func_mbrtowc_incomplete_state=${gl_cv_func_mbrtowc_incomplete_state=yes}
| gl_cv_func_mbrtowc_sanitycheck=${gl_cv_func_mbrtowc_sanitycheck=yes}
| gl_cv_func_mbrtowc_null_arg=${gl_cv_func_mbrtowc_null_arg=yes}
| gl_cv_func_mbrtowc_retval=${gl_cv_func_mbrtowc_retval=yes}
| gl_cv_func_mbrtowc_nul_retval=${gl_cv_func_mbrtowc_nul_retval=yes}
| 
| # va_copy and _va_copy
| ac_cv_va_copy=${ac_cv_va_copy=yes}
| ac_cv___va_copy=${ac_cv___va_copy=yes}
| ac_cv_func_va_copy=${ac_cv_func_va_copy=yes}
| ac_cv_func___va_copy=${ac_cv_func___va_copy=yes}
| 
| # Xorg
| xorg_cv_malloc0_returns_null=${xorg_cv_malloc0_returns_null=yes}
| ac_cv_func_setvbuf_reversed=no
| ac_cv_sizeof___int64=${ac_cv_sizeof___int64=0}
| ac_cv_sizeof_char=${ac_cv_sizeof_char=1}
| ac_cv_sizeof_wchar_t=${ac_cv_sizeof_wchar_t=1}
| ac_cv_sizeof_unsigned_char=${ac_cv_sizeof_unsigned_char=1}
| ac_cv_sizeof_char_p=${ac_cv_sizeof_int_p=4}
| ac_cv_sizeof_int=${ac_cv_sizeof_int=4}
| ac_cv_sizeof_int_p=${ac_cv_sizeof_int_p=4}
| ac_cv_sizeof_long=${ac_cv_sizeof_long=4}
| ac_cv_sizeof_long_int=${ac_cv_sizeof_long_int=4}
| ac_cv_sizeof_long_long=${ac_cv_sizeof_long_long=8}
| ac_cv_sizeof_short=${ac_cv_sizeof_short=2}
| ac_cv_sizeof_short_int=${ac_cv_sizeof_short_int=2}
| ac_cv_sizeof_size_t=${ac_cv_sizeof_size_t=4}
| ac_cv_sizeof_void_p=${ac_cv_sizeof_void_p=4}
| ac_cv_sizeof_long_p=${ac_cv_sizeof_long_p=4}
| ac_cv_sizeof_float=${ac_cv_sizeof_float=4}
| ac_cv_sizeof_double=${ac_cv_sizeof_double=8}
| ac_cv_sizeof_long_double=${ac_cv_sizeof_long_double=8}
| ac_cv_sizeof_ptrdiff_t=${glib_cv_sizeof_ptrdiff_t=4}
| ac_cv_sizeof_unsigned_short=${ac_cv_sizeof_unsigned_short=2}
| ac_cv_sizeof_unsigned=${ac_cv_sizeof_unsigned=4}
| ac_cv_sizeof_unsigned_int=${ac_cv_sizeof_unsigned_int=4}
| ac_cv_sizeof_unsigned_long=${ac_cv_sizeof_unsigned_long=4}
| ac_cv_sizeof_unsigned_long_long=${ac_cv_sizeof_unsigned_long_long=8}
| ac_cv_sizeof_signed_char=${ac_cv_sizeof_signed_char=1}
| 
| ac_cv_uchar=${ac_cv_uchar=no}
| ac_cv_uint=${ac_cv_uint=yes}
| ac_cv_ulong=${ac_cv_ulong=yes}
| ac_cv_ushort=${ac_cv_ushort=yes}
| ac_cv_time_r_type=${ac_cv_time_r_type=POSIX}
| 
| # samba
| samba_cv_BROKEN_NISPLUS_INCLUDE_FILES=${samba_cv_BROKEN_NISPLUS_INCLUDE_FILES=yes}
| samba_cv_BROKEN_REDHAT_7_SYSTEM_HEADERS=${samba_cv_BROKEN_REDHAT_7_SYSTEM_HEADERS=no}
| samba_cv_HAVE_BROKEN_FCNTL64_LOCKS=${samba_cv_HAVE_BROKEN_FCNTL64_LOCKS=no}
| samba_cv_HAVE_BROKEN_GETGROUPS=${samba_cv_HAVE_BROKEN_GETGROUPS=no}
| samba_cv_HAVE_BROKEN_LINUX_SENDFILE=${samba_cv_HAVE_BROKEN_LINUX_SENDFILE=yes}
| samba_cv_HAVE_BROKEN_READDIR=${samba_cv_HAVE_BROKEN_READDIR=yes}
| samba_cv_HAVE_BROKEN_READDIR_NAME=${samba_cv_HAVE_BROKEN_READDIR_NAME=no}
| samba_cv_HAVE_C99_VSNPRINTF=${samba_cv_HAVE_C99_VSNPRINTF=yes}
| samba_cv_HAVE_DEV64_T=${samba_cv_HAVE_DEV64_T=no}
| samba_cv_HAVE_DEVICE_MAJOR_FN=${samba_cv_HAVE_DEVICE_MAJOR_FN=yes}
| samba_cv_HAVE_DEVICE_MINOR_FN=${samba_cv_HAVE_DEVICE_MINOR_FN=yes}
| samba_cv_HAVE_DQB_FSOFTLIMIT=${samba_cv_HAVE_DQB_FSOFTLIMIT=no}
| samba_cv_HAVE_EXPLICIT_LARGEFILE_SUPPORT=${samba_cv_HAVE_EXPLICIT_LARGEFILE_SUPPORT=yes}
| samba_cv_HAVE_FAM_H=${samba_cv_HAVE_FAM_H=no}
| samba_cv_HAVE_FCNTL_LOCK=${samba_cv_HAVE_FCNTL_LOCK=yes}
| samba_cv_HAVE_FTRUNCATE_EXTEND=${samba_cv_HAVE_FTRUNCATE_EXTEND=yes}
| samba_cv_HAVE_FUNCTION_MACRO=${samba_cv_HAVE_FUNCTION_MACRO=yes}
| samba_cv_HAVE_GETTIMEOFDAY_TZ=${samba_cv_HAVE_GETTIMEOFDAY_TZ=yes}
| samba_cv_HAVE_INO64_T=${samba_cv_HAVE_INO64_T=no}
| samba_cv_HAVE_INT16_FROM_RPC_RPC_H=${samba_cv_HAVE_INT16_FROM_RPC_RPC_H=no}
| samba_cv_HAVE_INT32_FROM_RPC_RPC_H=${samba_cv_HAVE_INT32_FROM_RPC_RPC_H=no}
| samba_cv_HAVE_KERNEL_CHANGE_NOTIFY=${samba_cv_HAVE_KERNEL_CHANGE_NOTIFY=yes}
| samba_cv_HAVE_KERNEL_OPLOCKS_LINUX=${samba_cv_HAVE_KERNEL_OPLOCKS_LINUX=yes}
| samba_cv_HAVE_KERNEL_SHARE_MODES=${samba_cv_HAVE_KERNEL_SHARE_MODES=yes}
| samba_cv_HAVE_MAKEDEV=${samba_cv_HAVE_MAKEDEV=yes}
| samba_cv_HAVE_MMAP=${samba_cv_HAVE_MMAP=yes}
| samba_cv_HAVE_NATIVE_ICONV=${samba_cv_HAVE_NATIVE_ICONV=yes}
| samba_cv_HAVE_OFF64_T=${samba_cv_HAVE_OFF64_T=no}
| samba_cv_HAVE_ROOT=${samba_cv_HAVE_ROOT=yes}
| samba_cv_HAVE_RPC_AUTH_ERROR_CONFLICT=${samba_cv_HAVE_RPC_AUTH_ERROR_CONFLICT=no}
| samba_cv_HAVE_SECURE_MKSTEMP=${samba_cv_HAVE_SECURE_MKSTEMP=yes}
| samba_cv_HAVE_SENDFILE=${samba_cv_HAVE_SENDFILE=yes}
| samba_cv_HAVE_SENDFILE64=${samba_cv_HAVE_SENDFILE64=yes}
| samba_cv_HAVE_SOCK_SIN_LEN=${samba_cv_HAVE_SOCK_SIN_LEN=no}
| samba_cv_HAVE_STAT_ST_BLKSIZE=${samba_cv_HAVE_STAT_ST_BLKSIZE=yes}
| samba_cv_HAVE_STAT_ST_BLOCKS=${samba_cv_HAVE_STAT_ST_BLOCKS=yes}
| samba_cv_HAVE_STRUCT_DIR64=${samba_cv_HAVE_STRUCT_DIR64=no}
| samba_cv_HAVE_STRUCT_DIRENT64=${samba_cv_HAVE_STRUCT_DIRENT64=yes}
| samba_cv_HAVE_STRUCT_FLOCK64=${samba_cv_HAVE_STRUCT_FLOCK64=yes}
| samba_cv_HAVE_TRUNCATED_SALT=${samba_cv_HAVE_TRUNCATED_SALT=no}
| samba_cv_HAVE_UINT16_FROM_RPC_RPC_H=${samba_cv_HAVE_UINT16_FROM_RPC_RPC_H=no}
| samba_cv_HAVE_UINT32_FROM_RPC_RPC_H=${samba_cv_HAVE_UINT32_FROM_RPC_RPC_H=no}
| samba_cv_HAVE_UNSIGNED_CHAR=${samba_cv_HAVE_UNSIGNED_CHAR=yes}
| samba_cv_HAVE_UTIMBUF=${samba_cv_HAVE_UTIMBUF=yes}
| samba_cv_HAVE_UT_UT_ADDR=${samba_cv_HAVE_UT_UT_ADDR=yes}
| samba_cv_HAVE_UT_UT_EXIT=${samba_cv_HAVE_UT_UT_EXIT=yes}
| samba_cv_HAVE_UT_UT_HOST=${samba_cv_HAVE_UT_UT_HOST=yes}
| samba_cv_HAVE_UT_UT_ID=${samba_cv_HAVE_UT_UT_ID=yes}
| samba_cv_HAVE_UT_UT_NAME=${samba_cv_HAVE_UT_UT_NAME=yes}
| samba_cv_HAVE_UT_UT_PID=${samba_cv_HAVE_UT_UT_PID=yes}
| samba_cv_HAVE_UT_UT_TIME=${samba_cv_HAVE_UT_UT_TIME=yes}
| samba_cv_HAVE_UT_UT_TV=${samba_cv_HAVE_UT_UT_TV=yes}
| samba_cv_HAVE_UT_UT_TYPE=${samba_cv_HAVE_UT_UT_TYPE=yes}
| samba_cv_HAVE_UT_UT_USER=${samba_cv_HAVE_UT_UT_USER=yes}
| samba_cv_HAVE_UX_UT_SYSLEN=${samba_cv_HAVE_UX_UT_SYSLEN=no}
| samba_cv_HAVE_VA_COPY=${samba_cv_HAVE_VA_COPY=yes}
| samba_cv_HAVE_WORKING_AF_LOCAL=${samba_cv_HAVE_WORKING_AF_LOCAL=yes}
| samba_cv_HAVE_Werror=${samba_cv_HAVE_Werror=yes}
| samba_cv_PUTUTLINE_RETURNS_UTMP=${samba_cv_PUTUTLINE_RETURNS_UTMP=yes}
| samba_cv_QUOTA_WORKS=${samba_cv_QUOTA_WORKS=yes}
| samba_cv_REALPATH_TAKES_NULL=${samba_cv_REALPATH_TAKES_NULL=yes}
| samba_cv_REPLACE_GETPASS=${samba_cv_REPLACE_GETPASS=yes}
| samba_cv_REPLACE_INET_NTOA=${samba_cv_REPLACE_INET_NTOA=no}
| samba_cv_REPLACE_READDIR=${samba_cv_REPLACE_READDIR=no}
| samba_cv_RUN_QUOTA_TESTS=${samba_cv_RUN_QUOTA_TESTS=yes}
| samba_cv_SEEKDIR_RETURNS_VOID=${samba_cv_SEEKDIR_RETURNS_VOID=yes}
| samba_cv_SIZEOF_DEV_T=${samba_cv_SIZEOF_DEV_T=yes}
| samba_cv_SIZEOF_INO_T=${samba_cv_SIZEOF_INO_T=yes}
| samba_cv_SIZEOF_OFF_T=${samba_cv_SIZEOF_OFF_T=yes}
| samba_cv_SYSCONF_SC_NGROUPS_MAX=${samba_cv_SYSCONF_SC_NGROUPS_MAX=yes}
| samba_cv_SYSCONF_SC_NPROCESSORS_ONLN=${samba_cv_SYSCONF_SC_NPROCESSORS_ONLN=yes}
| samba_cv_SYSCONF_SC_NPROC_ONLN=${samba_cv_SYSCONF_SC_NPROC_ONLN=no}
| samba_cv_SYSCONF_SC_PAGESIZE=${samba_cv_SYSCONF_SC_PAGESIZE=yes}
| samba_cv_SYSQUOTA_FOUND=${samba_cv_SYSQUOTA_FOUND=yes}
| samba_cv_SYSQUOTA_WORKS=${samba_cv_SYSQUOTA_WORKS=yes}
| samba_cv_SYSQUOTA_WORKS_XFS=${samba_cv_SYSQUOTA_WORKS_XFS=yes}
| samba_cv_TRY_QUOTAS=${samba_cv_TRY_QUOTAS=no}
| samba_cv_TRY_SYS_QUOTAS=${samba_cv_TRY_SYS_QUOTAS=yes}
| samba_cv_USE_SETRESUID=${samba_cv_USE_SETRESUID=yes}
| samba_cv_WE_USE_SYS_QUOTAS=${samba_cv_WE_USE_SYS_QUOTAS=yes}
| samba_cv_WITH_AFS=${samba_cv_WITH_AFS=no}
| samba_cv_WITH_FAKE_KASERVER=${samba_cv_WITH_FAKE_KASERVER=no}
| samba_cv_WITH_QUOTAS=${samba_cv_WITH_QUOTAS=auto}
| samba_cv_WITH_SYS_QUOTAS=${samba_cv_WITH_SYS_QUOTAS=auto}
| samba_cv_WITH_VFS_AFSACL=${samba_cv_WITH_VFS_AFSACL=no}
| samba_cv_compiler_supports_ll=${samba_cv_compiler_supports_ll=yes}
| samba_cv_found_xfs_header=${samba_cv_found_xfs_header=yes}
| samba_cv_have_longlong=${samba_cv_have_longlong=yes}
| samba_cv_have_setresgid=${samba_cv_have_setresgid=yes}
| samba_cv_have_setresuid=${samba_cv_have_setresuid=yes}
| samba_cv_immediate_structures=${samba_cv_immediate_structures=yes}
| samba_cv_optimize_out_funcation_calls=${samba_cv_optimize_out_funcation_calls=yes}
| samba_cv_sig_atomic_t=${samba_cv_sig_atomic_t=yes}
| samba_cv_socklen_t=${samba_cv_socklen_t=yes}
| samba_cv_struct_timespec=${samba_cv_struct_timespec=yes}
| samba_cv_sysquotas_file=${samba_cv_sysquotas_file=lib/sysquotas_linux.c}
| samba_cv_unixsocket=${samba_cv_unixsocket=yes}
| samba_cv_volatile=${samba_cv_volatile=yes}
| 
| #older sambe defines
| samba_cv_USE_SETEUID=${samba_cv_USE_SETEUID=yes}
| samba_cv_USE_SETREUID=${samba_cv_USE_SETREUID=yes}
| samba_cv_USE_SETUIDX=${samba_cv_USE_SETUIDX=yes}
| samba_cv_LINUX_LFS_SUPPORT=${samba_cv_LINUX_LFS_SUPPORT=yes}
| 
| # clamav
| clamav_av_func_working_snprintf_long=${clamav_av_func_working_snprintf_long=yes}
| clamav_av_have_in_port_t=${clamav_av_have_in_port_t=yes}
| clamav_av_have_in_addr_t=${clamav_av_have_in_addr_t=yes}
| 
| #dbus
| ac_cv_have_abstract_sockets=${ac_cv_have_abstract_sockets=yes}
| 
| # lftp
| ac_cv_file___dev_ptc_=yes
| 
| # guile
| ac_cv_func_pthread_attr_getstack=${ac_cv_func_pthread_attr_getstack=yes}
| 
| # gnet
| ac_cv_member_struct_sockaddr_sa_len=${ac_cv_member_struct_sockaddr_sa_len=no}
| ac_cv_gnet_have_abstract_sockets=${ac_cv_gnet_have_abstract_sockets=no}
| gnet_sockaddr_family_field_name=${gnet_sockaddr_family_field_name=ss_family}
| # libelf
| mr_cv_target_elf=${mr_cv_target_elf=yes}
| 
| # Normally kernels have /dev/random enabled
| ac_cv_file__dev_random=${ac_cv_file__dev_random=yes}
| 
| # Avoid sudo to assume void for unsetenv in cross environment, or else it conflicts with
| # target stdlib.h prototype which follows POSIX compiliance. Mark for upstream.
| sudo_cv_func_unsetenv_void=no
| 
| # shadow dir info, to avoid searching build system
| shadow_cv_maildir=${localstatedir}/spool/mail
| shadow_cv_mailfile=Mailbox
| shadow_cv_utmpdir=${localstatedir}/run
| shadow_cv_logdir=${localstatedir}/log
| shadow_cv_passwd_dir=${bindir}
| 
| # python: deactivate a runtime check for ipv6-support in python >=2.7.1 that fails when cross-compiling
| ac_cv_buggy_getaddrinfo=no
| 
| ac_cv_path_SED=${ac_cv_path_SED=sed}
configure:2539: checking build system type
configure:2553: result: x86_64-pc-linux-gnu
configure:2573: checking host system type
configure:2586: result: arm-ostl-linux-gnueabi
configure:2618: checking for arm-ostl-linux-gnueabi-gcc
configure:2645: result: arm-ostl-linux-gnueabi-gcc  -mthumb -mfpu=neon-vfpv4 -mfloat-abi=hard -mcpu=cortex-a7 --sysroot=/opt/st/stm32mp1/3.1-snapshot/sysroots/cortexa7t2hf-neon-vfpv4-ostl-linux-gnueabi
configure:2914: checking for C compiler version
configure:2923: arm-ostl-linux-gnueabi-gcc  -mthumb -mfpu=neon-vfpv4 -mfloat-abi=hard -mcpu=cortex-a7 --sysroot=/opt/st/stm32mp1/3.1-snapshot/sysroots/cortexa7t2hf-neon-vfpv4-ostl-linux-gnueabi --version >&5
arm-ostl-linux-gnueabi-gcc (GCC) 9.3.0
Copyright (C) 2019 Free Software Foundation, Inc.
This is free software; see the source for copying conditions.  There is NO
warranty; not even for MERCHANTABILITY or FITNESS FOR A PARTICULAR PURPOSE.

configure:2934: $? = 0
configure:2923: arm-ostl-linux-gnueabi-gcc  -mthumb -mfpu=neon-vfpv4 -mfloat-abi=hard -mcpu=cortex-a7 --sysroot=/opt/st/stm32mp1/3.1-snapshot/sysroots/cortexa7t2hf-neon-vfpv4-ostl-linux-gnueabi -v >&5
Using built-in specs.
COLLECT_GCC=arm-ostl-linux-gnueabi-gcc
COLLECT_LTO_WRAPPER=/opt/st/stm32mp1/3.1-snapshot/sysroots/x86_64-ostl_sdk-linux/usr/libexec/arm-ostl-linux-gnueabi/gcc/arm-ostl-linux-gnueabi/9.3.0/lto-wrapper
Target: arm-ostl-linux-gnueabi
Configured with: ../../../../../../work-shared/gcc-9.3.0-r0/gcc-9.3.0/configure --build=x86_64-linux --host=x86_64-ostl_sdk-linux --target=arm-ostl-linux-gnueabi --prefix=/opt/st/stm32mp1/3.1-snapshot/sysroots/x86_64-ostl_sdk-linux/usr --exec_prefix=/opt/st/stm32mp1/3.1-snapshot/sysroots/x86_64-ostl_sdk-linux/usr --bindir=/opt/st/stm32mp1/3.1-snapshot/sysroots/x86_64-ostl_sdk-linux/usr/bin/arm-ostl-linux-gnueabi --sbindir=/opt/st/stm32mp1/3.1-snapshot/sysroots/x86_64-ostl_sdk-linux/usr/bin/arm-ostl-linux-gnueabi --libexecdir=/opt/st/stm32mp1/3.1-snapshot/sysroots/x86_64-ostl_sdk-linux/usr/libexec/arm-ostl-linux-gnueabi --datadir=/opt/st/stm32mp1/3.1-snapshot/sysroots/x86_64-ostl_sdk-linux/usr/share --sysconfdir=/opt/st/stm32mp1/3.1-snapshot/sysroots/x86_64-ostl_sdk-linux/etc --sharedstatedir=/opt/st/stm32mp1/3.1-snapshot/sysroots/x86_64-ostl_sdk-linux/com --localstatedir=/opt/st/stm32mp1/3.1-snapshot/sysroots/x86_64-ostl_sdk-linux/var --libdir=/opt/st/stm32mp1/3.1-snapshot/sysroots/x86_64-ostl_sdk-linux/usr/lib/arm-ostl-linux-gnueabi --includedir=/opt/st/stm32mp1/3.1-snapshot/sysroots/x86_64-ostl_sdk-linux/usr/include --oldincludedir=/opt/st/stm32mp1/3.1-snapshot/sysroots/x86_64-ostl_sdk-linux/usr/include --infodir=/opt/st/stm32mp1/3.1-snapshot/sysroots/x86_64-ostl_sdk-linux/usr/share/info --mandir=/opt/st/stm32mp1/3.1-snapshot/sysroots/x86_64-ostl_sdk-linux/usr/share/man --disable-silent-rules --disable-dependency-tracking --with-libtool-sysroot=/home/alientek/alientek/build-openstlinux-weston-stm32mp1-Qt5.12.9/tmp-glibc/work/x86_64-nativesdk-ostl_sdk-linux/gcc-cross-canadian-arm/9.3.0-r0/recipe-sysroot --with-gnu-ld --enable-shared --enable-languages=c,c++ --enable-threads=posix --enable-multilib --enable-c99 --enable-long-long --enable-symvers=gnu --enable-libstdcxx-pch --program-prefix=arm-ostl-linux-gnueabi- --without-local-prefix --disable-install-libiberty --enable-lto --disable-libssp --enable-libitm --disable-bootstrap --disable-libmudflap --with-system-zlib --with-linker-hash-style=gnu --enable-linker-build-id --with-ppl=no --with-cloog=no --enable-checking=release --enable-cheaders=c_global --without-isl --with-gxx-include-dir=/not/exist/usr/include/c++/9.3.0 --with-build-time-tools=/home/alientek/alientek/build-openstlinux-weston-stm32mp1-Qt5.12.9/tmp-glibc/work/x86_64-nativesdk-ostl_sdk-linux/gcc-cross-canadian-arm/9.3.0-r0/recipe-sysroot-native/usr/arm-ostl-linux-gnueabi/bin --with-sysroot=/not/exist --with-build-sysroot=/home/alientek/alientek/build-openstlinux-weston-stm32mp1-Qt5.12.9/tmp-glibc/work/x86_64-nativesdk-ostl_sdk-linux/gcc-cross-canadian-arm/9.3.0-r0/recipe-sysroot --enable-poison-system-directories --disable-static --enable-nls --with-glibc-version=2.28 --enable-initfini-array
Thread model: posix
gcc version 9.3.0 (GCC) 
configure:2934: $? = 0
configure:2923: arm-ostl-linux-gnueabi-gcc  -mthumb -mfpu=neon-vfpv4 -mfloat-abi=hard -mcpu=cortex-a7 --sysroot=/opt/st/stm32mp1/3.1-snapshot/sysroots/cortexa7t2hf-neon-vfpv4-ostl-linux-gnueabi -V >&5
arm-ostl-linux-gnueabi-gcc: error: unrecognized command line option '-V'
arm-ostl-linux-gnueabi-gcc: fatal error: no input files
compilation terminated.
configure:2934: $? = 1
configure:2923: arm-ostl-linux-gnueabi-gcc  -mthumb -mfpu=neon-vfpv4 -mfloat-abi=hard -mcpu=cortex-a7 --sysroot=/opt/st/stm32mp1/3.1-snapshot/sysroots/cortexa7t2hf-neon-vfpv4-ostl-linux-gnueabi -qversion >&5
arm-ostl-linux-gnueabi-gcc: error: unrecognized command line option '-qversion'; did you mean '--version'?
arm-ostl-linux-gnueabi-gcc: fatal error: no input files
compilation terminated.
configure:2934: $? = 1
configure:2954: checking whether the C compiler works
configure:2976: arm-ostl-linux-gnueabi-gcc  -mthumb -mfpu=neon-vfpv4 -mfloat-abi=hard -mcpu=cortex-a7 --sysroot=/opt/st/stm32mp1/3.1-snapshot/sysroots/cortexa7t2hf-neon-vfpv4-ostl-linux-gnueabi  -O2 -pipe -g -feliminate-unused-debug-types   -Wl,-O1 -Wl,--hash-style=gnu -Wl,--as-needed conftest.c  >&5
configure:2980: $? = 0
configure:3028: result: yes
configure:3031: checking for C compiler default output file name
configure:3033: result: a.out
configure:3039: checking for suffix of executables
configure:3046: arm-ostl-linux-gnueabi-gcc  -mthumb -mfpu=neon-vfpv4 -mfloat-abi=hard -mcpu=cortex-a7 --sysroot=/opt/st/stm32mp1/3.1-snapshot/sysroots/cortexa7t2hf-neon-vfpv4-ostl-linux-gnueabi -o conftest  -O2 -pipe -g -feliminate-unused-debug-types   -Wl,-O1 -Wl,--hash-style=gnu -Wl,--as-needed conftest.c  >&5
configure:3050: $? = 0
configure:3072: result: 
configure:3094: checking whether we are cross compiling
configure:3102: arm-ostl-linux-gnueabi-gcc  -mthumb -mfpu=neon-vfpv4 -mfloat-abi=hard -mcpu=cortex-a7 --sysroot=/opt/st/stm32mp1/3.1-snapshot/sysroots/cortexa7t2hf-neon-vfpv4-ostl-linux-gnueabi -o conftest  -O2 -pipe -g -feliminate-unused-debug-types   -Wl,-O1 -Wl,--hash-style=gnu -Wl,--as-needed conftest.c  >&5
configure:3106: $? = 0
configure:3113: ./conftest
./configure: line 3115: ./conftest: cannot execute binary file: Exec format error
configure:3117: $? = 126
configure:3132: result: yes
configure:3137: checking for suffix of object files
configure:3159: arm-ostl-linux-gnueabi-gcc  -mthumb -mfpu=neon-vfpv4 -mfloat-abi=hard -mcpu=cortex-a7 --sysroot=/opt/st/stm32mp1/3.1-snapshot/sysroots/cortexa7t2hf-neon-vfpv4-ostl-linux-gnueabi -c  -O2 -pipe -g -feliminate-unused-debug-types   conftest.c >&5
configure:3163: $? = 0
configure:3184: result: o
configure:3188: checking whether we are using the GNU C compiler
configure:3207: arm-ostl-linux-gnueabi-gcc  -mthumb -mfpu=neon-vfpv4 -mfloat-abi=hard -mcpu=cortex-a7 --sysroot=/opt/st/stm32mp1/3.1-snapshot/sysroots/cortexa7t2hf-neon-vfpv4-ostl-linux-gnueabi -c  -O2 -pipe -g -feliminate-unused-debug-types   conftest.c >&5
configure:3207: $? = 0
configure:3216: result: yes
configure:3225: checking whether arm-ostl-linux-gnueabi-gcc  -mthumb -mfpu=neon-vfpv4 -mfloat-abi=hard -mcpu=cortex-a7 --sysroot=/opt/st/stm32mp1/3.1-snapshot/sysroots/cortexa7t2hf-neon-vfpv4-ostl-linux-gnueabi accepts -g
configure:3245: arm-ostl-linux-gnueabi-gcc  -mthumb -mfpu=neon-vfpv4 -mfloat-abi=hard -mcpu=cortex-a7 --sysroot=/opt/st/stm32mp1/3.1-snapshot/sysroots/cortexa7t2hf-neon-vfpv4-ostl-linux-gnueabi -c -g  conftest.c >&5
configure:3245: $? = 0
configure:3286: result: yes
configure:3303: checking for arm-ostl-linux-gnueabi-gcc  -mthumb -mfpu=neon-vfpv4 -mfloat-abi=hard -mcpu=cortex-a7 --sysroot=/opt/st/stm32mp1/3.1-snapshot/sysroots/cortexa7t2hf-neon-vfpv4-ostl-linux-gnueabi option to accept ISO C89
configure:3366: arm-ostl-linux-gnueabi-gcc  -mthumb -mfpu=neon-vfpv4 -mfloat-abi=hard -mcpu=cortex-a7 --sysroot=/opt/st/stm32mp1/3.1-snapshot/sysroots/cortexa7t2hf-neon-vfpv4-ostl-linux-gnueabi  -c  -O2 -pipe -g -feliminate-unused-debug-types   conftest.c >&5
configure:3366: $? = 0
configure:3379: result: none needed
configure:3404: checking how to run the C preprocessor
configure:3474: result: arm-ostl-linux-gnueabi-gcc -E  -mthumb -mfpu=neon-vfpv4 -mfloat-abi=hard -mcpu=cortex-a7 --sysroot=/opt/st/stm32mp1/3.1-snapshot/sysroots/cortexa7t2hf-neon-vfpv4-ostl-linux-gnueabi
configure:3494: arm-ostl-linux-gnueabi-gcc -E  -mthumb -mfpu=neon-vfpv4 -mfloat-abi=hard -mcpu=cortex-a7 --sysroot=/opt/st/stm32mp1/3.1-snapshot/sysroots/cortexa7t2hf-neon-vfpv4-ostl-linux-gnueabi  conftest.c
configure:3494: $? = 0
configure:3508: arm-ostl-linux-gnueabi-gcc -E  -mthumb -mfpu=neon-vfpv4 -mfloat-abi=hard -mcpu=cortex-a7 --sysroot=/opt/st/stm32mp1/3.1-snapshot/sysroots/cortexa7t2hf-neon-vfpv4-ostl-linux-gnueabi  conftest.c
conftest.c:9:10: fatal error: ac_nonexistent.h: No such file or directory
    9 | #include <ac_nonexistent.h>
      |          ^~~~~~~~~~~~~~~~~~
compilation terminated.
configure:3508: $? = 1
configure: failed program was:
| /* confdefs.h */
| #define PACKAGE_NAME "FreeType"
| #define PACKAGE_TARNAME "freetype"
| #define PACKAGE_VERSION "2.8"
| #define PACKAGE_STRING "FreeType 2.8"
| #define PACKAGE_BUGREPORT "freetype@nongnu.org"
| #define PACKAGE_URL ""
| /* end confdefs.h.  */
| #include <ac_nonexistent.h>
configure:3549: checking for arm-ostl-linux-gnueabi-pkg-config
configure:3582: result: no
configure:3592: checking for pkg-config
configure:3610: found /opt/st/stm32mp1/3.1-snapshot/sysroots/x86_64-ostl_sdk-linux/usr/bin/pkg-config
configure:3622: result: /opt/st/stm32mp1/3.1-snapshot/sysroots/x86_64-ostl_sdk-linux/usr/bin/pkg-config
configure:3634: WARNING: using cross tools not prefixed with host triplet
configure:3647: checking pkg-config is at least version 0.24
configure:3650: result: yes
configure:3705: checking how to print strings
configure:3732: result: printf
configure:3753: checking for a sed that does not truncate output
configure:3817: result: sed
configure:3835: checking for grep that handles long lines and -e
configure:3893: result: /bin/grep
configure:3898: checking for egrep
configure:3960: result: /bin/grep -E
configure:3965: checking for fgrep
configure:4027: result: /bin/grep -F
configure:4062: checking for ld used by arm-ostl-linux-gnueabi-gcc  -mthumb -mfpu=neon-vfpv4 -mfloat-abi=hard -mcpu=cortex-a7 --sysroot=/opt/st/stm32mp1/3.1-snapshot/sysroots/cortexa7t2hf-neon-vfpv4-ostl-linux-gnueabi
configure:4129: result: arm-ostl-linux-gnueabi-ld  --sysroot=/opt/st/stm32mp1/3.1-snapshot/sysroots/cortexa7t2hf-neon-vfpv4-ostl-linux-gnueabi
configure:4136: checking if the linker (arm-ostl-linux-gnueabi-ld  --sysroot=/opt/st/stm32mp1/3.1-snapshot/sysroots/cortexa7t2hf-neon-vfpv4-ostl-linux-gnueabi) is GNU ld
configure:4151: result: yes
configure:4163: checking for BSD- or MS-compatible name lister (nm)
configure:4217: result: arm-ostl-linux-gnueabi-nm
configure:4347: checking the name lister (arm-ostl-linux-gnueabi-nm) interface
configure:4354: arm-ostl-linux-gnueabi-gcc  -mthumb -mfpu=neon-vfpv4 -mfloat-abi=hard -mcpu=cortex-a7 --sysroot=/opt/st/stm32mp1/3.1-snapshot/sysroots/cortexa7t2hf-neon-vfpv4-ostl-linux-gnueabi -c  -O2 -pipe -g -feliminate-unused-debug-types   conftest.c >&5
configure:4357: arm-ostl-linux-gnueabi-nm "conftest.o"
configure:4360: output
00000000 B some_variable
configure:4367: result: BSD nm
configure:4370: checking whether ln -s works
configure:4374: result: yes
configure:4382: checking the maximum length of command line arguments
configure:4513: result: 1572864
configure:4561: checking how to convert x86_64-pc-linux-gnu file names to arm-ostl-linux-gnueabi format
configure:4601: result: func_convert_file_noop
configure:4608: checking how to convert x86_64-pc-linux-gnu file names to toolchain format
configure:4628: result: func_convert_file_noop
configure:4635: checking for arm-ostl-linux-gnueabi-ld  --sysroot=/opt/st/stm32mp1/3.1-snapshot/sysroots/cortexa7t2hf-neon-vfpv4-ostl-linux-gnueabi option to reload object files
configure:4642: result: -r
configure:4676: checking for arm-ostl-linux-gnueabi-objdump
configure:4703: result: arm-ostl-linux-gnueabi-objdump
configure:4772: checking how to recognize dependent libraries
configure:4972: result: pass_all
configure:5017: checking for arm-ostl-linux-gnueabi-dlltool
configure:5047: result: no
configure:5057: checking for dlltool
configure:5087: result: no
configure:5114: checking how to associate runtime and link libraries
configure:5141: result: printf %s\n
configure:5158: checking for arm-ostl-linux-gnueabi-ar
configure:5185: result: arm-ostl-linux-gnueabi-ar
configure:5266: checking for archiver @FILE support
configure:5283: arm-ostl-linux-gnueabi-gcc  -mthumb -mfpu=neon-vfpv4 -mfloat-abi=hard -mcpu=cortex-a7 --sysroot=/opt/st/stm32mp1/3.1-snapshot/sysroots/cortexa7t2hf-neon-vfpv4-ostl-linux-gnueabi -c  -O2 -pipe -g -feliminate-unused-debug-types   conftest.c >&5
configure:5283: $? = 0
configure:5286: arm-ostl-linux-gnueabi-ar cru libconftest.a @conftest.lst >&5
arm-ostl-linux-gnueabi-ar: `u' modifier ignored since `D' is the default (see `U')
configure:5289: $? = 0
configure:5294: arm-ostl-linux-gnueabi-ar cru libconftest.a @conftest.lst >&5
arm-ostl-linux-gnueabi-ar: `u' modifier ignored since `D' is the default (see `U')
arm-ostl-linux-gnueabi-ar: conftest.o: No such file or directory
configure:5297: $? = 1
configure:5309: result: @
configure:5327: checking for arm-ostl-linux-gnueabi-strip
configure:5354: result: arm-ostl-linux-gnueabi-strip
configure:5426: checking for arm-ostl-linux-gnueabi-ranlib
configure:5453: result: arm-ostl-linux-gnueabi-ranlib
configure:5570: checking for gawk
configure:5600: result: no
configure:5570: checking for mawk
configure:5586: found /usr/bin/mawk
configure:5597: result: mawk
configure:5637: checking command to parse arm-ostl-linux-gnueabi-nm output from arm-ostl-linux-gnueabi-gcc  -mthumb -mfpu=neon-vfpv4 -mfloat-abi=hard -mcpu=cortex-a7 --sysroot=/opt/st/stm32mp1/3.1-snapshot/sysroots/cortexa7t2hf-neon-vfpv4-ostl-linux-gnueabi object
configure:5790: arm-ostl-linux-gnueabi-gcc  -mthumb -mfpu=neon-vfpv4 -mfloat-abi=hard -mcpu=cortex-a7 --sysroot=/opt/st/stm32mp1/3.1-snapshot/sysroots/cortexa7t2hf-neon-vfpv4-ostl-linux-gnueabi -c  -O2 -pipe -g -feliminate-unused-debug-types   conftest.c >&5
configure:5793: $? = 0
configure:5797: arm-ostl-linux-gnueabi-nm conftest.o \| sed -n -e 's/^.*[ ]\([ABCDGIRSTW][ABCDGIRSTW]*\)[ ][ ]*\([_A-Za-z][_A-Za-z0-9]*\)$/\1 \2 \2/p' | sed '/ __gnu_lto/d' \> conftest.nm
configure:5800: $? = 0
configure:5866: arm-ostl-linux-gnueabi-gcc  -mthumb -mfpu=neon-vfpv4 -mfloat-abi=hard -mcpu=cortex-a7 --sysroot=/opt/st/stm32mp1/3.1-snapshot/sysroots/cortexa7t2hf-neon-vfpv4-ostl-linux-gnueabi -o conftest  -O2 -pipe -g -feliminate-unused-debug-types   -Wl,-O1 -Wl,--hash-style=gnu -Wl,--as-needed conftest.c conftstm.o >&5
configure:5869: $? = 0
configure:5907: result: ok
configure:5954: checking for sysroot
configure:5984: result: no
configure:5991: checking for a working dd
configure:6029: result: /bin/dd
configure:6033: checking how to truncate binary pipes
configure:6048: result: /bin/dd bs=4096 count=1
configure:6337: checking for arm-ostl-linux-gnueabi-mt
configure:6367: result: no
configure:6377: checking for mt
configure:6393: found /bin/mt
configure:6404: result: mt
configure:6427: checking if mt is a manifest tool
configure:6433: mt '-?'
configure:6441: result: no
configure:7114: checking for ANSI C header files
configure:7134: arm-ostl-linux-gnueabi-gcc  -mthumb -mfpu=neon-vfpv4 -mfloat-abi=hard -mcpu=cortex-a7 --sysroot=/opt/st/stm32mp1/3.1-snapshot/sysroots/cortexa7t2hf-neon-vfpv4-ostl-linux-gnueabi -c  -O2 -pipe -g -feliminate-unused-debug-types   conftest.c >&5
configure:7134: $? = 0
configure:7218: result: yes
configure:7231: checking for sys/types.h
configure:7231: arm-ostl-linux-gnueabi-gcc  -mthumb -mfpu=neon-vfpv4 -mfloat-abi=hard -mcpu=cortex-a7 --sysroot=/opt/st/stm32mp1/3.1-snapshot/sysroots/cortexa7t2hf-neon-vfpv4-ostl-linux-gnueabi -c  -O2 -pipe -g -feliminate-unused-debug-types   conftest.c >&5
configure:7231: $? = 0
configure:7231: result: yes
configure:7231: checking for sys/stat.h
configure:7231: arm-ostl-linux-gnueabi-gcc  -mthumb -mfpu=neon-vfpv4 -mfloat-abi=hard -mcpu=cortex-a7 --sysroot=/opt/st/stm32mp1/3.1-snapshot/sysroots/cortexa7t2hf-neon-vfpv4-ostl-linux-gnueabi -c  -O2 -pipe -g -feliminate-unused-debug-types   conftest.c >&5
configure:7231: $? = 0
configure:7231: result: yes
configure:7231: checking for stdlib.h
configure:7231: arm-ostl-linux-gnueabi-gcc  -mthumb -mfpu=neon-vfpv4 -mfloat-abi=hard -mcpu=cortex-a7 --sysroot=/opt/st/stm32mp1/3.1-snapshot/sysroots/cortexa7t2hf-neon-vfpv4-ostl-linux-gnueabi -c  -O2 -pipe -g -feliminate-unused-debug-types   conftest.c >&5
configure:7231: $? = 0
configure:7231: result: yes
configure:7231: checking for string.h
configure:7231: arm-ostl-linux-gnueabi-gcc  -mthumb -mfpu=neon-vfpv4 -mfloat-abi=hard -mcpu=cortex-a7 --sysroot=/opt/st/stm32mp1/3.1-snapshot/sysroots/cortexa7t2hf-neon-vfpv4-ostl-linux-gnueabi -c  -O2 -pipe -g -feliminate-unused-debug-types   conftest.c >&5
configure:7231: $? = 0
configure:7231: result: yes
configure:7231: checking for memory.h
configure:7231: arm-ostl-linux-gnueabi-gcc  -mthumb -mfpu=neon-vfpv4 -mfloat-abi=hard -mcpu=cortex-a7 --sysroot=/opt/st/stm32mp1/3.1-snapshot/sysroots/cortexa7t2hf-neon-vfpv4-ostl-linux-gnueabi -c  -O2 -pipe -g -feliminate-unused-debug-types   conftest.c >&5
configure:7231: $? = 0
configure:7231: result: yes
configure:7231: checking for strings.h
configure:7231: arm-ostl-linux-gnueabi-gcc  -mthumb -mfpu=neon-vfpv4 -mfloat-abi=hard -mcpu=cortex-a7 --sysroot=/opt/st/stm32mp1/3.1-snapshot/sysroots/cortexa7t2hf-neon-vfpv4-ostl-linux-gnueabi -c  -O2 -pipe -g -feliminate-unused-debug-types   conftest.c >&5
configure:7231: $? = 0
configure:7231: result: yes
configure:7231: checking for inttypes.h
configure:7231: arm-ostl-linux-gnueabi-gcc  -mthumb -mfpu=neon-vfpv4 -mfloat-abi=hard -mcpu=cortex-a7 --sysroot=/opt/st/stm32mp1/3.1-snapshot/sysroots/cortexa7t2hf-neon-vfpv4-ostl-linux-gnueabi -c  -O2 -pipe -g -feliminate-unused-debug-types   conftest.c >&5
configure:7231: $? = 0
configure:7231: result: yes
configure:7231: checking for stdint.h
configure:7231: arm-ostl-linux-gnueabi-gcc  -mthumb -mfpu=neon-vfpv4 -mfloat-abi=hard -mcpu=cortex-a7 --sysroot=/opt/st/stm32mp1/3.1-snapshot/sysroots/cortexa7t2hf-neon-vfpv4-ostl-linux-gnueabi -c  -O2 -pipe -g -feliminate-unused-debug-types   conftest.c >&5
configure:7231: $? = 0
configure:7231: result: yes
configure:7231: checking for unistd.h
configure:7231: arm-ostl-linux-gnueabi-gcc  -mthumb -mfpu=neon-vfpv4 -mfloat-abi=hard -mcpu=cortex-a7 --sysroot=/opt/st/stm32mp1/3.1-snapshot/sysroots/cortexa7t2hf-neon-vfpv4-ostl-linux-gnueabi -c  -O2 -pipe -g -feliminate-unused-debug-types   conftest.c >&5
configure:7231: $? = 0
configure:7231: result: yes
configure:7245: checking for dlfcn.h
configure:7245: arm-ostl-linux-gnueabi-gcc  -mthumb -mfpu=neon-vfpv4 -mfloat-abi=hard -mcpu=cortex-a7 --sysroot=/opt/st/stm32mp1/3.1-snapshot/sysroots/cortexa7t2hf-neon-vfpv4-ostl-linux-gnueabi -c  -O2 -pipe -g -feliminate-unused-debug-types   conftest.c >&5
configure:7245: $? = 0
configure:7245: result: yes
configure:7799: checking for objdir
configure:7814: result: .libs
configure:8074: checking if arm-ostl-linux-gnueabi-gcc  -mthumb -mfpu=neon-vfpv4 -mfloat-abi=hard -mcpu=cortex-a7 --sysroot=/opt/st/stm32mp1/3.1-snapshot/sysroots/cortexa7t2hf-neon-vfpv4-ostl-linux-gnueabi supports -fno-rtti -fno-exceptions
configure:8092: arm-ostl-linux-gnueabi-gcc  -mthumb -mfpu=neon-vfpv4 -mfloat-abi=hard -mcpu=cortex-a7 --sysroot=/opt/st/stm32mp1/3.1-snapshot/sysroots/cortexa7t2hf-neon-vfpv4-ostl-linux-gnueabi -c  -O2 -pipe -g -feliminate-unused-debug-types   -fno-rtti -fno-exceptions conftest.c >&5
cc1: warning: command line option '-fno-rtti' is valid for C++/D/ObjC++ but not for C
configure:8096: $? = 0
configure:8109: result: no
configure:8467: checking for arm-ostl-linux-gnueabi-gcc  -mthumb -mfpu=neon-vfpv4 -mfloat-abi=hard -mcpu=cortex-a7 --sysroot=/opt/st/stm32mp1/3.1-snapshot/sysroots/cortexa7t2hf-neon-vfpv4-ostl-linux-gnueabi option to produce PIC
configure:8474: result: -fPIC -DPIC
configure:8482: checking if arm-ostl-linux-gnueabi-gcc  -mthumb -mfpu=neon-vfpv4 -mfloat-abi=hard -mcpu=cortex-a7 --sysroot=/opt/st/stm32mp1/3.1-snapshot/sysroots/cortexa7t2hf-neon-vfpv4-ostl-linux-gnueabi PIC flag -fPIC -DPIC works
configure:8500: arm-ostl-linux-gnueabi-gcc  -mthumb -mfpu=neon-vfpv4 -mfloat-abi=hard -mcpu=cortex-a7 --sysroot=/opt/st/stm32mp1/3.1-snapshot/sysroots/cortexa7t2hf-neon-vfpv4-ostl-linux-gnueabi -c  -O2 -pipe -g -feliminate-unused-debug-types   -fPIC -DPIC -DPIC conftest.c >&5
configure:8504: $? = 0
configure:8517: result: yes
configure:8546: checking if arm-ostl-linux-gnueabi-gcc  -mthumb -mfpu=neon-vfpv4 -mfloat-abi=hard -mcpu=cortex-a7 --sysroot=/opt/st/stm32mp1/3.1-snapshot/sysroots/cortexa7t2hf-neon-vfpv4-ostl-linux-gnueabi static flag -static works
configure:8574: result: no
configure:8589: checking if arm-ostl-linux-gnueabi-gcc  -mthumb -mfpu=neon-vfpv4 -mfloat-abi=hard -mcpu=cortex-a7 --sysroot=/opt/st/stm32mp1/3.1-snapshot/sysroots/cortexa7t2hf-neon-vfpv4-ostl-linux-gnueabi supports -c -o file.o
configure:8610: arm-ostl-linux-gnueabi-gcc  -mthumb -mfpu=neon-vfpv4 -mfloat-abi=hard -mcpu=cortex-a7 --sysroot=/opt/st/stm32mp1/3.1-snapshot/sysroots/cortexa7t2hf-neon-vfpv4-ostl-linux-gnueabi -c  -O2 -pipe -g -feliminate-unused-debug-types   -o out/conftest2.o conftest.c >&5
configure:8614: $? = 0
configure:8636: result: yes
configure:8644: checking if arm-ostl-linux-gnueabi-gcc  -mthumb -mfpu=neon-vfpv4 -mfloat-abi=hard -mcpu=cortex-a7 --sysroot=/opt/st/stm32mp1/3.1-snapshot/sysroots/cortexa7t2hf-neon-vfpv4-ostl-linux-gnueabi supports -c -o file.o
configure:8691: result: yes
configure:8724: checking whether the arm-ostl-linux-gnueabi-gcc  -mthumb -mfpu=neon-vfpv4 -mfloat-abi=hard -mcpu=cortex-a7 --sysroot=/opt/st/stm32mp1/3.1-snapshot/sysroots/cortexa7t2hf-neon-vfpv4-ostl-linux-gnueabi linker (arm-ostl-linux-gnueabi-ld  --sysroot=/opt/st/stm32mp1/3.1-snapshot/sysroots/cortexa7t2hf-neon-vfpv4-ostl-linux-gnueabi) supports shared libraries
configure:9983: result: yes
configure:10020: checking whether -lc should be explicitly linked in
configure:10028: arm-ostl-linux-gnueabi-gcc  -mthumb -mfpu=neon-vfpv4 -mfloat-abi=hard -mcpu=cortex-a7 --sysroot=/opt/st/stm32mp1/3.1-snapshot/sysroots/cortexa7t2hf-neon-vfpv4-ostl-linux-gnueabi -c  -O2 -pipe -g -feliminate-unused-debug-types   conftest.c >&5
configure:10031: $? = 0
configure:10046: arm-ostl-linux-gnueabi-gcc  -mthumb -mfpu=neon-vfpv4 -mfloat-abi=hard -mcpu=cortex-a7 --sysroot=/opt/st/stm32mp1/3.1-snapshot/sysroots/cortexa7t2hf-neon-vfpv4-ostl-linux-gnueabi -shared  -fPIC -DPIC conftest.o  -v -Wl,-soname -Wl,conftest -o conftest 2\>\&1 \| /bin/grep  -lc  \>/dev/null 2\>\&1
configure:10049: $? = 0
configure:10063: result: no
configure:10223: checking dynamic linker characteristics
configure:10804: arm-ostl-linux-gnueabi-gcc  -mthumb -mfpu=neon-vfpv4 -mfloat-abi=hard -mcpu=cortex-a7 --sysroot=/opt/st/stm32mp1/3.1-snapshot/sysroots/cortexa7t2hf-neon-vfpv4-ostl-linux-gnueabi -o conftest  -O2 -pipe -g -feliminate-unused-debug-types   -Wl,-O1 -Wl,--hash-style=gnu -Wl,--as-needed -Wl,-rpath -Wl,/foo conftest.c  >&5
configure:10804: $? = 0
configure:11041: result: GNU/Linux ld.so
configure:11163: checking how to hardcode library paths into programs
configure:11188: result: immediate
configure:11736: checking whether stripping libraries is possible
configure:11741: result: yes
configure:11776: checking if libtool supports shared libraries
configure:11778: result: yes
configure:11781: checking whether to build shared libraries
configure:11806: result: yes
configure:11809: checking whether to build static libraries
configure:11813: result: yes
configure:11857: checking for x86_64-pc-linux-gnu-gcc
configure:11887: result: no
configure:11894: checking for gcc
configure:11910: found /usr/bin/gcc
configure:11921: result: gcc
configure:11931: checking for gcc
configure:11975: result: gcc
configure:11985: checking for suffix of native executables
configure:11999: result: 
configure:12029: checking for a BSD-compatible install
configure:12097: result: /usr/bin/install -c
configure:12116: checking for a thread-safe mkdir -p
configure:12155: result: /bin/mkdir -p
configure:12169: checking for ANSI C header files
configure:12273: result: yes
configure:12284: checking fcntl.h usability
configure:12284: arm-ostl-linux-gnueabi-gcc  -mthumb -mfpu=neon-vfpv4 -mfloat-abi=hard -mcpu=cortex-a7 --sysroot=/opt/st/stm32mp1/3.1-snapshot/sysroots/cortexa7t2hf-neon-vfpv4-ostl-linux-gnueabi -c  -O2 -pipe -g -feliminate-unused-debug-types   conftest.c >&5
configure:12284: $? = 0
configure:12284: result: yes
configure:12284: checking fcntl.h presence
configure:12284: arm-ostl-linux-gnueabi-gcc -E  -mthumb -mfpu=neon-vfpv4 -mfloat-abi=hard -mcpu=cortex-a7 --sysroot=/opt/st/stm32mp1/3.1-snapshot/sysroots/cortexa7t2hf-neon-vfpv4-ostl-linux-gnueabi  conftest.c
configure:12284: $? = 0
configure:12284: result: yes
configure:12284: checking for fcntl.h
configure:12284: result: yes
configure:12284: checking for unistd.h
configure:12284: result: yes
configure:12298: checking for an ANSI C-conforming const
configure:12364: arm-ostl-linux-gnueabi-gcc  -mthumb -mfpu=neon-vfpv4 -mfloat-abi=hard -mcpu=cortex-a7 --sysroot=/opt/st/stm32mp1/3.1-snapshot/sysroots/cortexa7t2hf-neon-vfpv4-ostl-linux-gnueabi -c  -O2 -pipe -g -feliminate-unused-debug-types   conftest.c >&5
configure:12364: $? = 0
configure:12371: result: yes
configure:12383: checking size of int
configure:12402: result: 4
configure:12416: checking size of long
configure:12435: result: 4
configure:12446: checking for unsigned long long int
configure:12485: arm-ostl-linux-gnueabi-gcc  -mthumb -mfpu=neon-vfpv4 -mfloat-abi=hard -mcpu=cortex-a7 --sysroot=/opt/st/stm32mp1/3.1-snapshot/sysroots/cortexa7t2hf-neon-vfpv4-ostl-linux-gnueabi -o conftest  -O2 -pipe -g -feliminate-unused-debug-types   -Wl,-O1 -Wl,--hash-style=gnu -Wl,--as-needed conftest.c  >&5
configure:12485: $? = 0
configure:12494: result: yes
configure:12504: checking for long long int
configure:12554: result: yes
configure:12566: checking whether cpp computation of bit length in ftconfig.in works
configure:12623: result: yes
configure:12652: checking for special C compiler options needed for large files
configure:12697: result: no
configure:12703: checking for _FILE_OFFSET_BITS value needed for large files
configure:12728: arm-ostl-linux-gnueabi-gcc  -mthumb -mfpu=neon-vfpv4 -mfloat-abi=hard -mcpu=cortex-a7 --sysroot=/opt/st/stm32mp1/3.1-snapshot/sysroots/cortexa7t2hf-neon-vfpv4-ostl-linux-gnueabi -c  -O2 -pipe -g -feliminate-unused-debug-types   conftest.c >&5
conftest.c:33:33: warning: left shift count >= width of type [-Wshift-count-overflow]
   33 | #define LARGE_OFF_T (((off_t) 1 << 62) - 1 + ((off_t) 1 << 62))
      |                                 ^~
conftest.c:34:23: note: in expansion of macro 'LARGE_OFF_T'
   34 |   int off_t_is_large[(LARGE_OFF_T % 2147483629 == 721
      |                       ^~~~~~~~~~~
conftest.c:33:57: warning: left shift count >= width of type [-Wshift-count-overflow]
   33 | #define LARGE_OFF_T (((off_t) 1 << 62) - 1 + ((off_t) 1 << 62))
      |                                                         ^~
conftest.c:34:23: note: in expansion of macro 'LARGE_OFF_T'
   34 |   int off_t_is_large[(LARGE_OFF_T % 2147483629 == 721
      |                       ^~~~~~~~~~~
conftest.c:33:33: warning: left shift count >= width of type [-Wshift-count-overflow]
   33 | #define LARGE_OFF_T (((off_t) 1 << 62) - 1 + ((off_t) 1 << 62))
      |                                 ^~
conftest.c:35:13: note: in expansion of macro 'LARGE_OFF_T'
   35 |          && LARGE_OFF_T % 2147483647 == 1)
      |             ^~~~~~~~~~~
conftest.c:33:57: warning: left shift count >= width of type [-Wshift-count-overflow]
   33 | #define LARGE_OFF_T (((off_t) 1 << 62) - 1 + ((off_t) 1 << 62))
      |                                                         ^~
conftest.c:35:13: note: in expansion of macro 'LARGE_OFF_T'
   35 |          && LARGE_OFF_T % 2147483647 == 1)
      |             ^~~~~~~~~~~
conftest.c:34:7: error: variably modified 'off_t_is_large' at file scope
   34 |   int off_t_is_large[(LARGE_OFF_T % 2147483629 == 721
      |       ^~~~~~~~~~~~~~
configure:12728: $? = 1
configure: failed program was:
| /* confdefs.h */
| #define PACKAGE_NAME "FreeType"
| #define PACKAGE_TARNAME "freetype"
| #define PACKAGE_VERSION "2.8"
| #define PACKAGE_STRING "FreeType 2.8"
| #define PACKAGE_BUGREPORT "freetype@nongnu.org"
| #define PACKAGE_URL ""
| #define STDC_HEADERS 1
| #define HAVE_SYS_TYPES_H 1
| #define HAVE_SYS_STAT_H 1
| #define HAVE_STDLIB_H 1
| #define HAVE_STRING_H 1
| #define HAVE_MEMORY_H 1
| #define HAVE_STRINGS_H 1
| #define HAVE_INTTYPES_H 1
| #define HAVE_STDINT_H 1
| #define HAVE_UNISTD_H 1
| #define HAVE_DLFCN_H 1
| #define LT_OBJDIR ".libs/"
| #define STDC_HEADERS 1
| #define HAVE_FCNTL_H 1
| #define HAVE_UNISTD_H 1
| #define SIZEOF_INT 4
| #define SIZEOF_LONG 4
| #define HAVE_UNSIGNED_LONG_LONG_INT 1
| #define HAVE_LONG_LONG_INT 1
| /* end confdefs.h.  */
| #include <sys/types.h>
|  /* Check that off_t can represent 2**63 - 1 correctly.
|     We can't simply define LARGE_OFF_T to be 9223372036854775807,
|     since some C++ compilers masquerading as C compilers
|     incorrectly reject 9223372036854775807.  */
| #define LARGE_OFF_T (((off_t) 1 << 62) - 1 + ((off_t) 1 << 62))
|   int off_t_is_large[(LARGE_OFF_T % 2147483629 == 721
| 		       && LARGE_OFF_T % 2147483647 == 1)
| 		      ? 1 : -1];
| int
| main ()
| {
| 
|   ;
|   return 0;
| }
configure:12752: arm-ostl-linux-gnueabi-gcc  -mthumb -mfpu=neon-vfpv4 -mfloat-abi=hard -mcpu=cortex-a7 --sysroot=/opt/st/stm32mp1/3.1-snapshot/sysroots/cortexa7t2hf-neon-vfpv4-ostl-linux-gnueabi -c  -O2 -pipe -g -feliminate-unused-debug-types   conftest.c >&5
configure:12752: $? = 0
configure:12760: result: 64
configure:12862: checking for stdlib.h
configure:12862: result: yes
configure:12862: checking for unistd.h
configure:12862: result: yes
configure:12862: checking for sys/param.h
configure:12862: arm-ostl-linux-gnueabi-gcc  -mthumb -mfpu=neon-vfpv4 -mfloat-abi=hard -mcpu=cortex-a7 --sysroot=/opt/st/stm32mp1/3.1-snapshot/sysroots/cortexa7t2hf-neon-vfpv4-ostl-linux-gnueabi -c  -O2 -pipe -g -feliminate-unused-debug-types   conftest.c >&5
configure:12862: $? = 0
configure:12862: result: yes
configure:12882: checking for getpagesize
configure:12882: result: yes
configure:12891: checking for working mmap
configure:13048: result: yes
configure:13064: checking whether munmap is declared
configure:13064: arm-ostl-linux-gnueabi-gcc  -mthumb -mfpu=neon-vfpv4 -mfloat-abi=hard -mcpu=cortex-a7 --sysroot=/opt/st/stm32mp1/3.1-snapshot/sysroots/cortexa7t2hf-neon-vfpv4-ostl-linux-gnueabi -c  -O2 -pipe -g -feliminate-unused-debug-types   conftest.c >&5
configure:13064: $? = 0
configure:13064: result: yes
configure:13084: checking for munmap's first parameter type
configure:13098: arm-ostl-linux-gnueabi-gcc  -mthumb -mfpu=neon-vfpv4 -mfloat-abi=hard -mcpu=cortex-a7 --sysroot=/opt/st/stm32mp1/3.1-snapshot/sysroots/cortexa7t2hf-neon-vfpv4-ostl-linux-gnueabi -c  -O2 -pipe -g -feliminate-unused-debug-types   conftest.c >&5
configure:13098: $? = 0
configure:13099: result: void *
configure:13116: checking for memcpy
configure:13116: result: yes
configure:13116: checking for memmove
configure:13116: arm-ostl-linux-gnueabi-gcc  -mthumb -mfpu=neon-vfpv4 -mfloat-abi=hard -mcpu=cortex-a7 --sysroot=/opt/st/stm32mp1/3.1-snapshot/sysroots/cortexa7t2hf-neon-vfpv4-ostl-linux-gnueabi -o conftest  -O2 -pipe -g -feliminate-unused-debug-types   -Wl,-O1 -Wl,--hash-style=gnu -Wl,--as-needed conftest.c  >&5
conftest.c:60:6: warning: conflicting types for built-in function 'memmove'; expected 'void *(void *, const void *, unsigned int)' [-Wbuiltin-declaration-mismatch]
   60 | char memmove ();
      |      ^~~~~~~
conftest.c:48:1: note: 'memmove' is declared in header '<string.h>'
   47 | # include <limits.h>
   48 | #else
configure:13116: $? = 0
configure:13116: result: yes
configure:13168: checking gcc compiler flag -pedantic to assure ANSI C works correctly
configure:13195: arm-ostl-linux-gnueabi-gcc  -mthumb -mfpu=neon-vfpv4 -mfloat-abi=hard -mcpu=cortex-a7 --sysroot=/opt/st/stm32mp1/3.1-snapshot/sysroots/cortexa7t2hf-neon-vfpv4-ostl-linux-gnueabi -c  -O2 -pipe -g -feliminate-unused-debug-types   -pedantic  conftest.c >&5
configure:13195: $? = 0
configure:13196: result: ok, add it to XX_ANSIFLAGS
configure:13168: checking gcc compiler flag -ansi to assure ANSI C works correctly
configure:13195: arm-ostl-linux-gnueabi-gcc  -mthumb -mfpu=neon-vfpv4 -mfloat-abi=hard -mcpu=cortex-a7 --sysroot=/opt/st/stm32mp1/3.1-snapshot/sysroots/cortexa7t2hf-neon-vfpv4-ostl-linux-gnueabi -c  -O2 -pipe -g -feliminate-unused-debug-types   -pedantic -ansi  conftest.c >&5
configure:13195: $? = 0
configure:13196: result: ok, add it to XX_ANSIFLAGS
configure:13270: checking for ZLIB
configure:13335: result: yes
configure:13610: checking for LIBPNG
configure:13675: result: yes
configure:14628: creating ./config.status

## ---------------------- ##
## Running config.status. ##
## ---------------------- ##

This file was extended by FreeType config.status 2.8, which was
generated by GNU Autoconf 2.69.  Invocation command line was

  CONFIG_FILES    = 
  CONFIG_HEADERS  = 
  CONFIG_LINKS    = 
  CONFIG_COMMANDS = 
  $ ./config.status 

on zk-H81

config.status:1096: creating unix-cc.mk
config.status:1096: creating unix-def.mk
config.status:1096: creating ftconfig.h
config.status:1291: executing libtool commands
configure:16659:

Library configuration:
  external zlib: yes (ZLIB_CFLAGS and ZLIB_LIBS)
  bzip2:         no
  libpng:        yes (LIBPNG_CFLAGS and LIBPNG_LIBS)
  harfbuzz:      no


## ---------------- ##
## Cache variables. ##
## ---------------- ##

ac_cv___va_copy=yes
ac_cv_af_unix_large_dgram=yes
ac_cv_alignof_CORBA_boolean=1
ac_cv_alignof_CORBA_char=1
ac_cv_alignof_CORBA_double=8
ac_cv_alignof_CORBA_float=4
ac_cv_alignof_CORBA_long=4
ac_cv_alignof_CORBA_long_double=8
ac_cv_alignof_CORBA_long_long=8
ac_cv_alignof_CORBA_octet=1
ac_cv_alignof_CORBA_pointer=4
ac_cv_alignof_CORBA_short=2
ac_cv_alignof_CORBA_struct=1
ac_cv_alignof_CORBA_wchar=2
ac_cv_alignof_char=1
ac_cv_alignof_dbind_pointer=4
ac_cv_alignof_dbind_struct=1
ac_cv_alignof_dbus_bool_t=4
ac_cv_alignof_dbus_int16_t=2
ac_cv_alignof_dbus_int32_t=4
ac_cv_alignof_dbus_int64_t=8
ac_cv_alignof_double=8
ac_cv_alignof_guint32=4
ac_cv_alignof_guint64=8
ac_cv_alignof_unsigned_long=4
ac_cv_buggy_getaddrinfo=no
ac_cv_build=x86_64-pc-linux-gnu
ac_cv_c_bigendian=no
ac_cv_c_compiler_gnu=yes
ac_cv_c_const=yes
ac_cv_c_endian=little
ac_cv_c_littleendian=yes
ac_cv_c_long_double=yes
ac_cv_check_sjlj=ssjlj
ac_cv_conv_longlong_to_float=yes
ac_cv_dirent_have_space_d_name=yes
ac_cv_env_BZIP2_CFLAGS_set=
ac_cv_env_BZIP2_CFLAGS_value=
ac_cv_env_BZIP2_LIBS_set=
ac_cv_env_BZIP2_LIBS_value=
ac_cv_env_CC_set=set
ac_cv_env_CC_value='arm-ostl-linux-gnueabi-gcc  -mthumb -mfpu=neon-vfpv4 -mfloat-abi=hard -mcpu=cortex-a7 --sysroot=/opt/st/stm32mp1/3.1-snapshot/sysroots/cortexa7t2hf-neon-vfpv4-ostl-linux-gnueabi'
ac_cv_env_CFLAGS_set=set
ac_cv_env_CFLAGS_value=' -O2 -pipe -g -feliminate-unused-debug-types '
ac_cv_env_CPPFLAGS_set=set
ac_cv_env_CPPFLAGS_value=
ac_cv_env_CPP_set=set
ac_cv_env_CPP_value='arm-ostl-linux-gnueabi-gcc -E  -mthumb -mfpu=neon-vfpv4 -mfloat-abi=hard -mcpu=cortex-a7 --sysroot=/opt/st/stm32mp1/3.1-snapshot/sysroots/cortexa7t2hf-neon-vfpv4-ostl-linux-gnueabi'
ac_cv_env_HARFBUZZ_CFLAGS_set=
ac_cv_env_HARFBUZZ_CFLAGS_value=
ac_cv_env_HARFBUZZ_LIBS_set=
ac_cv_env_HARFBUZZ_LIBS_value=
ac_cv_env_LDFLAGS_set=set
ac_cv_env_LDFLAGS_value='-Wl,-O1 -Wl,--hash-style=gnu -Wl,--as-needed'
ac_cv_env_LIBPNG_CFLAGS_set=set
ac_cv_env_LIBPNG_CFLAGS_value='-I/home/zk/linux/code/application/lib/pnglib/include -L/home/zk/linux/code/application/lib/pnglib/lib'
ac_cv_env_LIBPNG_LIBS_set=set
ac_cv_env_LIBPNG_LIBS_value=-lpng
ac_cv_env_LIBS_set=
ac_cv_env_LIBS_value=
ac_cv_env_LT_SYS_LIBRARY_PATH_set=
ac_cv_env_LT_SYS_LIBRARY_PATH_value=
ac_cv_env_PKG_CONFIG_LIBDIR_set=
ac_cv_env_PKG_CONFIG_LIBDIR_value=
ac_cv_env_PKG_CONFIG_PATH_set=set
ac_cv_env_PKG_CONFIG_PATH_value=/opt/st/stm32mp1/3.1-snapshot/sysroots/cortexa7t2hf-neon-vfpv4-ostl-linux-gnueabi/usr/lib/pkgconfig:/opt/st/stm32mp1/3.1-snapshot/sysroots/cortexa7t2hf-neon-vfpv4-ostl-linux-gnueabi/usr/share/pkgconfig
ac_cv_env_PKG_CONFIG_set=
ac_cv_env_PKG_CONFIG_value=
ac_cv_env_ZLIB_CFLAGS_set=set
ac_cv_env_ZLIB_CFLAGS_value='-I/home/zk/linux/code/application/lib/zlib/include -L/home/zk/linux/code/application/lib/zlib/lib'
ac_cv_env_ZLIB_LIBS_set=set
ac_cv_env_ZLIB_LIBS_value=-lz
ac_cv_env_build_alias_set=
ac_cv_env_build_alias_value=
ac_cv_env_host_alias_set=set
ac_cv_env_host_alias_value=arm-ostl-linux-gnueabi
ac_cv_env_target_alias_set=
ac_cv_env_target_alias_value=
ac_cv_epoll_works=yes
ac_cv_file___dev_ptc_=yes
ac_cv_file__dev_random=yes
ac_cv_file__dev_zero=yes
ac_cv_func___va_copy=yes
ac_cv_func_calloc_0_nonnull=yes
ac_cv_func_chown_works=yes
ac_cv_func_fnmatch_works=yes
ac_cv_func_getaddrinfo=yes
ac_cv_func_getgrgid_r=yes
ac_cv_func_getgroups_works=yes
ac_cv_func_getpagesize=yes
ac_cv_func_getpgrp_void=yes
ac_cv_func_getpwuid_r=yes
ac_cv_func_lstat_dereferences_slashed_symlink=yes
ac_cv_func_lstat_empty_string_bug=no
ac_cv_func_malloc_0_nonnull=yes
ac_cv_func_malloc_works=yes
ac_cv_func_memcmp_working=yes
ac_cv_func_memcpy=yes
ac_cv_func_memmove=yes
ac_cv_func_mmap_fixed_mapped=yes
ac_cv_func_posix_getgrgid_r=yes
ac_cv_func_posix_getpwnam_r=yes
ac_cv_func_posix_getpwuid_r=yes
ac_cv_func_printf_unix98=yes
ac_cv_func_pthread_attr_getstack=yes
ac_cv_func_pthread_key_delete=yes
ac_cv_func_realloc_0_nonnull=yes
ac_cv_func_realloc_works=yes
ac_cv_func_setgrent_void=yes
ac_cv_func_setpgrp_void=yes
ac_cv_func_setresuid=yes
ac_cv_func_setvbuf_reversed=no
ac_cv_func_snprintf_c99=yes
ac_cv_func_stat_empty_string_bug=no
ac_cv_func_stat_ignores_trailing_slash=no
ac_cv_func_strerror=yes
ac_cv_func_strtod=yes
ac_cv_func_utime_null=yes
ac_cv_func_va_copy=yes
ac_cv_func_vsnprintf_c99=yes
ac_cv_gnet_have_abstract_sockets=no
ac_cv_have_abstract_sockets=yes
ac_cv_have_accrights_in_msghdr=no
ac_cv_have_broken_snprintf=no
ac_cv_have_control_in_msghdr=yes
ac_cv_have_decl_munmap=yes
ac_cv_have_decl_sys_siglist=yes
ac_cv_have_long_long_format=yes
ac_cv_have_openpty_ctty_bug=yes
ac_cv_have_space_d_name_in_struct_dirent=yes
ac_cv_header_dlfcn_h=yes
ac_cv_header_fcntl_h=yes
ac_cv_header_inttypes_h=yes
ac_cv_header_memory_h=yes
ac_cv_header_stdc=yes
ac_cv_header_stdint_h=yes
ac_cv_header_stdlib_h=yes
ac_cv_header_string_h=yes
ac_cv_header_strings_h=yes
ac_cv_header_sys_param_h=yes
ac_cv_header_sys_stat_h=yes
ac_cv_header_sys_types_h=yes
ac_cv_header_unistd_h=yes
ac_cv_host=arm-ostl-linux-gnueabi
ac_cv_ispeed_offset=13
ac_cv_lib_png_png_create_info_struct=yes
ac_cv_libiconv_utf8=yes
ac_cv_libnet_endianess=lil
ac_cv_linux_vers=2
ac_cv_member_struct_sockaddr_sa_len=no
ac_cv_need_trio=no
ac_cv_o_nonblock_inherited=no
ac_cv_objext=o
ac_cv_path_EGREP='/bin/grep -E'
ac_cv_path_FGREP='/bin/grep -F'
ac_cv_path_GREP=/bin/grep
ac_cv_path_SED=sed
ac_cv_path_ac_pt_PKG_CONFIG=/opt/st/stm32mp1/3.1-snapshot/sysroots/x86_64-ostl_sdk-linux/usr/bin/pkg-config
ac_cv_path_install='/usr/bin/install -c'
ac_cv_path_lt_DD=/bin/dd
ac_cv_path_mkdir=/bin/mkdir
ac_cv_pread=no
ac_cv_prog_AR=arm-ostl-linux-gnueabi-ar
ac_cv_prog_AWK=mawk
ac_cv_prog_CC='arm-ostl-linux-gnueabi-gcc  -mthumb -mfpu=neon-vfpv4 -mfloat-abi=hard -mcpu=cortex-a7 --sysroot=/opt/st/stm32mp1/3.1-snapshot/sysroots/cortexa7t2hf-neon-vfpv4-ostl-linux-gnueabi'
ac_cv_prog_CC_BUILD=gcc
ac_cv_prog_CPP='arm-ostl-linux-gnueabi-gcc -E  -mthumb -mfpu=neon-vfpv4 -mfloat-abi=hard -mcpu=cortex-a7 --sysroot=/opt/st/stm32mp1/3.1-snapshot/sysroots/cortexa7t2hf-neon-vfpv4-ostl-linux-gnueabi'
ac_cv_prog_OBJDUMP=arm-ostl-linux-gnueabi-objdump
ac_cv_prog_RANLIB=arm-ostl-linux-gnueabi-ranlib
ac_cv_prog_STRIP=arm-ostl-linux-gnueabi-strip
ac_cv_prog_ac_ct_MANIFEST_TOOL=mt
ac_cv_prog_cc_c89=
ac_cv_prog_cc_g=yes
ac_cv_pwrite=no
ac_cv_regexec_segfault_emptystr=no
ac_cv_sizeof___int64=0
ac_cv_sizeof_char=1
ac_cv_sizeof_char_p=4
ac_cv_sizeof_double=8
ac_cv_sizeof_float=4
ac_cv_sizeof_int=4
ac_cv_sizeof_int_p=4
ac_cv_sizeof_long=4
ac_cv_sizeof_long_double=8
ac_cv_sizeof_long_int=4
ac_cv_sizeof_long_long=8
ac_cv_sizeof_long_p=4
ac_cv_sizeof_pid_t=4
ac_cv_sizeof_ptrdiff_t=4
ac_cv_sizeof_short=2
ac_cv_sizeof_short_int=2
ac_cv_sizeof_signed_char=1
ac_cv_sizeof_size_t=4
ac_cv_sizeof_ssize_t=4
ac_cv_sizeof_unsigned=4
ac_cv_sizeof_unsigned_char=1
ac_cv_sizeof_unsigned_int=4
ac_cv_sizeof_unsigned_long=4
ac_cv_sizeof_unsigned_long_long=8
ac_cv_sizeof_unsigned_short=2
ac_cv_sizeof_void_p=4
ac_cv_sizeof_wchar_t=4
ac_cv_strerror_r_SUSv3=no
ac_cv_sys_file_offset_bits=64
ac_cv_sys_largefile_CC=no
ac_cv_sys_restartable_syscalls=yes
ac_cv_time_r_type=POSIX
ac_cv_type_long_long_int=yes
ac_cv_type_uid_t='{ac_cv_type_uid_t=yes}'
ac_cv_type_unsigned_long_long_int=yes
ac_cv_uchar=no
ac_cv_uint=yes
ac_cv_ulong=yes
ac_cv_ushort=yes
ac_cv_va_copy=yes
ac_cv_va_val_copy=yes
am_cv_func_working_getline=yes
am_cv_scanf_lld=yes
apr_cv_process_shared_works=no
apr_cv_tcp_nodelay_with_cork=yes
as_cv_unaligned_access=no
bash_cv_dup2_broken=no
bash_cv_func_sigsetjmp=missing
bash_cv_func_strcoll_broken=no
bash_cv_getcwd_calls_popen=no
bash_cv_getcwd_malloc=yes
bash_cv_getenv_redef=yes
bash_cv_have_mbstate_t=yes
bash_cv_job_control_missing=present
bash_cv_must_reinstall_sighandlers=no
bash_cv_opendir_not_robust=no
bash_cv_pgrp_pipe=no
bash_cv_printf_a_format=yes
bash_cv_sys_named_pipes=present
bash_cv_sys_siglist=yes
bash_cv_type_rlimit=rlim_t
bash_cv_ulimit_maxfds=yes
bash_cv_under_sys_siglist=yes
bash_cv_unusable_rtsigs=no
compat_cv_func_basename_works=no
compat_cv_func_dirname_works=no
compat_cv_func_snprintf_works=yes
cvs_cv_func_printf_ptr=yes
db_cv_align_t='unsigned long long'
db_cv_alignp_t='unsigned long'
db_cv_fcntl_f_setfd=yes
db_cv_path_ar=/usr/bin/ar
db_cv_path_chmod=/bin/chmod
db_cv_path_cp=/bin/cp
db_cv_path_ln=/bin/ln
db_cv_path_mkdir=/bin/mkdir
db_cv_path_ranlib=/usr/bin/ranlib
db_cv_path_rm=/bin/rm
db_cv_path_sh=/bin/sh
db_cv_path_strip=/usr/bin/strip
db_cv_spinlocks=no
db_cv_sprintf_count=yes
ettercap_cv_type_socklen_t=yes
fu_cv_sys_stat_statfs2_bsize=yes
gl_cv_func_btowc_eof=yes
gl_cv_func_fstatat_zero_flag=yes
gl_cv_func_getcwd_abort_bug=no
gl_cv_func_getcwd_null=yes
gl_cv_func_getcwd_path_max=yes
gl_cv_func_link_follows_symlink=no
gl_cv_func_mbrtowc_incomplete_state=yes
gl_cv_func_mbrtowc_nul_retval=yes
gl_cv_func_mbrtowc_null_arg=yes
gl_cv_func_mbrtowc_retval=yes
gl_cv_func_mbrtowc_sanitycheck=yes
gl_cv_func_nanosleep='no (mishandles large arguments)'
gl_cv_func_sleep_works=yes
gl_cv_func_unlink_busy_text=yes
gl_cv_func_wcrtomb_retval=yes
gl_cv_func_wctob_works=yes
gl_cv_func_working_mkstemp=yes
gl_cv_func_working_mktime=yes
gl_cv_func_working_utimes=yes
gl_cv_have_proc_uptime=yes
gl_cv_header_working_fcntl_h=yes
gl_cv_pipes_are_fifos='yes (1)'
glib_cv___va_copy=yes
glib_cv_compliant_posix_memalign=1
glib_cv_has__inline=yes
glib_cv_has__inline__=yes
glib_cv_hasinline=yes
glib_cv_have_qsort_r=yes
glib_cv_long_long_format=ll
glib_cv_rtldglobal_broken=no
glib_cv_sane_realloc=yes
glib_cv_sizeof_gmutex=24
glib_cv_sizeof_intmax_t=8
glib_cv_sizeof_ptrdiff_t=4
glib_cv_sizeof_size_t=4
glib_cv_sizeof_system_thread=4
glib_cv_stack_grows=no
glib_cv_strlcpy=no
glib_cv_sys_pthread_cond_timedwait_posix=yes
glib_cv_sys_pthread_getspecific_posix=yes
glib_cv_sys_pthread_mutex_trylock_posix=yes
glib_cv_sys_use_pid_niceness_surrogate=yes
glib_cv_uscore=no
glib_cv_use_pid_surrogate=yes
glib_cv_va_copy=yes
glib_cv_va_val_copy=yes
gt_cv_locale_fr=fr_FR
hw_cv_func_snprintf_c99=yes
hw_cv_func_vsnprintf_c99=yes
jm_cv_func_working_readdir=yes
lf_cv_sane_realloc=yes
lftp_cv_va_val_copy=yes
libIDL_cv_long_long_format=ll
lt_cv_ar_at_file=@
lt_cv_archive_cmds_need_lc=no
lt_cv_deplibs_check_method=pass_all
lt_cv_file_magic_cmd='$MAGIC_CMD'
lt_cv_file_magic_test_file=
lt_cv_ld_reload_flag=-r
lt_cv_nm_interface='BSD nm'
lt_cv_objdir=.libs
lt_cv_path_LD='arm-ostl-linux-gnueabi-ld  --sysroot=/opt/st/stm32mp1/3.1-snapshot/sysroots/cortexa7t2hf-neon-vfpv4-ostl-linux-gnueabi'
lt_cv_path_NM=arm-ostl-linux-gnueabi-nm
lt_cv_path_mainfest_tool=no
lt_cv_prog_compiler_c_o=yes
lt_cv_prog_compiler_pic='-fPIC -DPIC'
lt_cv_prog_compiler_pic_works=yes
lt_cv_prog_compiler_rtti_exceptions=no
lt_cv_prog_compiler_static_works=no
lt_cv_prog_gnu_ld=yes
lt_cv_sharedlib_from_linklib_cmd='printf %s\n'
lt_cv_shlibpath_overrides_runpath=no
lt_cv_sys_global_symbol_pipe='sed -n -e '\''s/^.*[	 ]\([ABCDGIRSTW][ABCDGIRSTW]*\)[	 ][	 ]*\([_A-Za-z][_A-Za-z0-9]*\)$/\1 \2 \2/p'\'' | sed '\''/ __gnu_lto/d'\'''
lt_cv_sys_global_symbol_to_c_name_address='sed -n -e '\''s/^: \(.*\) .*$/  {"\1", (void *) 0},/p'\'' -e '\''s/^[ABCDGIRSTW][ABCDGIRSTW]* .* \(.*\)$/  {"\1", (void *) \&\1},/p'\'''
lt_cv_sys_global_symbol_to_c_name_address_lib_prefix='sed -n -e '\''s/^: \(.*\) .*$/  {"\1", (void *) 0},/p'\'' -e '\''s/^[ABCDGIRSTW][ABCDGIRSTW]* .* \(lib.*\)$/  {"\1", (void *) \&\1},/p'\'' -e '\''s/^[ABCDGIRSTW][ABCDGIRSTW]* .* \(.*\)$/  {"lib\1", (void *) \&\1},/p'\'''
lt_cv_sys_global_symbol_to_cdecl='sed -n -e '\''s/^T .* \(.*\)$/extern int \1();/p'\'' -e '\''s/^[ABCDGIRSTW][ABCDGIRSTW]* .* \(.*\)$/extern char \1;/p'\'''
lt_cv_sys_global_symbol_to_import=
lt_cv_sys_max_cmd_len=1572864
lt_cv_to_host_file_cmd=func_convert_file_noop
lt_cv_to_tool_file_cmd=func_convert_file_noop
lt_cv_truncate_bin='/bin/dd bs=4096 count=1'
mr_cv_target_elf=yes
mysql_cv_func_atomic_add=no
mysql_cv_func_atomic_sub=no
nano_cv_func_regexec_segv_emptystr=no
php_cv_lib_cookie_io_functions_use_off64_t=yes
pkg_cv_LIBPNG_CFLAGS='-I/home/zk/linux/code/application/lib/pnglib/include -L/home/zk/linux/code/application/lib/pnglib/lib'
pkg_cv_LIBPNG_LIBS=-lpng
pkg_cv_ZLIB_CFLAGS='-I/home/zk/linux/code/application/lib/zlib/include -L/home/zk/linux/code/application/lib/zlib/lib'
pkg_cv_ZLIB_LIBS=-lz
rpppoe_cv_pack_bitfields=rev
rsync_cv_HAVE_BROKEN_LARGEFILE=no
rsync_cv_HAVE_BROKEN_READDIR=no
rsync_cv_HAVE_C99_VSNPRINTF=yes
rsync_cv_HAVE_GETTIMEOFDAY_TZ=yes
rsync_cv_HAVE_LONGLONG=yes
rsync_cv_HAVE_OFF64_T=no
rsync_cv_HAVE_SECURE_MKSTEMP=yes
rsync_cv_HAVE_SHORT_INO_T=no
rsync_cv_HAVE_SOCKETPAIR=yes
rsync_cv_HAVE_UNSIGNED_CHAR=no
rsync_cv_REPLACE_INET_ATON=no
rsync_cv_REPLACE_INET_NTOA=no
samba_cv_BROKEN_NISPLUS_INCLUDE_FILES=yes
samba_cv_BROKEN_REDHAT_7_SYSTEM_HEADERS=no
samba_cv_HAVE_BROKEN_FCNTL64_LOCKS=no
samba_cv_HAVE_BROKEN_GETGROUPS=no
samba_cv_HAVE_BROKEN_LINUX_SENDFILE=yes
samba_cv_HAVE_BROKEN_READDIR=yes
samba_cv_HAVE_BROKEN_READDIR_NAME=no
samba_cv_HAVE_C99_VSNPRINTF=yes
samba_cv_HAVE_DEV64_T=no
samba_cv_HAVE_DEVICE_MAJOR_FN=yes
samba_cv_HAVE_DEVICE_MINOR_FN=yes
samba_cv_HAVE_DQB_FSOFTLIMIT=no
samba_cv_HAVE_EXPLICIT_LARGEFILE_SUPPORT=yes
samba_cv_HAVE_FAM_H=no
samba_cv_HAVE_FCNTL_LOCK=yes
samba_cv_HAVE_FTRUNCATE_EXTEND=yes
samba_cv_HAVE_FUNCTION_MACRO=yes
samba_cv_HAVE_GETTIMEOFDAY_TZ=yes
samba_cv_HAVE_IFACE_AIX=no
samba_cv_HAVE_IFACE_IFCONF=yes
samba_cv_HAVE_IFACE_IFREQ=yes
samba_cv_HAVE_INO64_T=no
samba_cv_HAVE_INT16_FROM_RPC_RPC_H=no
samba_cv_HAVE_INT32_FROM_RPC_RPC_H=no
samba_cv_HAVE_IRIX_SPECIFIC_CAPABILITIES=no
samba_cv_HAVE_KERNEL_CHANGE_NOTIFY=yes
samba_cv_HAVE_KERNEL_OPLOCKS_LINUX=yes
samba_cv_HAVE_KERNEL_SHARE_MODES=yes
samba_cv_HAVE_MAKEDEV=yes
samba_cv_HAVE_MMAP=yes
samba_cv_HAVE_NATIVE_ICONV=yes
samba_cv_HAVE_OFF64_T=no
samba_cv_HAVE_ROOT=yes
samba_cv_HAVE_RPC_AUTH_ERROR_CONFLICT=no
samba_cv_HAVE_SECURE_MKSTEMP=yes
samba_cv_HAVE_SENDFILE64=yes
samba_cv_HAVE_SENDFILE=yes
samba_cv_HAVE_SOCK_SIN_LEN=no
samba_cv_HAVE_STAT_ST_BLKSIZE=yes
samba_cv_HAVE_STAT_ST_BLOCKS=yes
samba_cv_HAVE_STRUCT_DIR64=no
samba_cv_HAVE_STRUCT_DIRENT64=yes
samba_cv_HAVE_STRUCT_FLOCK64=yes
samba_cv_HAVE_TRUNCATED_SALT=no
samba_cv_HAVE_UINT16_FROM_RPC_RPC_H=no
samba_cv_HAVE_UINT32_FROM_RPC_RPC_H=no
samba_cv_HAVE_UNSIGNED_CHAR=yes
samba_cv_HAVE_UTIMBUF=yes
samba_cv_HAVE_UT_UT_ADDR=yes
samba_cv_HAVE_UT_UT_EXIT=yes
samba_cv_HAVE_UT_UT_HOST=yes
samba_cv_HAVE_UT_UT_ID=yes
samba_cv_HAVE_UT_UT_NAME=yes
samba_cv_HAVE_UT_UT_PID=yes
samba_cv_HAVE_UT_UT_TIME=yes
samba_cv_HAVE_UT_UT_TV=yes
samba_cv_HAVE_UT_UT_TYPE=yes
samba_cv_HAVE_UT_UT_USER=yes
samba_cv_HAVE_UX_UT_SYSLEN=no
samba_cv_HAVE_VA_COPY=yes
samba_cv_HAVE_WORKING_AF_LOCAL=yes
samba_cv_HAVE_Werror=yes
samba_cv_LINUX_LFS_SUPPORT=yes
samba_cv_PUTUTLINE_RETURNS_UTMP=yes
samba_cv_QUOTA_WORKS=yes
samba_cv_REALPATH_TAKES_NULL=yes
samba_cv_REPLACE_GETPASS=yes
samba_cv_REPLACE_INET_NTOA=no
samba_cv_REPLACE_READDIR=no
samba_cv_RUN_QUOTA_TESTS=yes
samba_cv_SEEKDIR_RETURNS_VOID=yes
samba_cv_SIZEOF_DEV_T=yes
samba_cv_SIZEOF_INO_T=yes
samba_cv_SIZEOF_OFF_T=yes
samba_cv_SYSCONF_SC_NGROUPS_MAX=yes
samba_cv_SYSCONF_SC_NPROCESSORS_ONLN=yes
samba_cv_SYSCONF_SC_NPROC_ONLN=no
samba_cv_SYSCONF_SC_PAGESIZE=yes
samba_cv_SYSQUOTA_FOUND=yes
samba_cv_SYSQUOTA_WORKS=yes
samba_cv_SYSQUOTA_WORKS_XFS=yes
samba_cv_TRY_QUOTAS=no
samba_cv_TRY_SYS_QUOTAS=yes
samba_cv_USE_SETEUID=yes
samba_cv_USE_SETRESUID=yes
samba_cv_USE_SETREUID=yes
samba_cv_USE_SETUIDX=yes
samba_cv_WE_USE_SYS_QUOTAS=yes
samba_cv_WITH_AFS=no
samba_cv_WITH_FAKE_KASERVER=no
samba_cv_WITH_QUOTAS=auto
samba_cv_WITH_SYS_QUOTAS=auto
samba_cv_WITH_VFS_AFSACL=no
samba_cv_compiler_supports_ll=yes
samba_cv_found_xfs_header=yes
samba_cv_have_longlong=yes
samba_cv_have_setresgid=yes
samba_cv_have_setresuid=yes
samba_cv_immediate_structures=yes
samba_cv_optimize_out_funcation_calls=yes
samba_cv_sig_atomic_t=yes
samba_cv_socklen_t=yes
samba_cv_struct_timespec=yes
samba_cv_sysquotas_file=lib/sysquotas_linux.c
samba_cv_unixsocket=yes
samba_cv_volatile=yes
sc_cv_termios_ispeed=yes
screen_cv_sys_bcopy_overlap=no
screen_cv_sys_fifo_broken_impl=yes
screen_cv_sys_fifo_usable=yes
screen_cv_sys_memcpy_overlap=no
screen_cv_sys_memmove_overlap=no
screen_cv_sys_select_broken_retval=no
screen_cv_sys_sockets_nofs=no
screen_cv_sys_sockets_usable=yes
screen_cv_sys_terminfo_used=yes
shadow_cv_logdir='${prefix}/var/log'
shadow_cv_maildir='${prefix}/var/spool/mail'
shadow_cv_mailfile=Mailbox
shadow_cv_passwd_dir='${exec_prefix}/bin'
shadow_cv_utmpdir='${prefix}/var/run'
slrn_cv_va_val_copy=yes
sudo_cv_func_unsetenv_void=no
tcl_cv_api_serial=termios
utils_cv_sys_open_max=1019
xorg_cv_malloc0_returns_null=yes

## ----------------- ##
## Output variables. ##
## ----------------- ##

AR='arm-ostl-linux-gnueabi-ar'
AS='arm-ostl-linux-gnueabi-as '
AWK='mawk'
BZIP2_CFLAGS=''
BZIP2_LIBS=''
CC='arm-ostl-linux-gnueabi-gcc  -mthumb -mfpu=neon-vfpv4 -mfloat-abi=hard -mcpu=cortex-a7 --sysroot=/opt/st/stm32mp1/3.1-snapshot/sysroots/cortexa7t2hf-neon-vfpv4-ostl-linux-gnueabi'
CC_BUILD='gcc'
CFLAGS=' -O2 -pipe -g -feliminate-unused-debug-types  -I/home/zk/linux/code/application/lib/zlib/include -L/home/zk/linux/code/application/lib/zlib/lib -DFT_CONFIG_OPTION_SYSTEM_ZLIB -I/home/zk/linux/code/application/lib/pnglib/include -L/home/zk/linux/code/application/lib/pnglib/lib -DFT_CONFIG_OPTION_USE_PNG'
CPP='arm-ostl-linux-gnueabi-gcc -E  -mthumb -mfpu=neon-vfpv4 -mfloat-abi=hard -mcpu=cortex-a7 --sysroot=/opt/st/stm32mp1/3.1-snapshot/sysroots/cortexa7t2hf-neon-vfpv4-ostl-linux-gnueabi'
CPPFLAGS=''
DEFS='-DHAVE_CONFIG_H'
DLLTOOL='false'
DSYMUTIL=''
DUMPBIN=''
ECHO_C=''
ECHO_N='-n'
ECHO_T=''
EGREP='/bin/grep -E'
EXEEXT=''
EXEEXT_BUILD=''
FGREP='/bin/grep -F'
FTSYS_SRC='$(BUILD_DIR)/ftsystem.c'
GREP='/bin/grep'
HARFBUZZ_CFLAGS=''
HARFBUZZ_LIBS=''
INSTALL_DATA='${INSTALL} -m 644'
INSTALL_PROGRAM='${INSTALL}'
INSTALL_SCRIPT='${INSTALL}'
LD='arm-ostl-linux-gnueabi-ld  --sysroot=/opt/st/stm32mp1/3.1-snapshot/sysroots/cortexa7t2hf-neon-vfpv4-ostl-linux-gnueabi'
LDFLAGS='-Wl,-O1 -Wl,--hash-style=gnu -Wl,--as-needed -lz -lpng'
LIBOBJS=''
LIBPNG_CFLAGS='-I/home/zk/linux/code/application/lib/pnglib/include -L/home/zk/linux/code/application/lib/pnglib/lib'
LIBPNG_LIBS='-lpng'
LIBS=''
LIBSSTATIC_CONFIG='-lfreetype -lz -lpng'
LIBS_PRIVATE='-lz -lpng'
LIBTOOL='$(SHELL) $(top_builddir)/libtool'
LIPO=''
LN_S='ln -s'
LTLIBOBJS=''
LT_SYS_LIBRARY_PATH=''
MANIFEST_TOOL=':'
MKDIR_P='/bin/mkdir -p'
NM='arm-ostl-linux-gnueabi-nm'
NMEDIT=''
OBJDUMP='arm-ostl-linux-gnueabi-objdump'
OBJEXT='o'
OTOOL64=''
OTOOL=''
PACKAGE_BUGREPORT='freetype@nongnu.org'
PACKAGE_NAME='FreeType'
PACKAGE_STRING='FreeType 2.8'
PACKAGE_TARNAME='freetype'
PACKAGE_URL=''
PACKAGE_VERSION='2.8'
PATH_SEPARATOR=':'
PKG_CONFIG='/opt/st/stm32mp1/3.1-snapshot/sysroots/x86_64-ostl_sdk-linux/usr/bin/pkg-config'
PKG_CONFIG_LIBDIR=''
PKG_CONFIG_PATH='/opt/st/stm32mp1/3.1-snapshot/sysroots/cortexa7t2hf-neon-vfpv4-ostl-linux-gnueabi/usr/lib/pkgconfig:/opt/st/stm32mp1/3.1-snapshot/sysroots/cortexa7t2hf-neon-vfpv4-ostl-linux-gnueabi/usr/share/pkgconfig'
RANLIB='arm-ostl-linux-gnueabi-ranlib'
REQUIRES_PRIVATE=''
SED='sed'
SHELL='/bin/bash'
STRIP='arm-ostl-linux-gnueabi-strip'
XX_ANSIFLAGS=' -pedantic -ansi'
XX_CFLAGS='-Wall'
ZLIB_CFLAGS='-I/home/zk/linux/code/application/lib/zlib/include -L/home/zk/linux/code/application/lib/zlib/lib'
ZLIB_LIBS='-lz'
ac_ct_AR=''
ac_ct_CC=''
ac_ct_DUMPBIN=''
bindir='${exec_prefix}/bin'
build='x86_64-pc-linux-gnu'
build_alias=''
build_cpu='x86_64'
build_libtool_libs=''
build_os='linux-gnu'
build_vendor='pc'
datadir='${datarootdir}'
datarootdir='${prefix}/share'
docdir='${datarootdir}/doc/${PACKAGE_TARNAME}'
dvidir='${docdir}'
exec_prefix='${prefix}'
ft_version='20.0.14'
ftmac_c=''
hardcode_libdir_flag_spec='$wl-rpath $wl$libdir'
host='arm-ostl-linux-gnueabi'
host_alias='arm-ostl-linux-gnueabi'
host_cpu='arm'
host_os='linux-gnueabi'
host_vendor='ostl'
htmldir='${docdir}'
includedir='${prefix}/include'
infodir='${datarootdir}/info'
libdir='${exec_prefix}/lib'
libexecdir='${exec_prefix}/libexec'
localedir='${datarootdir}/locale'
localstatedir='${prefix}/var'
mandir='${datarootdir}/man'
oldincludedir='/usr/include'
pdfdir='${docdir}'
prefix='/home/zk/linux/code/application/lib/freetype'
program_transform_name='s,x,x,'
psdir='${docdir}'
sbindir='${exec_prefix}/sbin'
sharedstatedir='${prefix}/com'
sysconfdir='${prefix}/etc'
target_alias=''
version_info='20:0:14'
wl='-Wl,'

## ----------- ##
## confdefs.h. ##
## ----------- ##

/* confdefs.h */
#define PACKAGE_NAME "FreeType"
#define PACKAGE_TARNAME "freetype"
#define PACKAGE_VERSION "2.8"
#define PACKAGE_STRING "FreeType 2.8"
#define PACKAGE_BUGREPORT "freetype@nongnu.org"
#define PACKAGE_URL ""
#define STDC_HEADERS 1
#define HAVE_SYS_TYPES_H 1
#define HAVE_SYS_STAT_H 1
#define HAVE_STDLIB_H 1
#define HAVE_STRING_H 1
#define HAVE_MEMORY_H 1
#define HAVE_STRINGS_H 1
#define HAVE_INTTYPES_H 1
#define HAVE_STDINT_H 1
#define HAVE_UNISTD_H 1
#define HAVE_DLFCN_H 1
#define LT_OBJDIR ".libs/"
#define STDC_HEADERS 1
#define HAVE_FCNTL_H 1
#define HAVE_UNISTD_H 1
#define SIZEOF_INT 4
#define SIZEOF_LONG 4
#define HAVE_UNSIGNED_LONG_LONG_INT 1
#define HAVE_LONG_LONG_INT 1
#define _FILE_OFFSET_BITS 64
#define HAVE_STDLIB_H 1
#define HAVE_UNISTD_H 1
#define HAVE_SYS_PARAM_H 1
#define HAVE_GETPAGESIZE 1
#define HAVE_MMAP 1
#define HAVE_DECL_MUNMAP 1
#define MUNMAP_USES_VOIDP /**/
#define HAVE_MEMCPY 1
#define HAVE_MEMMOVE 1

configure: exit 0
