This file contains any messages produced by compilers while
running configure, to aid debugging if configure makes a mistake.

It was created by libjpeg configure 9.2.0, which was
generated by GNU Autoconf 2.69.  Invocation command line was

  $ ./configure --host=arm-ostl-linux-gnueabi --prefix=/home/zk/linux/code/application/lib/jpeglib

## --------- ##
## Platform. ##
## --------- ##

hostname = zk-H81
uname -m = x86_64
uname -r = 5.4.0-150-generic
uname -s = Linux
uname -v = #167~18.04.1-Ubuntu SMP Wed May 24 00:51:42 UTC 2023

/usr/bin/uname -p = unknown
/bin/uname -X     = unknown

/bin/arch              = unknown
/usr/bin/arch -k       = unknown
/usr/convex/getsysinfo = unknown
/usr/bin/hostinfo      = unknown
/bin/machine           = unknown
/usr/bin/oslevel       = unknown
/bin/universe          = unknown

PATH: /opt/st/stm32mp1/3.1-snapshot/sysroots/x86_64-ostl_sdk-linux/usr/bin
PATH: /opt/st/stm32mp1/3.1-snapshot/sysroots/x86_64-ostl_sdk-linux/usr/bin
PATH: /opt/st/stm32mp1/3.1-snapshot/sysroots/x86_64-ostl_sdk-linux/usr/sbin
PATH: /opt/st/stm32mp1/3.1-snapshot/sysroots/x86_64-ostl_sdk-linux/bin
PATH: /opt/st/stm32mp1/3.1-snapshot/sysroots/x86_64-ostl_sdk-linux/sbin
PATH: /opt/st/stm32mp1/3.1-snapshot/sysroots/x86_64-ostl_sdk-linux/usr/bin/../x86_64-ostl_sdk-linux/bin
PATH: /opt/st/stm32mp1/3.1-snapshot/sysroots/x86_64-ostl_sdk-linux/usr/bin/arm-ostl-linux-gnueabi
PATH: /opt/st/stm32mp1/3.1-snapshot/sysroots/x86_64-ostl_sdk-linux/usr/bin/arm-ostl-linux-musl
PATH: /home/zk/.vscode-server/bin/1a5daa3a0231a0fbba4f14db7ec463cf99d7768e/bin/remote-cli
PATH: /usr/local/sbin
PATH: /usr/local/bin
PATH: /usr/sbin
PATH: /usr/bin
PATH: /sbin
PATH: /bin
PATH: /usr/games
PATH: /usr/local/games
PATH: /snap/bin
PATH: /usr/local/arm/gcc-arm-9.2-2019.12-x86_64-arm-none-linux-gnueabihf/bin


## ----------- ##
## Core tests. ##
## ----------- ##

configure:2132: loading site script /opt/st/stm32mp1/3.1-snapshot/site-config-cortexa7t2hf-neon-vfpv4-ostl-linux-gnueabi
| # rp-pppoe
| rpppoe_cv_pack_bitfields=${rpppoe_cv_pack_bitfields=rev}
| ac_cv_c_littleendian=${ac_cv_c_littleendian=yes}
| ac_cv_c_bigendian=${ac_cv_c_bigendian=no}
| 
| # libnet
| ac_cv_libnet_endianess=${ac_cv_libnet_endianess=lil}
| 
| # libmemcached
| ac_cv_c_endian=little
| # general
| ac_cv_va_val_copy=${ac_cv_va_val_copy=yes}
| ac_cv_func_lstat_dereferences_slashed_symlink=${ac_cv_func_lstat_dereferences_slashed_symlink=yes}
| ac_cv_func_lstat_empty_string_bug=${ac_cv_func_lstat_empty_string_bug=no}
| ac_cv_func_stat_empty_string_bug=${ac_cv_func_stat_empty_string_bug=no}
| ac_cv_func_stat_ignores_trailing_slash=${ac_cv_func_stat_ignores_trailing_slash=no}
| 
| # bash
| ac_cv_c_long_double=${ac_cv_c_long_double=yes}
| bash_cv_func_sigsetjmp=${bash_cv_func_sigsetjmp=missing}
| 
| # coreutils
| utils_cv_sys_open_max=${utils_cv_sys_open_max=1019}
| 
| # cvs
| cvs_cv_func_printf_ptr=${cvs_cv_func_printf_ptr=yes}
| 
| # db (sleepycat)
| db_cv_fcntl_f_setfd=${db_cv_fcntl_f_setfd=yes}
| db_cv_sprintf_count=${db_cv_sprintf_count=yes}
| db_cv_align_t=${db_cv_align_t='unsigned long long'}
| db_cv_alignp_t=${db_cv_alignp_t='unsigned long'}
| 
| # D-BUS
| ac_cv_func_posix_getpwnam_r=${ac_cv_func_posix_getpwnam_r=yes}
| 
| # edb
| db_cv_spinlocks=${db_cv_spinlocks=no}
| 
| # ettercap
| ettercap_cv_type_socklen_t=${ettercap_cv_type_socklen_t=yes}
| 
| # fget
| compat_cv_func_snprintf_works=${compat_cv_func_snprintf_works=yes}
| compat_cv_func_basename_works=${compat_cv_func_basename_works=no}
| compat_cv_func_dirname_works=${compat_cv_func_dirname_works=no}
| 
| # fnmatch
| ac_cv_func_fnmatch_works=${ac_cv_func_fnmatch_works=yes}
| 
| # gettext
| am_cv_func_working_getline=${am_cv_func_working_getline=yes}
| 
| # glib
| glib_cv_stack_grows=${glib_cv_stack_grows=no}
| glib_cv_uscore=${glib_cv_uscore=no}
| glib_cv_use_pid_surrogate=${glib_cv_use_pid_surrogate=yes}
| glib_cv_has__inline=${glib_cv_has__inline=yes}
| glib_cv_has__inline__=${glib_cv_has__inline__=yes}
| glib_cv_hasinline=${glib_cv_hasinline=yes}
| glib_cv_sane_realloc=${glib_cv_sane_realloc=yes}
| glib_cv_uscore=${glib_cv_uscore=no}
| glib_cv_va_val_copy=${glib_cv_va_val_copy=yes}
| glib_cv_rtldglobal_broken=${glib_cv_rtldglobal_broken=no}
| glib_cv_sys_pthread_mutex_trylock_posix=${glib_cv_sys_pthread_mutex_trylock_posix=yes}
| glib_cv_sys_pthread_getspecific_posix=${glib_cv_sys_pthread_getspecific_posix=yes}
| glib_cv_sys_pthread_cond_timedwait_posix=${glib_cv_sys_pthread_cond_timedwait_posix=yes}
| 
| # glib-2.0
| glib_cv_long_long_format=${glib_cv_long_long_format=ll}
| glib_cv_sys_use_pid_niceness_surrogate=${glib_cv_sys_use_pid_niceness_surrogate=yes}
| 
| #gstreamer
| as_cv_unaligned_access=${as_cv_unaligned_access=no}
| 
| # httppc
| ac_cv_strerror_r_SUSv3=${ac_cv_strerror_r_SUSv3=no}
| 
| # lftp
| ac_cv_need_trio=${ac_cv_need_trio=no}
| lftp_cv_va_val_copy=${lftp_cv_va_val_copy=yes}
| 
| # libesmtp
| acx_working_snprintf=${acx_working_snprintf=yes}
| 
| # libidl
| libIDL_cv_long_long_format=${libIDL_cv_long_long_format=ll}
| 
| # libnet 
| ac_libnet_have_packet_socket=${ac_libnet_have_packet_socket=yes}
| 
| # libpcap
| ac_cv_linux_vers=${ac_cv_linux_vers=2}
| 
| # libxfce4util
| with_broken_putenv=${with_broken_putenv=no}
| 
| # links
| ac_cv_lib_png_png_create_info_struct=${ac_cv_lib_png_png_create_info_struct=yes}
| 
| # mysql
| mysql_cv_func_atomic_sub=${mysql_cv_func_atomic_sub=no}
| mysql_cv_func_atomic_add=${mysql_cv_func_atomic_add=no}
| 
| # nano
| ac_cv_regexec_segfault_emptystr=${ac_cv_regexec_segfault_emptystr=no}
| nano_cv_func_regexec_segv_emptystr=${nano_cv_func_regexec_segv_emptystr=no}
| 
| # php
| ac_cv_pread=${ac_cv_pread=no}
| ac_cv_pwrite=${ac_cv_pwrite=no}
| php_cv_lib_cookie_io_functions_use_off64_t=${php_cv_lib_cookie_io_functions_use_off64_t=yes}
| 
| # rsync
| rsync_cv_HAVE_BROKEN_LARGEFILE=${rsync_cv_HAVE_BROKEN_LARGEFILE=no}
| rsync_cv_HAVE_SOCKETPAIR=${rsync_cv_HAVE_SOCKETPAIR=yes}
| rsync_cv_HAVE_LONGLONG=${rsync_cv_HAVE_LONGLONG=yes}
| rsync_cv_HAVE_OFF64_T=${rsync_cv_HAVE_OFF64_T=no}
| rsync_cv_HAVE_SHORT_INO_T=${rsync_cv_HAVE_SHORT_INO_T=no}
| rsync_cv_HAVE_UNSIGNED_CHAR=${rsync_cv_HAVE_UNSIGNED_CHAR=no}
| rsync_cv_HAVE_BROKEN_READDIR=${rsync_cv_HAVE_BROKEN_READDIR=no}
| rsync_cv_HAVE_GETTIMEOFDAY_TZ=${rsync_cv_HAVE_GETTIMEOFDAY_TZ=yes}
| rsync_cv_HAVE_SECURE_MKSTEMP=${rsync_cv_HAVE_SECURE_MKSTEMP=yes}
| rsync_cv_REPLACE_INET_NTOA=${rsync_cv_REPLACE_INET_NTOA=no}
| rsync_cv_REPLACE_INET_ATON=${rsync_cv_REPLACE_INET_ATON=no}
| 
| # screen
| screen_cv_sys_bcopy_overlap=${screen_cv_sys_bcopy_overlap=no}
| screen_cv_sys_memcpy_overlap=${screen_cv_sys_memcpy_overlap=no}
| screen_cv_sys_memmove_overlap=${screen_cv_sys_memmove_overlap=no}
| screen_cv_sys_fifo_broken_impl=${screen_cv_sys_fifo_broken_impl=yes}
| screen_cv_sys_fifo_usable=${screen_cv_sys_fifo_usable=yes}
| screen_cv_sys_select_broken_retval=${screen_cv_sys_select_broken_retval=no}
| screen_cv_sys_sockets_nofs=${screen_cv_sys_sockets_nofs=no}
| screen_cv_sys_sockets_usable=${screen_cv_sys_sockets_usable=yes}
| screen_cv_sys_terminfo_used=${screen_cv_sys_terminfo_used=yes}
| 
| # slrn
| slrn_cv_va_val_copy=${slrn_cv_va_val_copy=yes}
| 
| # socat
| ac_cv_ispeed_offset=${ac_cv_ispeed_offset=13}
| sc_cv_termios_ispeed=${sc_cv_termios_ispeed=yes}
| 
| # ssh
| ac_cv_have_space_d_name_in_struct_dirent=${ac_cv_dirent_have_space_d_name=yes}
| ac_cv_have_broken_snprintf=${ac_cv_have_broken_snprintf=no}
| ac_cv_have_accrights_in_msghdr=${ac_cv_have_accrights_in_msghdr=no}
| ac_cv_have_control_in_msghdr=${ac_cv_have_control_in_msghdr=yes}
| ac_cv_have_openpty_ctty_bug=${ac_cv_have_openpty_ctty_bug=yes}
| 
| # startup-notification
| lf_cv_sane_realloc=yes
| 
| # xffm
| jm_cv_func_working_readdir=yes
| 
| # evolution-data-server
| ac_cv_libiconv_utf8=${ac_cv_libiconv_utf8=yes}
| 
| # definitions assuming 32-bit arm architecture
| 
| # apache
| ac_cv_sizeof_size_t=${ac_cv_sizeof_size_t=4}
| ac_cv_sizeof_ssize_t=${ac_cv_sizeof_ssize_t=4}
| 
| # glib
| glib_cv_sizeof_gmutex=${glib_cv_sizeof_gmutex=24}
| glib_cv_sizeof_system_thread=${glib_cv_sizeof_system_thread=4}
| glib_cv_sizeof_gmutex=${glib_cv_sizeof_gmutex=24}
| 
| # glib-2.0
| glib_cv_sizeof_gmutex=${glib_cv_sizeof_gmutex=24}
| glib_cv_sizeof_intmax_t=${glib_cv_sizeof_intmax_t=8}
| glib_cv_sizeof_ptrdiff_t=${glib_cv_sizeof_ptrdiff_t=4}
| glib_cv_sizeof_size_t=${glib_cv_sizeof_size_t=4}
| glib_cv_sizeof_system_thread=${glib_cv_sizeof_system_thread=4}
| ac_cv_alignof_guint32=4
| ac_cv_alignof_guint64=8
| ac_cv_alignof_unsigned_long=4
| 
| # jikes
| ac_cv_sizeof_wchar_t=4
| 
| # ORBit2
| ac_cv_alignof_CORBA_boolean=1
| ac_cv_alignof_CORBA_char=1
| ac_cv_alignof_CORBA_double=8
| ac_cv_alignof_CORBA_float=4
| ac_cv_alignof_CORBA_long=4
| ac_cv_alignof_CORBA_long_double=8
| ac_cv_alignof_CORBA_long_long=8
| ac_cv_alignof_CORBA_octet=1
| ac_cv_alignof_CORBA_pointer=4
| ac_cv_alignof_CORBA_short=2
| ac_cv_alignof_CORBA_struct=1
| ac_cv_alignof_CORBA_wchar=2
| 
| # at-spi2-core
| ac_cv_alignof_char=1
| ac_cv_alignof_dbind_pointer=4
| ac_cv_alignof_dbind_struct=1
| ac_cv_alignof_dbus_bool_t=4
| ac_cv_alignof_dbus_int16_t=2
| ac_cv_alignof_dbus_int32_t=4
| ac_cv_alignof_dbus_int64_t=8
| ac_cv_alignof_double=8
| # gettext - these add sleep delays otherwise
| gl_cv_func_sleep_works=${gl_cv_func_sleep_works=yes}
| gl_cv_header_working_fcntl_h=${gl_cv_header_working_fcntl_h=yes}
| 
| # apr
| ac_cv_file__dev_zero=${ac_cv_file__dev_zero=yes}
| ac_cv_sizeof_pid_t=${ac_cv_sizeof_pid_t=4}
| ac_cv_func_pthread_key_delete=${ac_cv_func_pthread_key_delete=yes}
| apr_cv_tcp_nodelay_with_cork=${apr_cv_tcp_nodelay_with_cork=yes}
| apr_cv_process_shared_works=${apr_cv_process_shared_works=no}
| 
| # samba
| samba_cv_HAVE_IFACE_AIX=${samba_cv_HAVE_IFACE_AIX=no}
| samba_cv_HAVE_IFACE_IFCONF=${samba_cv_HAVE_IFACE_IFCONF=yes}
| samba_cv_HAVE_IFACE_IFREQ=${samba_cv_HAVE_IFACE_IFREQ=yes}
| samba_cv_HAVE_IRIX_SPECIFIC_CAPABILITIES=${samba_cv_HAVE_IRIX_SPECIFIC_CAPABILITIES=no}
| 
| # db
| db_cv_path_ar=${db_cv_path_ar=/usr/bin/ar}
| db_cv_path_chmod=${db_cv_path_chmod=/bin/chmod}
| db_cv_path_cp=${db_cv_path_cp=/bin/cp}
| db_cv_path_ln=${db_cv_path_ln=/bin/ln}
| db_cv_path_mkdir=${db_cv_path_mkdir=/bin/mkdir}
| db_cv_path_ranlib=${db_cv_path_ranlib=/usr/bin/ranlib}
| db_cv_path_rm=${db_cv_path_rm=/bin/rm}
| db_cv_path_sh=${db_cv_path_sh=/bin/sh}
| db_cv_path_strip=${db_cv_path_strip=/usr/bin/strip}
| 
| # bash
| bash_cv_have_mbstate_t=${bash_cv_have_mbstate_t=yes}
| bash_cv_must_reinstall_sighandlers=${bash_cv_must_reinstall_sighandlers=no}
| bash_cv_func_strcoll_broken=${bash_cv_func_strcoll_broken=no}
| bash_cv_dup2_broken=${bash_cv_dup2_broken=no}
| bash_cv_opendir_not_robust=${bash_cv_opendir_not_robust=no}
| bash_cv_type_rlimit=${bash_cv_type_rlimit=rlim_t}
| bash_cv_getenv_redef=${bash_cv_getenv_redef=yes}
| bash_cv_ulimit_maxfds=${bash_cv_ulimit_maxfds=yes}
| bash_cv_getcwd_calls_popen=${bash_cv_getcwd_calls_popen=no}
| bash_cv_printf_a_format=${bash_cv_printf_a_format=yes}
| bash_cv_pgrp_pipe=${bash_cv_pgrp_pipe=no}
| bash_cv_job_control_missing=${bash_cv_job_control_missing=present}
| bash_cv_sys_named_pipes=${bash_cv_sys_named_pipes=present}
| bash_cv_unusable_rtsigs=${bash_cv_unusable_rtsigs=no}
| 
| # ccache
| hw_cv_func_snprintf_c99=${hw_cv_func_snprintf_c99=yes}
| hw_cv_func_vsnprintf_c99=${hw_cv_func_vsnprintf_c99=yes}
| 
| # coreutils
| ac_cv_func_chown_works=${ac_cv_func_chown_works=yes}
| ac_cv_func_utime_null=${ac_cv_func_utime_null=yes}
| gl_cv_func_fstatat_zero_flag=${gl_cv_func_fstatat_zero_flag=yes}
| gl_cv_func_link_follows_symlink=${gl_cv_func_link_follows_symlink=no}
| gl_cv_func_unlink_busy_text=${gl_cv_func_unlink_busy_text=yes}
| gl_cv_have_proc_uptime=${gl_cv_have_proc_uptime=yes}
| gl_cv_pipes_are_fifos=${gl_cv_pipes_are_fifos='yes (1)'}
| 
| # mysql
| ac_cv_sys_restartable_syscalls=${ac_cv_sys_restartable_syscalls=yes}
| ac_cv_conv_longlong_to_float=${ac_cv_conv_longlong_to_float=yes}
| 
| # TCL
| tcl_cv_api_serial=${tcl_cv_api_serial=termios}
| 
| # python
| ac_cv_have_long_long_format=yes
| 
| # apache
| ac_cv_o_nonblock_inherited=${ac_cv_o_nonblock_inherited=no}
| 
| # rsync
| rsync_cv_HAVE_C99_VSNPRINTF=${rsync_cv_HAVE_C99_VSNPRINTF=yes}
| # general
| ac_cv_have_decl_sys_siglist=${ac_cv_have_decl_sys_siglist=yes}
| ac_cv_func_calloc_0_nonnull=${ac_cv_func_calloc_0_nonnull=yes}
| ac_cv_func_realloc_works=${ac_cv_func_realloc_works=yes}
| ac_cv_func_realloc_0_nonnull=${ac_cv_func_realloc_0_nonnull=yes}
| ac_cv_func_malloc_works=${ac_cv_func_malloc_works=yes}
| ac_cv_func_malloc_0_nonnull=${ac_cv_func_malloc_0_nonnull=yes}
| ac_cv_func_memcmp_working=${ac_cv_func_memcmp_working=yes}
| ac_cv_func_getpgrp_void=yes
| ac_cv_func_setpgrp_void=yes
| ac_cv_func_setgrent_void=yes
| ac_cv_func_getgrgid_r=${ac_cv_func_getgrgid_r=yes}
| ac_cv_func_getpwuid_r=${ac_cv_func_getpwuid_r=yes}
| ac_cv_func_posix_getpwuid_r=${ac_cv_func_posix_getpwuid_r=yes}
| ac_cv_func_posix_getgrgid_r=${ac_cv_func_posix_getgrgid_r=yes}
| ac_cv_type_uid_t={ac_cv_type_uid_t=yes}
| ac_cv_func_getaddrinfo=${ac_cv_func_getaddrinfo=yes}
| ac_cv_func_strtod=${ac_cv_func_strtod=yes}
| 
| # bash
| bash_cv_under_sys_siglist=${bash_cv_under_sys_siglist=yes}
| bash_cv_sys_siglist=${bash_cv_sys_siglist=yes}
| bash_cv_getcwd_malloc=${bash_cv_getcwd_malloc=yes}
| 
| # clamav
| clamav_av_func_working_snprintf_long=${clamav_av_func_working_snprintf_long=yes}
| clamav_av_have_in_port_t=${clamav_av_have_in_port_t=yes}
| clamav_av_have_in_addr_t=${clamav_av_have_in_addr_t=yes}
| ac_cv_func_mmap_fixed_mapped=${ac_cv_func_mmap_fixed_mapped=yes}
| 
| # coreutils
| fu_cv_sys_stat_statfs2_bsize=${fu_cv_sys_stat_statfs2_bsize=yes}
| gl_cv_func_getcwd_abort_bug=${gl_cv_func_getcwd_abort_bug=no}
| gl_cv_func_getcwd_null=${gl_cv_func_getcwd_null=yes}
| gl_cv_func_getcwd_path_max=${gl_cv_func_getcwd_path_max=yes}
| ac_cv_func_getgroups_works=${ac_cv_func_getgroups_works=yes}
| gl_cv_func_nanosleep=${gl_cv_func_nanosleep='no (mishandles large arguments)'}
| gl_cv_func_working_mkstemp=${gl_cv_func_working_mkstemp=yes}
| gl_cv_func_working_mktime=${gl_cv_func_working_mktime=yes}
| gl_cv_func_working_utimes=${gl_cv_func_working_utimes=yes}
| 
| # glib
| glib_cv_strlcpy=${glib_cv_strlcpy=no}
| ac_cv_func_printf_unix98=${ac_cv_func_printf_unix98=yes}
| ac_cv_func_snprintf_c99=${ac_cv_func_snprintf_c99=yes}
| ac_cv_func_vsnprintf_c99=${ac_cv_func_vsnprintf_c99=yes}
| glib_cv_compliant_posix_memalign=${glib_cv_compliant_posix_memalign=1}
| glib_cv_long_long_format=${glib_cv_long_long_format=ll}
| # glib-1.x requires this and pkgconfig-native / pkgconfig-nativesdk use
| # that to avoid a dependency loop.
| glib_cv___va_copy=${glib_cv___va_copy=yes}
| glib_cv_va_copy=${glib_cv_va_copy=yes}
| glib_cv_have_qsort_r=${glib_cv_have_qsort_r=yes}
| 
| #dbus-glib
| ac_cv_have_abstract_sockets=${ac_cv_have_abstract_sockets=yes}
| 
| # gnucash
| am_cv_scanf_lld=${am_cv_scanf_lld=yes}
| 
| # guile
| ac_cv_func_pthread_attr_getstack=${ac_cv_func_pthread_attr_getstack=yes}
| 
| #gcc-zlib
| ac_cv_func_getpagesize=${ac_cv_func_getpagesize=yes}
| ac_cv_func_memcpy=${ac_cv_func_memcpy=yes}
| ac_cv_func_strerror=${ac_cv_func_strerror=yes}
| 
| # squid
| ac_cv_af_unix_large_dgram=${ac_cv_af_unix_large_dgram=yes}
| ac_cv_func_setresuid=${ac_cv_func_setresuid=yes}
| ac_cv_func_va_copy=${ac_cv_func_va_copy=yes}
| ac_cv_func___va_copy=${ac_cv_func___va_copy=yes}
| ac_cv_epoll_works=${ac_cv_epoll_works=yes}
| 
| ac_cv_check_sjlj=ssjlj
| 
| # m4
| gt_cv_locale_fr=${gt_cv_locale_fr=fr_FR}
| gl_cv_func_btowc_eof=${gl_cv_func_btowc_eof=yes}
| gl_cv_func_wcrtomb_retval=${gl_cv_func_wcrtomb_retval=yes}
| gl_cv_func_wctob_works=${gl_cv_func_wctob_works=yes}
| gl_cv_func_mbrtowc_incomplete_state=${gl_cv_func_mbrtowc_incomplete_state=yes}
| gl_cv_func_mbrtowc_sanitycheck=${gl_cv_func_mbrtowc_sanitycheck=yes}
| gl_cv_func_mbrtowc_null_arg=${gl_cv_func_mbrtowc_null_arg=yes}
| gl_cv_func_mbrtowc_retval=${gl_cv_func_mbrtowc_retval=yes}
| gl_cv_func_mbrtowc_nul_retval=${gl_cv_func_mbrtowc_nul_retval=yes}
| 
| # va_copy and _va_copy
| ac_cv_va_copy=${ac_cv_va_copy=yes}
| ac_cv___va_copy=${ac_cv___va_copy=yes}
| ac_cv_func_va_copy=${ac_cv_func_va_copy=yes}
| ac_cv_func___va_copy=${ac_cv_func___va_copy=yes}
| 
| # Xorg
| xorg_cv_malloc0_returns_null=${xorg_cv_malloc0_returns_null=yes}
| ac_cv_func_setvbuf_reversed=no
| ac_cv_sizeof___int64=${ac_cv_sizeof___int64=0}
| ac_cv_sizeof_char=${ac_cv_sizeof_char=1}
| ac_cv_sizeof_wchar_t=${ac_cv_sizeof_wchar_t=1}
| ac_cv_sizeof_unsigned_char=${ac_cv_sizeof_unsigned_char=1}
| ac_cv_sizeof_char_p=${ac_cv_sizeof_int_p=4}
| ac_cv_sizeof_int=${ac_cv_sizeof_int=4}
| ac_cv_sizeof_int_p=${ac_cv_sizeof_int_p=4}
| ac_cv_sizeof_long=${ac_cv_sizeof_long=4}
| ac_cv_sizeof_long_int=${ac_cv_sizeof_long_int=4}
| ac_cv_sizeof_long_long=${ac_cv_sizeof_long_long=8}
| ac_cv_sizeof_short=${ac_cv_sizeof_short=2}
| ac_cv_sizeof_short_int=${ac_cv_sizeof_short_int=2}
| ac_cv_sizeof_size_t=${ac_cv_sizeof_size_t=4}
| ac_cv_sizeof_void_p=${ac_cv_sizeof_void_p=4}
| ac_cv_sizeof_long_p=${ac_cv_sizeof_long_p=4}
| ac_cv_sizeof_float=${ac_cv_sizeof_float=4}
| ac_cv_sizeof_double=${ac_cv_sizeof_double=8}
| ac_cv_sizeof_long_double=${ac_cv_sizeof_long_double=8}
| ac_cv_sizeof_ptrdiff_t=${glib_cv_sizeof_ptrdiff_t=4}
| ac_cv_sizeof_unsigned_short=${ac_cv_sizeof_unsigned_short=2}
| ac_cv_sizeof_unsigned=${ac_cv_sizeof_unsigned=4}
| ac_cv_sizeof_unsigned_int=${ac_cv_sizeof_unsigned_int=4}
| ac_cv_sizeof_unsigned_long=${ac_cv_sizeof_unsigned_long=4}
| ac_cv_sizeof_unsigned_long_long=${ac_cv_sizeof_unsigned_long_long=8}
| ac_cv_sizeof_signed_char=${ac_cv_sizeof_signed_char=1}
| 
| ac_cv_uchar=${ac_cv_uchar=no}
| ac_cv_uint=${ac_cv_uint=yes}
| ac_cv_ulong=${ac_cv_ulong=yes}
| ac_cv_ushort=${ac_cv_ushort=yes}
| ac_cv_time_r_type=${ac_cv_time_r_type=POSIX}
| 
| # samba
| samba_cv_BROKEN_NISPLUS_INCLUDE_FILES=${samba_cv_BROKEN_NISPLUS_INCLUDE_FILES=yes}
| samba_cv_BROKEN_REDHAT_7_SYSTEM_HEADERS=${samba_cv_BROKEN_REDHAT_7_SYSTEM_HEADERS=no}
| samba_cv_HAVE_BROKEN_FCNTL64_LOCKS=${samba_cv_HAVE_BROKEN_FCNTL64_LOCKS=no}
| samba_cv_HAVE_BROKEN_GETGROUPS=${samba_cv_HAVE_BROKEN_GETGROUPS=no}
| samba_cv_HAVE_BROKEN_LINUX_SENDFILE=${samba_cv_HAVE_BROKEN_LINUX_SENDFILE=yes}
| samba_cv_HAVE_BROKEN_READDIR=${samba_cv_HAVE_BROKEN_READDIR=yes}
| samba_cv_HAVE_BROKEN_READDIR_NAME=${samba_cv_HAVE_BROKEN_READDIR_NAME=no}
| samba_cv_HAVE_C99_VSNPRINTF=${samba_cv_HAVE_C99_VSNPRINTF=yes}
| samba_cv_HAVE_DEV64_T=${samba_cv_HAVE_DEV64_T=no}
| samba_cv_HAVE_DEVICE_MAJOR_FN=${samba_cv_HAVE_DEVICE_MAJOR_FN=yes}
| samba_cv_HAVE_DEVICE_MINOR_FN=${samba_cv_HAVE_DEVICE_MINOR_FN=yes}
| samba_cv_HAVE_DQB_FSOFTLIMIT=${samba_cv_HAVE_DQB_FSOFTLIMIT=no}
| samba_cv_HAVE_EXPLICIT_LARGEFILE_SUPPORT=${samba_cv_HAVE_EXPLICIT_LARGEFILE_SUPPORT=yes}
| samba_cv_HAVE_FAM_H=${samba_cv_HAVE_FAM_H=no}
| samba_cv_HAVE_FCNTL_LOCK=${samba_cv_HAVE_FCNTL_LOCK=yes}
| samba_cv_HAVE_FTRUNCATE_EXTEND=${samba_cv_HAVE_FTRUNCATE_EXTEND=yes}
| samba_cv_HAVE_FUNCTION_MACRO=${samba_cv_HAVE_FUNCTION_MACRO=yes}
| samba_cv_HAVE_GETTIMEOFDAY_TZ=${samba_cv_HAVE_GETTIMEOFDAY_TZ=yes}
| samba_cv_HAVE_INO64_T=${samba_cv_HAVE_INO64_T=no}
| samba_cv_HAVE_INT16_FROM_RPC_RPC_H=${samba_cv_HAVE_INT16_FROM_RPC_RPC_H=no}
| samba_cv_HAVE_INT32_FROM_RPC_RPC_H=${samba_cv_HAVE_INT32_FROM_RPC_RPC_H=no}
| samba_cv_HAVE_KERNEL_CHANGE_NOTIFY=${samba_cv_HAVE_KERNEL_CHANGE_NOTIFY=yes}
| samba_cv_HAVE_KERNEL_OPLOCKS_LINUX=${samba_cv_HAVE_KERNEL_OPLOCKS_LINUX=yes}
| samba_cv_HAVE_KERNEL_SHARE_MODES=${samba_cv_HAVE_KERNEL_SHARE_MODES=yes}
| samba_cv_HAVE_MAKEDEV=${samba_cv_HAVE_MAKEDEV=yes}
| samba_cv_HAVE_MMAP=${samba_cv_HAVE_MMAP=yes}
| samba_cv_HAVE_NATIVE_ICONV=${samba_cv_HAVE_NATIVE_ICONV=yes}
| samba_cv_HAVE_OFF64_T=${samba_cv_HAVE_OFF64_T=no}
| samba_cv_HAVE_ROOT=${samba_cv_HAVE_ROOT=yes}
| samba_cv_HAVE_RPC_AUTH_ERROR_CONFLICT=${samba_cv_HAVE_RPC_AUTH_ERROR_CONFLICT=no}
| samba_cv_HAVE_SECURE_MKSTEMP=${samba_cv_HAVE_SECURE_MKSTEMP=yes}
| samba_cv_HAVE_SENDFILE=${samba_cv_HAVE_SENDFILE=yes}
| samba_cv_HAVE_SENDFILE64=${samba_cv_HAVE_SENDFILE64=yes}
| samba_cv_HAVE_SOCK_SIN_LEN=${samba_cv_HAVE_SOCK_SIN_LEN=no}
| samba_cv_HAVE_STAT_ST_BLKSIZE=${samba_cv_HAVE_STAT_ST_BLKSIZE=yes}
| samba_cv_HAVE_STAT_ST_BLOCKS=${samba_cv_HAVE_STAT_ST_BLOCKS=yes}
| samba_cv_HAVE_STRUCT_DIR64=${samba_cv_HAVE_STRUCT_DIR64=no}
| samba_cv_HAVE_STRUCT_DIRENT64=${samba_cv_HAVE_STRUCT_DIRENT64=yes}
| samba_cv_HAVE_STRUCT_FLOCK64=${samba_cv_HAVE_STRUCT_FLOCK64=yes}
| samba_cv_HAVE_TRUNCATED_SALT=${samba_cv_HAVE_TRUNCATED_SALT=no}
| samba_cv_HAVE_UINT16_FROM_RPC_RPC_H=${samba_cv_HAVE_UINT16_FROM_RPC_RPC_H=no}
| samba_cv_HAVE_UINT32_FROM_RPC_RPC_H=${samba_cv_HAVE_UINT32_FROM_RPC_RPC_H=no}
| samba_cv_HAVE_UNSIGNED_CHAR=${samba_cv_HAVE_UNSIGNED_CHAR=yes}
| samba_cv_HAVE_UTIMBUF=${samba_cv_HAVE_UTIMBUF=yes}
| samba_cv_HAVE_UT_UT_ADDR=${samba_cv_HAVE_UT_UT_ADDR=yes}
| samba_cv_HAVE_UT_UT_EXIT=${samba_cv_HAVE_UT_UT_EXIT=yes}
| samba_cv_HAVE_UT_UT_HOST=${samba_cv_HAVE_UT_UT_HOST=yes}
| samba_cv_HAVE_UT_UT_ID=${samba_cv_HAVE_UT_UT_ID=yes}
| samba_cv_HAVE_UT_UT_NAME=${samba_cv_HAVE_UT_UT_NAME=yes}
| samba_cv_HAVE_UT_UT_PID=${samba_cv_HAVE_UT_UT_PID=yes}
| samba_cv_HAVE_UT_UT_TIME=${samba_cv_HAVE_UT_UT_TIME=yes}
| samba_cv_HAVE_UT_UT_TV=${samba_cv_HAVE_UT_UT_TV=yes}
| samba_cv_HAVE_UT_UT_TYPE=${samba_cv_HAVE_UT_UT_TYPE=yes}
| samba_cv_HAVE_UT_UT_USER=${samba_cv_HAVE_UT_UT_USER=yes}
| samba_cv_HAVE_UX_UT_SYSLEN=${samba_cv_HAVE_UX_UT_SYSLEN=no}
| samba_cv_HAVE_VA_COPY=${samba_cv_HAVE_VA_COPY=yes}
| samba_cv_HAVE_WORKING_AF_LOCAL=${samba_cv_HAVE_WORKING_AF_LOCAL=yes}
| samba_cv_HAVE_Werror=${samba_cv_HAVE_Werror=yes}
| samba_cv_PUTUTLINE_RETURNS_UTMP=${samba_cv_PUTUTLINE_RETURNS_UTMP=yes}
| samba_cv_QUOTA_WORKS=${samba_cv_QUOTA_WORKS=yes}
| samba_cv_REALPATH_TAKES_NULL=${samba_cv_REALPATH_TAKES_NULL=yes}
| samba_cv_REPLACE_GETPASS=${samba_cv_REPLACE_GETPASS=yes}
| samba_cv_REPLACE_INET_NTOA=${samba_cv_REPLACE_INET_NTOA=no}
| samba_cv_REPLACE_READDIR=${samba_cv_REPLACE_READDIR=no}
| samba_cv_RUN_QUOTA_TESTS=${samba_cv_RUN_QUOTA_TESTS=yes}
| samba_cv_SEEKDIR_RETURNS_VOID=${samba_cv_SEEKDIR_RETURNS_VOID=yes}
| samba_cv_SIZEOF_DEV_T=${samba_cv_SIZEOF_DEV_T=yes}
| samba_cv_SIZEOF_INO_T=${samba_cv_SIZEOF_INO_T=yes}
| samba_cv_SIZEOF_OFF_T=${samba_cv_SIZEOF_OFF_T=yes}
| samba_cv_SYSCONF_SC_NGROUPS_MAX=${samba_cv_SYSCONF_SC_NGROUPS_MAX=yes}
| samba_cv_SYSCONF_SC_NPROCESSORS_ONLN=${samba_cv_SYSCONF_SC_NPROCESSORS_ONLN=yes}
| samba_cv_SYSCONF_SC_NPROC_ONLN=${samba_cv_SYSCONF_SC_NPROC_ONLN=no}
| samba_cv_SYSCONF_SC_PAGESIZE=${samba_cv_SYSCONF_SC_PAGESIZE=yes}
| samba_cv_SYSQUOTA_FOUND=${samba_cv_SYSQUOTA_FOUND=yes}
| samba_cv_SYSQUOTA_WORKS=${samba_cv_SYSQUOTA_WORKS=yes}
| samba_cv_SYSQUOTA_WORKS_XFS=${samba_cv_SYSQUOTA_WORKS_XFS=yes}
| samba_cv_TRY_QUOTAS=${samba_cv_TRY_QUOTAS=no}
| samba_cv_TRY_SYS_QUOTAS=${samba_cv_TRY_SYS_QUOTAS=yes}
| samba_cv_USE_SETRESUID=${samba_cv_USE_SETRESUID=yes}
| samba_cv_WE_USE_SYS_QUOTAS=${samba_cv_WE_USE_SYS_QUOTAS=yes}
| samba_cv_WITH_AFS=${samba_cv_WITH_AFS=no}
| samba_cv_WITH_FAKE_KASERVER=${samba_cv_WITH_FAKE_KASERVER=no}
| samba_cv_WITH_QUOTAS=${samba_cv_WITH_QUOTAS=auto}
| samba_cv_WITH_SYS_QUOTAS=${samba_cv_WITH_SYS_QUOTAS=auto}
| samba_cv_WITH_VFS_AFSACL=${samba_cv_WITH_VFS_AFSACL=no}
| samba_cv_compiler_supports_ll=${samba_cv_compiler_supports_ll=yes}
| samba_cv_found_xfs_header=${samba_cv_found_xfs_header=yes}
| samba_cv_have_longlong=${samba_cv_have_longlong=yes}
| samba_cv_have_setresgid=${samba_cv_have_setresgid=yes}
| samba_cv_have_setresuid=${samba_cv_have_setresuid=yes}
| samba_cv_immediate_structures=${samba_cv_immediate_structures=yes}
| samba_cv_optimize_out_funcation_calls=${samba_cv_optimize_out_funcation_calls=yes}
| samba_cv_sig_atomic_t=${samba_cv_sig_atomic_t=yes}
| samba_cv_socklen_t=${samba_cv_socklen_t=yes}
| samba_cv_struct_timespec=${samba_cv_struct_timespec=yes}
| samba_cv_sysquotas_file=${samba_cv_sysquotas_file=lib/sysquotas_linux.c}
| samba_cv_unixsocket=${samba_cv_unixsocket=yes}
| samba_cv_volatile=${samba_cv_volatile=yes}
| 
| #older sambe defines
| samba_cv_USE_SETEUID=${samba_cv_USE_SETEUID=yes}
| samba_cv_USE_SETREUID=${samba_cv_USE_SETREUID=yes}
| samba_cv_USE_SETUIDX=${samba_cv_USE_SETUIDX=yes}
| samba_cv_LINUX_LFS_SUPPORT=${samba_cv_LINUX_LFS_SUPPORT=yes}
| 
| # clamav
| clamav_av_func_working_snprintf_long=${clamav_av_func_working_snprintf_long=yes}
| clamav_av_have_in_port_t=${clamav_av_have_in_port_t=yes}
| clamav_av_have_in_addr_t=${clamav_av_have_in_addr_t=yes}
| 
| #dbus
| ac_cv_have_abstract_sockets=${ac_cv_have_abstract_sockets=yes}
| 
| # lftp
| ac_cv_file___dev_ptc_=yes
| 
| # guile
| ac_cv_func_pthread_attr_getstack=${ac_cv_func_pthread_attr_getstack=yes}
| 
| # gnet
| ac_cv_member_struct_sockaddr_sa_len=${ac_cv_member_struct_sockaddr_sa_len=no}
| ac_cv_gnet_have_abstract_sockets=${ac_cv_gnet_have_abstract_sockets=no}
| gnet_sockaddr_family_field_name=${gnet_sockaddr_family_field_name=ss_family}
| # libelf
| mr_cv_target_elf=${mr_cv_target_elf=yes}
| 
| # Normally kernels have /dev/random enabled
| ac_cv_file__dev_random=${ac_cv_file__dev_random=yes}
| 
| # Avoid sudo to assume void for unsetenv in cross environment, or else it conflicts with
| # target stdlib.h prototype which follows POSIX compiliance. Mark for upstream.
| sudo_cv_func_unsetenv_void=no
| 
| # shadow dir info, to avoid searching build system
| shadow_cv_maildir=${localstatedir}/spool/mail
| shadow_cv_mailfile=Mailbox
| shadow_cv_utmpdir=${localstatedir}/run
| shadow_cv_logdir=${localstatedir}/log
| shadow_cv_passwd_dir=${bindir}
| 
| # python: deactivate a runtime check for ipv6-support in python >=2.7.1 that fails when cross-compiling
| ac_cv_buggy_getaddrinfo=no
| 
| ac_cv_path_SED=${ac_cv_path_SED=sed}
configure:2272: checking build system type
configure:2286: result: x86_64-unknown-linux-gnu
configure:2306: checking host system type
configure:2319: result: arm-ostl-linux-gnueabi
configure:2339: checking target system type
configure:2352: result: arm-ostl-linux-gnueabi
configure:2397: checking for a BSD-compatible install
configure:2465: result: /usr/bin/install -c
configure:2476: checking whether build environment is sane
configure:2531: result: yes
configure:2590: checking for arm-ostl-linux-gnueabi-strip
configure:2617: result: arm-ostl-linux-gnueabi-strip
configure:2682: checking for a thread-safe mkdir -p
configure:2721: result: /bin/mkdir -p
configure:2728: checking for gawk
configure:2758: result: no
configure:2728: checking for mawk
configure:2744: found /usr/bin/mawk
configure:2755: result: mawk
configure:2766: checking whether make sets $(MAKE)
configure:2788: result: yes
configure:2817: checking whether make supports nested variables
configure:2834: result: yes
configure:2975: checking whether make supports nested variables
configure:2992: result: yes
configure:3008: checking whether to enable maintainer-specific portions of Makefiles
configure:3017: result: no
configure:3040: checking for arm-ostl-linux-gnueabi-gcc
configure:3067: result: arm-ostl-linux-gnueabi-gcc  -mthumb -mfpu=neon-vfpv4 -mfloat-abi=hard -mcpu=cortex-a7 --sysroot=/opt/st/stm32mp1/3.1-snapshot/sysroots/cortexa7t2hf-neon-vfpv4-ostl-linux-gnueabi
configure:3336: checking for C compiler version
configure:3345: arm-ostl-linux-gnueabi-gcc  -mthumb -mfpu=neon-vfpv4 -mfloat-abi=hard -mcpu=cortex-a7 --sysroot=/opt/st/stm32mp1/3.1-snapshot/sysroots/cortexa7t2hf-neon-vfpv4-ostl-linux-gnueabi --version >&5
arm-ostl-linux-gnueabi-gcc (GCC) 9.3.0
Copyright (C) 2019 Free Software Foundation, Inc.
This is free software; see the source for copying conditions.  There is NO
warranty; not even for MERCHANTABILITY or FITNESS FOR A PARTICULAR PURPOSE.

configure:3356: $? = 0
configure:3345: arm-ostl-linux-gnueabi-gcc  -mthumb -mfpu=neon-vfpv4 -mfloat-abi=hard -mcpu=cortex-a7 --sysroot=/opt/st/stm32mp1/3.1-snapshot/sysroots/cortexa7t2hf-neon-vfpv4-ostl-linux-gnueabi -v >&5
Using built-in specs.
COLLECT_GCC=arm-ostl-linux-gnueabi-gcc
COLLECT_LTO_WRAPPER=/opt/st/stm32mp1/3.1-snapshot/sysroots/x86_64-ostl_sdk-linux/usr/libexec/arm-ostl-linux-gnueabi/gcc/arm-ostl-linux-gnueabi/9.3.0/lto-wrapper
Target: arm-ostl-linux-gnueabi
Configured with: ../../../../../../work-shared/gcc-9.3.0-r0/gcc-9.3.0/configure --build=x86_64-linux --host=x86_64-ostl_sdk-linux --target=arm-ostl-linux-gnueabi --prefix=/opt/st/stm32mp1/3.1-snapshot/sysroots/x86_64-ostl_sdk-linux/usr --exec_prefix=/opt/st/stm32mp1/3.1-snapshot/sysroots/x86_64-ostl_sdk-linux/usr --bindir=/opt/st/stm32mp1/3.1-snapshot/sysroots/x86_64-ostl_sdk-linux/usr/bin/arm-ostl-linux-gnueabi --sbindir=/opt/st/stm32mp1/3.1-snapshot/sysroots/x86_64-ostl_sdk-linux/usr/bin/arm-ostl-linux-gnueabi --libexecdir=/opt/st/stm32mp1/3.1-snapshot/sysroots/x86_64-ostl_sdk-linux/usr/libexec/arm-ostl-linux-gnueabi --datadir=/opt/st/stm32mp1/3.1-snapshot/sysroots/x86_64-ostl_sdk-linux/usr/share --sysconfdir=/opt/st/stm32mp1/3.1-snapshot/sysroots/x86_64-ostl_sdk-linux/etc --sharedstatedir=/opt/st/stm32mp1/3.1-snapshot/sysroots/x86_64-ostl_sdk-linux/com --localstatedir=/opt/st/stm32mp1/3.1-snapshot/sysroots/x86_64-ostl_sdk-linux/var --libdir=/opt/st/stm32mp1/3.1-snapshot/sysroots/x86_64-ostl_sdk-linux/usr/lib/arm-ostl-linux-gnueabi --includedir=/opt/st/stm32mp1/3.1-snapshot/sysroots/x86_64-ostl_sdk-linux/usr/include --oldincludedir=/opt/st/stm32mp1/3.1-snapshot/sysroots/x86_64-ostl_sdk-linux/usr/include --infodir=/opt/st/stm32mp1/3.1-snapshot/sysroots/x86_64-ostl_sdk-linux/usr/share/info --mandir=/opt/st/stm32mp1/3.1-snapshot/sysroots/x86_64-ostl_sdk-linux/usr/share/man --disable-silent-rules --disable-dependency-tracking --with-libtool-sysroot=/home/alientek/alientek/build-openstlinux-weston-stm32mp1-Qt5.12.9/tmp-glibc/work/x86_64-nativesdk-ostl_sdk-linux/gcc-cross-canadian-arm/9.3.0-r0/recipe-sysroot --with-gnu-ld --enable-shared --enable-languages=c,c++ --enable-threads=posix --enable-multilib --enable-c99 --enable-long-long --enable-symvers=gnu --enable-libstdcxx-pch --program-prefix=arm-ostl-linux-gnueabi- --without-local-prefix --disable-install-libiberty --enable-lto --disable-libssp --enable-libitm --disable-bootstrap --disable-libmudflap --with-system-zlib --with-linker-hash-style=gnu --enable-linker-build-id --with-ppl=no --with-cloog=no --enable-checking=release --enable-cheaders=c_global --without-isl --with-gxx-include-dir=/not/exist/usr/include/c++/9.3.0 --with-build-time-tools=/home/alientek/alientek/build-openstlinux-weston-stm32mp1-Qt5.12.9/tmp-glibc/work/x86_64-nativesdk-ostl_sdk-linux/gcc-cross-canadian-arm/9.3.0-r0/recipe-sysroot-native/usr/arm-ostl-linux-gnueabi/bin --with-sysroot=/not/exist --with-build-sysroot=/home/alientek/alientek/build-openstlinux-weston-stm32mp1-Qt5.12.9/tmp-glibc/work/x86_64-nativesdk-ostl_sdk-linux/gcc-cross-canadian-arm/9.3.0-r0/recipe-sysroot --enable-poison-system-directories --disable-static --enable-nls --with-glibc-version=2.28 --enable-initfini-array
Thread model: posix
gcc version 9.3.0 (GCC) 
configure:3356: $? = 0
configure:3345: arm-ostl-linux-gnueabi-gcc  -mthumb -mfpu=neon-vfpv4 -mfloat-abi=hard -mcpu=cortex-a7 --sysroot=/opt/st/stm32mp1/3.1-snapshot/sysroots/cortexa7t2hf-neon-vfpv4-ostl-linux-gnueabi -V >&5
arm-ostl-linux-gnueabi-gcc: error: unrecognized command line option '-V'
arm-ostl-linux-gnueabi-gcc: fatal error: no input files
compilation terminated.
configure:3356: $? = 1
configure:3345: arm-ostl-linux-gnueabi-gcc  -mthumb -mfpu=neon-vfpv4 -mfloat-abi=hard -mcpu=cortex-a7 --sysroot=/opt/st/stm32mp1/3.1-snapshot/sysroots/cortexa7t2hf-neon-vfpv4-ostl-linux-gnueabi -qversion >&5
arm-ostl-linux-gnueabi-gcc: error: unrecognized command line option '-qversion'; did you mean '--version'?
arm-ostl-linux-gnueabi-gcc: fatal error: no input files
compilation terminated.
configure:3356: $? = 1
configure:3376: checking whether the C compiler works
configure:3398: arm-ostl-linux-gnueabi-gcc  -mthumb -mfpu=neon-vfpv4 -mfloat-abi=hard -mcpu=cortex-a7 --sysroot=/opt/st/stm32mp1/3.1-snapshot/sysroots/cortexa7t2hf-neon-vfpv4-ostl-linux-gnueabi  -O2 -pipe -g -feliminate-unused-debug-types   -Wl,-O1 -Wl,--hash-style=gnu -Wl,--as-needed conftest.c  >&5
configure:3402: $? = 0
configure:3450: result: yes
configure:3453: checking for C compiler default output file name
configure:3455: result: a.out
configure:3461: checking for suffix of executables
configure:3468: arm-ostl-linux-gnueabi-gcc  -mthumb -mfpu=neon-vfpv4 -mfloat-abi=hard -mcpu=cortex-a7 --sysroot=/opt/st/stm32mp1/3.1-snapshot/sysroots/cortexa7t2hf-neon-vfpv4-ostl-linux-gnueabi -o conftest  -O2 -pipe -g -feliminate-unused-debug-types   -Wl,-O1 -Wl,--hash-style=gnu -Wl,--as-needed conftest.c  >&5
configure:3472: $? = 0
configure:3494: result: 
configure:3516: checking whether we are cross compiling
configure:3524: arm-ostl-linux-gnueabi-gcc  -mthumb -mfpu=neon-vfpv4 -mfloat-abi=hard -mcpu=cortex-a7 --sysroot=/opt/st/stm32mp1/3.1-snapshot/sysroots/cortexa7t2hf-neon-vfpv4-ostl-linux-gnueabi -o conftest  -O2 -pipe -g -feliminate-unused-debug-types   -Wl,-O1 -Wl,--hash-style=gnu -Wl,--as-needed conftest.c  >&5
configure:3528: $? = 0
configure:3535: ./conftest
./configure: line 3537: ./conftest: cannot execute binary file: Exec format error
configure:3539: $? = 126
configure:3554: result: yes
configure:3559: checking for suffix of object files
configure:3581: arm-ostl-linux-gnueabi-gcc  -mthumb -mfpu=neon-vfpv4 -mfloat-abi=hard -mcpu=cortex-a7 --sysroot=/opt/st/stm32mp1/3.1-snapshot/sysroots/cortexa7t2hf-neon-vfpv4-ostl-linux-gnueabi -c  -O2 -pipe -g -feliminate-unused-debug-types   conftest.c >&5
configure:3585: $? = 0
configure:3606: result: o
configure:3610: checking whether we are using the GNU C compiler
configure:3629: arm-ostl-linux-gnueabi-gcc  -mthumb -mfpu=neon-vfpv4 -mfloat-abi=hard -mcpu=cortex-a7 --sysroot=/opt/st/stm32mp1/3.1-snapshot/sysroots/cortexa7t2hf-neon-vfpv4-ostl-linux-gnueabi -c  -O2 -pipe -g -feliminate-unused-debug-types   conftest.c >&5
configure:3629: $? = 0
configure:3638: result: yes
configure:3647: checking whether arm-ostl-linux-gnueabi-gcc  -mthumb -mfpu=neon-vfpv4 -mfloat-abi=hard -mcpu=cortex-a7 --sysroot=/opt/st/stm32mp1/3.1-snapshot/sysroots/cortexa7t2hf-neon-vfpv4-ostl-linux-gnueabi accepts -g
configure:3667: arm-ostl-linux-gnueabi-gcc  -mthumb -mfpu=neon-vfpv4 -mfloat-abi=hard -mcpu=cortex-a7 --sysroot=/opt/st/stm32mp1/3.1-snapshot/sysroots/cortexa7t2hf-neon-vfpv4-ostl-linux-gnueabi -c -g  conftest.c >&5
configure:3667: $? = 0
configure:3708: result: yes
configure:3725: checking for arm-ostl-linux-gnueabi-gcc  -mthumb -mfpu=neon-vfpv4 -mfloat-abi=hard -mcpu=cortex-a7 --sysroot=/opt/st/stm32mp1/3.1-snapshot/sysroots/cortexa7t2hf-neon-vfpv4-ostl-linux-gnueabi option to accept ISO C89
configure:3788: arm-ostl-linux-gnueabi-gcc  -mthumb -mfpu=neon-vfpv4 -mfloat-abi=hard -mcpu=cortex-a7 --sysroot=/opt/st/stm32mp1/3.1-snapshot/sysroots/cortexa7t2hf-neon-vfpv4-ostl-linux-gnueabi  -c  -O2 -pipe -g -feliminate-unused-debug-types   conftest.c >&5
configure:3788: $? = 0
configure:3801: result: none needed
configure:3826: checking whether arm-ostl-linux-gnueabi-gcc  -mthumb -mfpu=neon-vfpv4 -mfloat-abi=hard -mcpu=cortex-a7 --sysroot=/opt/st/stm32mp1/3.1-snapshot/sysroots/cortexa7t2hf-neon-vfpv4-ostl-linux-gnueabi understands -c and -o together
configure:3848: arm-ostl-linux-gnueabi-gcc  -mthumb -mfpu=neon-vfpv4 -mfloat-abi=hard -mcpu=cortex-a7 --sysroot=/opt/st/stm32mp1/3.1-snapshot/sysroots/cortexa7t2hf-neon-vfpv4-ostl-linux-gnueabi -c conftest.c -o conftest2.o
configure:3851: $? = 0
configure:3848: arm-ostl-linux-gnueabi-gcc  -mthumb -mfpu=neon-vfpv4 -mfloat-abi=hard -mcpu=cortex-a7 --sysroot=/opt/st/stm32mp1/3.1-snapshot/sysroots/cortexa7t2hf-neon-vfpv4-ostl-linux-gnueabi -c conftest.c -o conftest2.o
configure:3851: $? = 0
configure:3863: result: yes
configure:3891: checking for style of include used by make
configure:3919: result: GNU
configure:3945: checking dependency style of arm-ostl-linux-gnueabi-gcc  -mthumb -mfpu=neon-vfpv4 -mfloat-abi=hard -mcpu=cortex-a7 --sysroot=/opt/st/stm32mp1/3.1-snapshot/sysroots/cortexa7t2hf-neon-vfpv4-ostl-linux-gnueabi
configure:4056: result: gcc3
configure:4075: checking for arm-ostl-linux-gnueabi-gcc  -mthumb -mfpu=neon-vfpv4 -mfloat-abi=hard -mcpu=cortex-a7 --sysroot=/opt/st/stm32mp1/3.1-snapshot/sysroots/cortexa7t2hf-neon-vfpv4-ostl-linux-gnueabi option to accept ISO C99
configure:4224: arm-ostl-linux-gnueabi-gcc  -mthumb -mfpu=neon-vfpv4 -mfloat-abi=hard -mcpu=cortex-a7 --sysroot=/opt/st/stm32mp1/3.1-snapshot/sysroots/cortexa7t2hf-neon-vfpv4-ostl-linux-gnueabi  -c  -O2 -pipe -g -feliminate-unused-debug-types   conftest.c >&5
configure:4224: $? = 0
configure:4237: result: none needed
configure:4345: checking for arm-ostl-linux-gnueabi-gcc  -mthumb -mfpu=neon-vfpv4 -mfloat-abi=hard -mcpu=cortex-a7 --sysroot=/opt/st/stm32mp1/3.1-snapshot/sysroots/cortexa7t2hf-neon-vfpv4-ostl-linux-gnueabi option to accept ISO Standard C
configure:4356: result: none needed
configure:4368: checking how to run the C preprocessor
configure:4438: result: arm-ostl-linux-gnueabi-gcc -E  -mthumb -mfpu=neon-vfpv4 -mfloat-abi=hard -mcpu=cortex-a7 --sysroot=/opt/st/stm32mp1/3.1-snapshot/sysroots/cortexa7t2hf-neon-vfpv4-ostl-linux-gnueabi
configure:4458: arm-ostl-linux-gnueabi-gcc -E  -mthumb -mfpu=neon-vfpv4 -mfloat-abi=hard -mcpu=cortex-a7 --sysroot=/opt/st/stm32mp1/3.1-snapshot/sysroots/cortexa7t2hf-neon-vfpv4-ostl-linux-gnueabi  conftest.c
configure:4458: $? = 0
configure:4472: arm-ostl-linux-gnueabi-gcc -E  -mthumb -mfpu=neon-vfpv4 -mfloat-abi=hard -mcpu=cortex-a7 --sysroot=/opt/st/stm32mp1/3.1-snapshot/sysroots/cortexa7t2hf-neon-vfpv4-ostl-linux-gnueabi  conftest.c
conftest.c:11:10: fatal error: ac_nonexistent.h: No such file or directory
   11 | #include <ac_nonexistent.h>
      |          ^~~~~~~~~~~~~~~~~~
compilation terminated.
configure:4472: $? = 1
configure: failed program was:
| /* confdefs.h */
| #define PACKAGE_NAME "libjpeg"
| #define PACKAGE_TARNAME "libjpeg"
| #define PACKAGE_VERSION "9.2.0"
| #define PACKAGE_STRING "libjpeg 9.2.0"
| #define PACKAGE_BUGREPORT ""
| #define PACKAGE_URL ""
| #define PACKAGE "libjpeg"
| #define VERSION "9.2.0"
| /* end confdefs.h.  */
| #include <ac_nonexistent.h>
configure:4501: checking whether make sets $(MAKE)
configure:4523: result: yes
configure:4532: checking whether ln -s works
configure:4536: result: yes
configure:4549: checking for arm-ostl-linux-gnueabi-ar
configure:4576: result: arm-ostl-linux-gnueabi-ar
configure:4646: checking the archiver (arm-ostl-linux-gnueabi-ar) interface
configure:4662: arm-ostl-linux-gnueabi-gcc  -mthumb -mfpu=neon-vfpv4 -mfloat-abi=hard -mcpu=cortex-a7 --sysroot=/opt/st/stm32mp1/3.1-snapshot/sysroots/cortexa7t2hf-neon-vfpv4-ostl-linux-gnueabi -c  -O2 -pipe -g -feliminate-unused-debug-types   conftest.c >&5
configure:4662: $? = 0
configure:4664: arm-ostl-linux-gnueabi-ar cru libconftest.a conftest.o >&5
arm-ostl-linux-gnueabi-ar: `u' modifier ignored since `D' is the default (see `U')
configure:4667: $? = 0
configure:4695: result: ar
configure:4724: checking if LD -Wl,--version-script works
configure:4748: arm-ostl-linux-gnueabi-gcc  -mthumb -mfpu=neon-vfpv4 -mfloat-abi=hard -mcpu=cortex-a7 --sysroot=/opt/st/stm32mp1/3.1-snapshot/sysroots/cortexa7t2hf-neon-vfpv4-ostl-linux-gnueabi -o conftest  -O2 -pipe -g -feliminate-unused-debug-types   -Wl,-O1 -Wl,--hash-style=gnu -Wl,--as-needed -Wl,--version-script=conftest.map conftest.c  >&5
configure:4748: $? = 0
configure:4757: result: yes
configure:4770: checking for function prototypes
configure:4790: arm-ostl-linux-gnueabi-gcc  -mthumb -mfpu=neon-vfpv4 -mfloat-abi=hard -mcpu=cortex-a7 --sysroot=/opt/st/stm32mp1/3.1-snapshot/sysroots/cortexa7t2hf-neon-vfpv4-ostl-linux-gnueabi -c  -O2 -pipe -g -feliminate-unused-debug-types   conftest.c >&5
configure:4790: $? = 0
configure:4798: result: yes
configure:4819: checking for grep that handles long lines and -e
configure:4877: result: /bin/grep
configure:4882: checking for egrep
configure:4944: result: /bin/grep -E
configure:4949: checking for ANSI C header files
configure:4969: arm-ostl-linux-gnueabi-gcc  -mthumb -mfpu=neon-vfpv4 -mfloat-abi=hard -mcpu=cortex-a7 --sysroot=/opt/st/stm32mp1/3.1-snapshot/sysroots/cortexa7t2hf-neon-vfpv4-ostl-linux-gnueabi -c  -O2 -pipe -g -feliminate-unused-debug-types   conftest.c >&5
configure:4969: $? = 0
configure:5053: result: yes
configure:5066: checking for sys/types.h
configure:5066: arm-ostl-linux-gnueabi-gcc  -mthumb -mfpu=neon-vfpv4 -mfloat-abi=hard -mcpu=cortex-a7 --sysroot=/opt/st/stm32mp1/3.1-snapshot/sysroots/cortexa7t2hf-neon-vfpv4-ostl-linux-gnueabi -c  -O2 -pipe -g -feliminate-unused-debug-types   conftest.c >&5
configure:5066: $? = 0
configure:5066: result: yes
configure:5066: checking for sys/stat.h
configure:5066: arm-ostl-linux-gnueabi-gcc  -mthumb -mfpu=neon-vfpv4 -mfloat-abi=hard -mcpu=cortex-a7 --sysroot=/opt/st/stm32mp1/3.1-snapshot/sysroots/cortexa7t2hf-neon-vfpv4-ostl-linux-gnueabi -c  -O2 -pipe -g -feliminate-unused-debug-types   conftest.c >&5
configure:5066: $? = 0
configure:5066: result: yes
configure:5066: checking for stdlib.h
configure:5066: arm-ostl-linux-gnueabi-gcc  -mthumb -mfpu=neon-vfpv4 -mfloat-abi=hard -mcpu=cortex-a7 --sysroot=/opt/st/stm32mp1/3.1-snapshot/sysroots/cortexa7t2hf-neon-vfpv4-ostl-linux-gnueabi -c  -O2 -pipe -g -feliminate-unused-debug-types   conftest.c >&5
configure:5066: $? = 0
configure:5066: result: yes
configure:5066: checking for string.h
configure:5066: arm-ostl-linux-gnueabi-gcc  -mthumb -mfpu=neon-vfpv4 -mfloat-abi=hard -mcpu=cortex-a7 --sysroot=/opt/st/stm32mp1/3.1-snapshot/sysroots/cortexa7t2hf-neon-vfpv4-ostl-linux-gnueabi -c  -O2 -pipe -g -feliminate-unused-debug-types   conftest.c >&5
configure:5066: $? = 0
configure:5066: result: yes
configure:5066: checking for memory.h
configure:5066: arm-ostl-linux-gnueabi-gcc  -mthumb -mfpu=neon-vfpv4 -mfloat-abi=hard -mcpu=cortex-a7 --sysroot=/opt/st/stm32mp1/3.1-snapshot/sysroots/cortexa7t2hf-neon-vfpv4-ostl-linux-gnueabi -c  -O2 -pipe -g -feliminate-unused-debug-types   conftest.c >&5
configure:5066: $? = 0
configure:5066: result: yes
configure:5066: checking for strings.h
configure:5066: arm-ostl-linux-gnueabi-gcc  -mthumb -mfpu=neon-vfpv4 -mfloat-abi=hard -mcpu=cortex-a7 --sysroot=/opt/st/stm32mp1/3.1-snapshot/sysroots/cortexa7t2hf-neon-vfpv4-ostl-linux-gnueabi -c  -O2 -pipe -g -feliminate-unused-debug-types   conftest.c >&5
configure:5066: $? = 0
configure:5066: result: yes
configure:5066: checking for inttypes.h
configure:5066: arm-ostl-linux-gnueabi-gcc  -mthumb -mfpu=neon-vfpv4 -mfloat-abi=hard -mcpu=cortex-a7 --sysroot=/opt/st/stm32mp1/3.1-snapshot/sysroots/cortexa7t2hf-neon-vfpv4-ostl-linux-gnueabi -c  -O2 -pipe -g -feliminate-unused-debug-types   conftest.c >&5
configure:5066: $? = 0
configure:5066: result: yes
configure:5066: checking for stdint.h
configure:5066: arm-ostl-linux-gnueabi-gcc  -mthumb -mfpu=neon-vfpv4 -mfloat-abi=hard -mcpu=cortex-a7 --sysroot=/opt/st/stm32mp1/3.1-snapshot/sysroots/cortexa7t2hf-neon-vfpv4-ostl-linux-gnueabi -c  -O2 -pipe -g -feliminate-unused-debug-types   conftest.c >&5
configure:5066: $? = 0
configure:5066: result: yes
configure:5066: checking for unistd.h
configure:5066: arm-ostl-linux-gnueabi-gcc  -mthumb -mfpu=neon-vfpv4 -mfloat-abi=hard -mcpu=cortex-a7 --sysroot=/opt/st/stm32mp1/3.1-snapshot/sysroots/cortexa7t2hf-neon-vfpv4-ostl-linux-gnueabi -c  -O2 -pipe -g -feliminate-unused-debug-types   conftest.c >&5
configure:5066: $? = 0
configure:5066: result: yes
configure:5081: checking stddef.h usability
configure:5081: arm-ostl-linux-gnueabi-gcc  -mthumb -mfpu=neon-vfpv4 -mfloat-abi=hard -mcpu=cortex-a7 --sysroot=/opt/st/stm32mp1/3.1-snapshot/sysroots/cortexa7t2hf-neon-vfpv4-ostl-linux-gnueabi -c  -O2 -pipe -g -feliminate-unused-debug-types   conftest.c >&5
configure:5081: $? = 0
configure:5081: result: yes
configure:5081: checking stddef.h presence
configure:5081: arm-ostl-linux-gnueabi-gcc -E  -mthumb -mfpu=neon-vfpv4 -mfloat-abi=hard -mcpu=cortex-a7 --sysroot=/opt/st/stm32mp1/3.1-snapshot/sysroots/cortexa7t2hf-neon-vfpv4-ostl-linux-gnueabi  conftest.c
configure:5081: $? = 0
configure:5081: result: yes
configure:5081: checking for stddef.h
configure:5081: result: yes
configure:5081: checking for stdlib.h
configure:5081: result: yes
configure:5081: checking locale.h usability
configure:5081: arm-ostl-linux-gnueabi-gcc  -mthumb -mfpu=neon-vfpv4 -mfloat-abi=hard -mcpu=cortex-a7 --sysroot=/opt/st/stm32mp1/3.1-snapshot/sysroots/cortexa7t2hf-neon-vfpv4-ostl-linux-gnueabi -c  -O2 -pipe -g -feliminate-unused-debug-types   conftest.c >&5
configure:5081: $? = 0
configure:5081: result: yes
configure:5081: checking locale.h presence
configure:5081: arm-ostl-linux-gnueabi-gcc -E  -mthumb -mfpu=neon-vfpv4 -mfloat-abi=hard -mcpu=cortex-a7 --sysroot=/opt/st/stm32mp1/3.1-snapshot/sysroots/cortexa7t2hf-neon-vfpv4-ostl-linux-gnueabi  conftest.c
configure:5081: $? = 0
configure:5081: result: yes
configure:5081: checking for locale.h
configure:5081: result: yes
configure:5091: checking for string.h
configure:5091: result: yes
configure:5104: checking for size_t
configure:5131: arm-ostl-linux-gnueabi-gcc  -mthumb -mfpu=neon-vfpv4 -mfloat-abi=hard -mcpu=cortex-a7 --sysroot=/opt/st/stm32mp1/3.1-snapshot/sysroots/cortexa7t2hf-neon-vfpv4-ostl-linux-gnueabi -c  -O2 -pipe -g -feliminate-unused-debug-types   conftest.c >&5
configure:5131: $? = 0
configure:5137: result: yes
configure:5173: checking for type unsigned char
configure:5186: arm-ostl-linux-gnueabi-gcc  -mthumb -mfpu=neon-vfpv4 -mfloat-abi=hard -mcpu=cortex-a7 --sysroot=/opt/st/stm32mp1/3.1-snapshot/sysroots/cortexa7t2hf-neon-vfpv4-ostl-linux-gnueabi -c  -O2 -pipe -g -feliminate-unused-debug-types   conftest.c >&5
configure:5186: $? = 0
configure:5187: result: yes
configure:5198: checking for type unsigned short
configure:5211: arm-ostl-linux-gnueabi-gcc  -mthumb -mfpu=neon-vfpv4 -mfloat-abi=hard -mcpu=cortex-a7 --sysroot=/opt/st/stm32mp1/3.1-snapshot/sysroots/cortexa7t2hf-neon-vfpv4-ostl-linux-gnueabi -c  -O2 -pipe -g -feliminate-unused-debug-types   conftest.c >&5
configure:5211: $? = 0
configure:5212: result: yes
configure:5223: checking for type void
configure:5257: arm-ostl-linux-gnueabi-gcc  -mthumb -mfpu=neon-vfpv4 -mfloat-abi=hard -mcpu=cortex-a7 --sysroot=/opt/st/stm32mp1/3.1-snapshot/sysroots/cortexa7t2hf-neon-vfpv4-ostl-linux-gnueabi -c  -O2 -pipe -g -feliminate-unused-debug-types   conftest.c >&5
configure:5257: $? = 0
configure:5258: result: yes
configure:5268: checking for an ANSI C-conforming const
configure:5334: arm-ostl-linux-gnueabi-gcc  -mthumb -mfpu=neon-vfpv4 -mfloat-abi=hard -mcpu=cortex-a7 --sysroot=/opt/st/stm32mp1/3.1-snapshot/sysroots/cortexa7t2hf-neon-vfpv4-ostl-linux-gnueabi -c  -O2 -pipe -g -feliminate-unused-debug-types   conftest.c >&5
configure:5334: $? = 0
configure:5341: result: yes
configure:5351: checking for inline
configure:5366: arm-ostl-linux-gnueabi-gcc  -mthumb -mfpu=neon-vfpv4 -mfloat-abi=hard -mcpu=cortex-a7 --sysroot=/opt/st/stm32mp1/3.1-snapshot/sysroots/cortexa7t2hf-neon-vfpv4-ostl-linux-gnueabi -c  -O2 -pipe -g -feliminate-unused-debug-types   conftest.c >&5
configure:5366: $? = 0
configure:5404: result: __inline__
configure:5413: checking for broken incomplete types
configure:5426: arm-ostl-linux-gnueabi-gcc  -mthumb -mfpu=neon-vfpv4 -mfloat-abi=hard -mcpu=cortex-a7 --sysroot=/opt/st/stm32mp1/3.1-snapshot/sysroots/cortexa7t2hf-neon-vfpv4-ostl-linux-gnueabi -c  -O2 -pipe -g -feliminate-unused-debug-types   conftest.c >&5
configure:5426: $? = 0
configure:5427: result: ok
configure:5439: checking for short external names
configure:5455: arm-ostl-linux-gnueabi-gcc  -mthumb -mfpu=neon-vfpv4 -mfloat-abi=hard -mcpu=cortex-a7 --sysroot=/opt/st/stm32mp1/3.1-snapshot/sysroots/cortexa7t2hf-neon-vfpv4-ostl-linux-gnueabi -o conftest  -O2 -pipe -g -feliminate-unused-debug-types   -Wl,-O1 -Wl,--hash-style=gnu -Wl,--as-needed conftest.c  >&5
configure:5455: $? = 0
configure:5456: result: ok
configure:5469: checking to see if char is signed
configure:5473: WARNING: Assuming that char is signed on target machine.
    If it is unsigned, this will be a little bit inefficient.
configure:5521: checking to see if right shift is signed
configure:5524: result: Assuming that right shift is signed on target machine.
configure:5576: checking to see if fopen accepts b spec
configure:5579: result: Assuming that it does.
configure:5960: checking how to print strings
configure:5987: result: printf
configure:6008: checking for a sed that does not truncate output
configure:6072: result: sed
configure:6090: checking for fgrep
configure:6152: result: /bin/grep -F
configure:6187: checking for ld used by arm-ostl-linux-gnueabi-gcc  -mthumb -mfpu=neon-vfpv4 -mfloat-abi=hard -mcpu=cortex-a7 --sysroot=/opt/st/stm32mp1/3.1-snapshot/sysroots/cortexa7t2hf-neon-vfpv4-ostl-linux-gnueabi
configure:6254: result: arm-ostl-linux-gnueabi-ld  --sysroot=/opt/st/stm32mp1/3.1-snapshot/sysroots/cortexa7t2hf-neon-vfpv4-ostl-linux-gnueabi
configure:6261: checking if the linker (arm-ostl-linux-gnueabi-ld  --sysroot=/opt/st/stm32mp1/3.1-snapshot/sysroots/cortexa7t2hf-neon-vfpv4-ostl-linux-gnueabi) is GNU ld
configure:6276: result: yes
configure:6288: checking for BSD- or MS-compatible name lister (nm)
configure:6342: result: arm-ostl-linux-gnueabi-nm
configure:6472: checking the name lister (arm-ostl-linux-gnueabi-nm) interface
configure:6479: arm-ostl-linux-gnueabi-gcc  -mthumb -mfpu=neon-vfpv4 -mfloat-abi=hard -mcpu=cortex-a7 --sysroot=/opt/st/stm32mp1/3.1-snapshot/sysroots/cortexa7t2hf-neon-vfpv4-ostl-linux-gnueabi -c  -O2 -pipe -g -feliminate-unused-debug-types   conftest.c >&5
configure:6482: arm-ostl-linux-gnueabi-nm "conftest.o"
configure:6485: output
00000000 B some_variable
configure:6492: result: BSD nm
configure:6496: checking the maximum length of command line arguments
configure:6627: result: 1572864
configure:6675: checking how to convert x86_64-unknown-linux-gnu file names to arm-ostl-linux-gnueabi format
configure:6715: result: func_convert_file_noop
configure:6722: checking how to convert x86_64-unknown-linux-gnu file names to toolchain format
configure:6742: result: func_convert_file_noop
configure:6749: checking for arm-ostl-linux-gnueabi-ld  --sysroot=/opt/st/stm32mp1/3.1-snapshot/sysroots/cortexa7t2hf-neon-vfpv4-ostl-linux-gnueabi option to reload object files
configure:6756: result: -r
configure:6790: checking for arm-ostl-linux-gnueabi-objdump
configure:6817: result: arm-ostl-linux-gnueabi-objdump
configure:6886: checking how to recognize dependent libraries
configure:7086: result: pass_all
configure:7131: checking for arm-ostl-linux-gnueabi-dlltool
configure:7158: result: dlltool
configure:7228: checking how to associate runtime and link libraries
configure:7255: result: printf %s\n
configure:7271: checking for arm-ostl-linux-gnueabi-ar
configure:7298: result: arm-ostl-linux-gnueabi-ar
configure:7379: checking for archiver @FILE support
configure:7396: arm-ostl-linux-gnueabi-gcc  -mthumb -mfpu=neon-vfpv4 -mfloat-abi=hard -mcpu=cortex-a7 --sysroot=/opt/st/stm32mp1/3.1-snapshot/sysroots/cortexa7t2hf-neon-vfpv4-ostl-linux-gnueabi -c  -O2 -pipe -g -feliminate-unused-debug-types   conftest.c >&5
configure:7396: $? = 0
configure:7399: arm-ostl-linux-gnueabi-ar cru libconftest.a @conftest.lst >&5
arm-ostl-linux-gnueabi-ar: `u' modifier ignored since `D' is the default (see `U')
configure:7402: $? = 0
configure:7407: arm-ostl-linux-gnueabi-ar cru libconftest.a @conftest.lst >&5
arm-ostl-linux-gnueabi-ar: `u' modifier ignored since `D' is the default (see `U')
arm-ostl-linux-gnueabi-ar: conftest.o: No such file or directory
configure:7410: $? = 1
configure:7422: result: @
configure:7440: checking for arm-ostl-linux-gnueabi-strip
configure:7467: result: arm-ostl-linux-gnueabi-strip
configure:7539: checking for arm-ostl-linux-gnueabi-ranlib
configure:7566: result: arm-ostl-linux-gnueabi-ranlib
configure:7708: checking command to parse arm-ostl-linux-gnueabi-nm output from arm-ostl-linux-gnueabi-gcc  -mthumb -mfpu=neon-vfpv4 -mfloat-abi=hard -mcpu=cortex-a7 --sysroot=/opt/st/stm32mp1/3.1-snapshot/sysroots/cortexa7t2hf-neon-vfpv4-ostl-linux-gnueabi object
configure:7861: arm-ostl-linux-gnueabi-gcc  -mthumb -mfpu=neon-vfpv4 -mfloat-abi=hard -mcpu=cortex-a7 --sysroot=/opt/st/stm32mp1/3.1-snapshot/sysroots/cortexa7t2hf-neon-vfpv4-ostl-linux-gnueabi -c  -O2 -pipe -g -feliminate-unused-debug-types   conftest.c >&5
configure:7864: $? = 0
configure:7868: arm-ostl-linux-gnueabi-nm conftest.o \| sed -n -e 's/^.*[ ]\([ABCDGIRSTW][ABCDGIRSTW]*\)[ ][ ]*\([_A-Za-z][_A-Za-z0-9]*\)$/\1 \2 \2/p' | sed '/ __gnu_lto/d' \> conftest.nm
configure:7871: $? = 0
configure:7937: arm-ostl-linux-gnueabi-gcc  -mthumb -mfpu=neon-vfpv4 -mfloat-abi=hard -mcpu=cortex-a7 --sysroot=/opt/st/stm32mp1/3.1-snapshot/sysroots/cortexa7t2hf-neon-vfpv4-ostl-linux-gnueabi -o conftest  -O2 -pipe -g -feliminate-unused-debug-types   -Wl,-O1 -Wl,--hash-style=gnu -Wl,--as-needed conftest.c conftstm.o >&5
configure:7940: $? = 0
configure:7978: result: ok
configure:8025: checking for sysroot
configure:8055: result: no
configure:8062: checking for a working dd
configure:8100: result: /bin/dd
configure:8104: checking how to truncate binary pipes
configure:8119: result: /bin/dd bs=4096 count=1
configure:8408: checking for arm-ostl-linux-gnueabi-mt
configure:8438: result: no
configure:8448: checking for mt
configure:8464: found /bin/mt
configure:8475: result: mt
configure:8487: WARNING: using cross tools not prefixed with host triplet
configure:8498: checking if mt is a manifest tool
configure:8504: mt '-?'
configure:8512: result: no
configure:9186: checking for dlfcn.h
configure:9186: arm-ostl-linux-gnueabi-gcc  -mthumb -mfpu=neon-vfpv4 -mfloat-abi=hard -mcpu=cortex-a7 --sysroot=/opt/st/stm32mp1/3.1-snapshot/sysroots/cortexa7t2hf-neon-vfpv4-ostl-linux-gnueabi -c  -O2 -pipe -g -feliminate-unused-debug-types   conftest.c >&5
configure:9186: $? = 0
configure:9186: result: yes
configure:9440: checking for objdir
configure:9455: result: .libs
configure:9715: checking if arm-ostl-linux-gnueabi-gcc  -mthumb -mfpu=neon-vfpv4 -mfloat-abi=hard -mcpu=cortex-a7 --sysroot=/opt/st/stm32mp1/3.1-snapshot/sysroots/cortexa7t2hf-neon-vfpv4-ostl-linux-gnueabi supports -fno-rtti -fno-exceptions
configure:9733: arm-ostl-linux-gnueabi-gcc  -mthumb -mfpu=neon-vfpv4 -mfloat-abi=hard -mcpu=cortex-a7 --sysroot=/opt/st/stm32mp1/3.1-snapshot/sysroots/cortexa7t2hf-neon-vfpv4-ostl-linux-gnueabi -c  -O2 -pipe -g -feliminate-unused-debug-types   -fno-rtti -fno-exceptions conftest.c >&5
cc1: warning: command line option '-fno-rtti' is valid for C++/D/ObjC++ but not for C
configure:9737: $? = 0
configure:9750: result: no
configure:10108: checking for arm-ostl-linux-gnueabi-gcc  -mthumb -mfpu=neon-vfpv4 -mfloat-abi=hard -mcpu=cortex-a7 --sysroot=/opt/st/stm32mp1/3.1-snapshot/sysroots/cortexa7t2hf-neon-vfpv4-ostl-linux-gnueabi option to produce PIC
configure:10115: result: -fPIC -DPIC
configure:10123: checking if arm-ostl-linux-gnueabi-gcc  -mthumb -mfpu=neon-vfpv4 -mfloat-abi=hard -mcpu=cortex-a7 --sysroot=/opt/st/stm32mp1/3.1-snapshot/sysroots/cortexa7t2hf-neon-vfpv4-ostl-linux-gnueabi PIC flag -fPIC -DPIC works
configure:10141: arm-ostl-linux-gnueabi-gcc  -mthumb -mfpu=neon-vfpv4 -mfloat-abi=hard -mcpu=cortex-a7 --sysroot=/opt/st/stm32mp1/3.1-snapshot/sysroots/cortexa7t2hf-neon-vfpv4-ostl-linux-gnueabi -c  -O2 -pipe -g -feliminate-unused-debug-types   -fPIC -DPIC -DPIC conftest.c >&5
configure:10145: $? = 0
configure:10158: result: yes
configure:10187: checking if arm-ostl-linux-gnueabi-gcc  -mthumb -mfpu=neon-vfpv4 -mfloat-abi=hard -mcpu=cortex-a7 --sysroot=/opt/st/stm32mp1/3.1-snapshot/sysroots/cortexa7t2hf-neon-vfpv4-ostl-linux-gnueabi static flag -static works
configure:10215: result: no
configure:10230: checking if arm-ostl-linux-gnueabi-gcc  -mthumb -mfpu=neon-vfpv4 -mfloat-abi=hard -mcpu=cortex-a7 --sysroot=/opt/st/stm32mp1/3.1-snapshot/sysroots/cortexa7t2hf-neon-vfpv4-ostl-linux-gnueabi supports -c -o file.o
configure:10251: arm-ostl-linux-gnueabi-gcc  -mthumb -mfpu=neon-vfpv4 -mfloat-abi=hard -mcpu=cortex-a7 --sysroot=/opt/st/stm32mp1/3.1-snapshot/sysroots/cortexa7t2hf-neon-vfpv4-ostl-linux-gnueabi -c  -O2 -pipe -g -feliminate-unused-debug-types   -o out/conftest2.o conftest.c >&5
configure:10255: $? = 0
configure:10277: result: yes
configure:10285: checking if arm-ostl-linux-gnueabi-gcc  -mthumb -mfpu=neon-vfpv4 -mfloat-abi=hard -mcpu=cortex-a7 --sysroot=/opt/st/stm32mp1/3.1-snapshot/sysroots/cortexa7t2hf-neon-vfpv4-ostl-linux-gnueabi supports -c -o file.o
configure:10332: result: yes
configure:10365: checking whether the arm-ostl-linux-gnueabi-gcc  -mthumb -mfpu=neon-vfpv4 -mfloat-abi=hard -mcpu=cortex-a7 --sysroot=/opt/st/stm32mp1/3.1-snapshot/sysroots/cortexa7t2hf-neon-vfpv4-ostl-linux-gnueabi linker (arm-ostl-linux-gnueabi-ld  --sysroot=/opt/st/stm32mp1/3.1-snapshot/sysroots/cortexa7t2hf-neon-vfpv4-ostl-linux-gnueabi) supports shared libraries
configure:11624: result: yes
configure:11661: checking whether -lc should be explicitly linked in
configure:11669: arm-ostl-linux-gnueabi-gcc  -mthumb -mfpu=neon-vfpv4 -mfloat-abi=hard -mcpu=cortex-a7 --sysroot=/opt/st/stm32mp1/3.1-snapshot/sysroots/cortexa7t2hf-neon-vfpv4-ostl-linux-gnueabi -c  -O2 -pipe -g -feliminate-unused-debug-types   conftest.c >&5
configure:11672: $? = 0
configure:11687: arm-ostl-linux-gnueabi-gcc  -mthumb -mfpu=neon-vfpv4 -mfloat-abi=hard -mcpu=cortex-a7 --sysroot=/opt/st/stm32mp1/3.1-snapshot/sysroots/cortexa7t2hf-neon-vfpv4-ostl-linux-gnueabi -shared  -fPIC -DPIC conftest.o  -v -Wl,-soname -Wl,conftest -o conftest 2\>\&1 \| /bin/grep  -lc  \>/dev/null 2\>\&1
configure:11690: $? = 0
configure:11704: result: no
configure:11864: checking dynamic linker characteristics
configure:12445: arm-ostl-linux-gnueabi-gcc  -mthumb -mfpu=neon-vfpv4 -mfloat-abi=hard -mcpu=cortex-a7 --sysroot=/opt/st/stm32mp1/3.1-snapshot/sysroots/cortexa7t2hf-neon-vfpv4-ostl-linux-gnueabi -o conftest  -O2 -pipe -g -feliminate-unused-debug-types   -Wl,-O1 -Wl,--hash-style=gnu -Wl,--as-needed -Wl,-rpath -Wl,/foo conftest.c  >&5
configure:12445: $? = 0
configure:12682: result: GNU/Linux ld.so
configure:12804: checking how to hardcode library paths into programs
configure:12829: result: immediate
configure:13377: checking whether stripping libraries is possible
configure:13382: result: yes
configure:13417: checking if libtool supports shared libraries
configure:13419: result: yes
configure:13422: checking whether to build shared libraries
configure:13447: result: yes
configure:13450: checking whether to build static libraries
configure:13454: result: yes
configure:13573: checking libjpeg version number
configure:13579: result: 11:0:2
configure:13693: checking that generated files are newer than configure
configure:13699: result: done
configure:13730: creating ./config.status

## ---------------------- ##
## Running config.status. ##
## ---------------------- ##

This file was extended by libjpeg config.status 9.2.0, which was
generated by GNU Autoconf 2.69.  Invocation command line was

  CONFIG_FILES    = 
  CONFIG_HEADERS  = 
  CONFIG_LINKS    = 
  CONFIG_COMMANDS = 
  $ ./config.status 

on zk-H81

config.status:1105: creating Makefile
config.status:1105: creating jconfig.h
config.status:1334: executing depfiles commands
config.status:1334: executing libtool commands

## ---------------- ##
## Cache variables. ##
## ---------------- ##

ac_cv___va_copy=yes
ac_cv_af_unix_large_dgram=yes
ac_cv_alignof_CORBA_boolean=1
ac_cv_alignof_CORBA_char=1
ac_cv_alignof_CORBA_double=8
ac_cv_alignof_CORBA_float=4
ac_cv_alignof_CORBA_long=4
ac_cv_alignof_CORBA_long_double=8
ac_cv_alignof_CORBA_long_long=8
ac_cv_alignof_CORBA_octet=1
ac_cv_alignof_CORBA_pointer=4
ac_cv_alignof_CORBA_short=2
ac_cv_alignof_CORBA_struct=1
ac_cv_alignof_CORBA_wchar=2
ac_cv_alignof_char=1
ac_cv_alignof_dbind_pointer=4
ac_cv_alignof_dbind_struct=1
ac_cv_alignof_dbus_bool_t=4
ac_cv_alignof_dbus_int16_t=2
ac_cv_alignof_dbus_int32_t=4
ac_cv_alignof_dbus_int64_t=8
ac_cv_alignof_double=8
ac_cv_alignof_guint32=4
ac_cv_alignof_guint64=8
ac_cv_alignof_unsigned_long=4
ac_cv_buggy_getaddrinfo=no
ac_cv_build=x86_64-unknown-linux-gnu
ac_cv_c_bigendian=no
ac_cv_c_compiler_gnu=yes
ac_cv_c_const=yes
ac_cv_c_endian=little
ac_cv_c_littleendian=yes
ac_cv_c_long_double=yes
ac_cv_check_sjlj=ssjlj
ac_cv_conv_longlong_to_float=yes
ac_cv_dirent_have_space_d_name=yes
ac_cv_env_CC_set=set
ac_cv_env_CC_value='arm-ostl-linux-gnueabi-gcc  -mthumb -mfpu=neon-vfpv4 -mfloat-abi=hard -mcpu=cortex-a7 --sysroot=/opt/st/stm32mp1/3.1-snapshot/sysroots/cortexa7t2hf-neon-vfpv4-ostl-linux-gnueabi'
ac_cv_env_CFLAGS_set=set
ac_cv_env_CFLAGS_value=' -O2 -pipe -g -feliminate-unused-debug-types '
ac_cv_env_CPPFLAGS_set=set
ac_cv_env_CPPFLAGS_value=
ac_cv_env_CPP_set=set
ac_cv_env_CPP_value='arm-ostl-linux-gnueabi-gcc -E  -mthumb -mfpu=neon-vfpv4 -mfloat-abi=hard -mcpu=cortex-a7 --sysroot=/opt/st/stm32mp1/3.1-snapshot/sysroots/cortexa7t2hf-neon-vfpv4-ostl-linux-gnueabi'
ac_cv_env_LDFLAGS_set=set
ac_cv_env_LDFLAGS_value='-Wl,-O1 -Wl,--hash-style=gnu -Wl,--as-needed'
ac_cv_env_LIBS_set=
ac_cv_env_LIBS_value=
ac_cv_env_LT_SYS_LIBRARY_PATH_set=
ac_cv_env_LT_SYS_LIBRARY_PATH_value=
ac_cv_env_build_alias_set=
ac_cv_env_build_alias_value=
ac_cv_env_host_alias_set=set
ac_cv_env_host_alias_value=arm-ostl-linux-gnueabi
ac_cv_env_target_alias_set=
ac_cv_env_target_alias_value=
ac_cv_epoll_works=yes
ac_cv_file___dev_ptc_=yes
ac_cv_file__dev_random=yes
ac_cv_file__dev_zero=yes
ac_cv_func___va_copy=yes
ac_cv_func_calloc_0_nonnull=yes
ac_cv_func_chown_works=yes
ac_cv_func_fnmatch_works=yes
ac_cv_func_getaddrinfo=yes
ac_cv_func_getgrgid_r=yes
ac_cv_func_getgroups_works=yes
ac_cv_func_getpagesize=yes
ac_cv_func_getpgrp_void=yes
ac_cv_func_getpwuid_r=yes
ac_cv_func_lstat_dereferences_slashed_symlink=yes
ac_cv_func_lstat_empty_string_bug=no
ac_cv_func_malloc_0_nonnull=yes
ac_cv_func_malloc_works=yes
ac_cv_func_memcmp_working=yes
ac_cv_func_memcpy=yes
ac_cv_func_mmap_fixed_mapped=yes
ac_cv_func_posix_getgrgid_r=yes
ac_cv_func_posix_getpwnam_r=yes
ac_cv_func_posix_getpwuid_r=yes
ac_cv_func_printf_unix98=yes
ac_cv_func_pthread_attr_getstack=yes
ac_cv_func_pthread_key_delete=yes
ac_cv_func_realloc_0_nonnull=yes
ac_cv_func_realloc_works=yes
ac_cv_func_setgrent_void=yes
ac_cv_func_setpgrp_void=yes
ac_cv_func_setresuid=yes
ac_cv_func_setvbuf_reversed=no
ac_cv_func_snprintf_c99=yes
ac_cv_func_stat_empty_string_bug=no
ac_cv_func_stat_ignores_trailing_slash=no
ac_cv_func_strerror=yes
ac_cv_func_strtod=yes
ac_cv_func_utime_null=yes
ac_cv_func_va_copy=yes
ac_cv_func_vsnprintf_c99=yes
ac_cv_gnet_have_abstract_sockets=no
ac_cv_have_abstract_sockets=yes
ac_cv_have_accrights_in_msghdr=no
ac_cv_have_broken_snprintf=no
ac_cv_have_control_in_msghdr=yes
ac_cv_have_decl_sys_siglist=yes
ac_cv_have_long_long_format=yes
ac_cv_have_openpty_ctty_bug=yes
ac_cv_have_space_d_name_in_struct_dirent=yes
ac_cv_header_dlfcn_h=yes
ac_cv_header_inttypes_h=yes
ac_cv_header_locale_h=yes
ac_cv_header_memory_h=yes
ac_cv_header_stdc=yes
ac_cv_header_stddef_h=yes
ac_cv_header_stdint_h=yes
ac_cv_header_stdlib_h=yes
ac_cv_header_string_h=yes
ac_cv_header_strings_h=yes
ac_cv_header_sys_stat_h=yes
ac_cv_header_sys_types_h=yes
ac_cv_header_unistd_h=yes
ac_cv_host=arm-ostl-linux-gnueabi
ac_cv_ispeed_offset=13
ac_cv_lib_png_png_create_info_struct=yes
ac_cv_libiconv_utf8=yes
ac_cv_libnet_endianess=lil
ac_cv_linux_vers=2
ac_cv_member_struct_sockaddr_sa_len=no
ac_cv_need_trio=no
ac_cv_o_nonblock_inherited=no
ac_cv_objext=o
ac_cv_path_EGREP='/bin/grep -E'
ac_cv_path_FGREP='/bin/grep -F'
ac_cv_path_GREP=/bin/grep
ac_cv_path_SED=sed
ac_cv_path_install='/usr/bin/install -c'
ac_cv_path_lt_DD=/bin/dd
ac_cv_path_mkdir=/bin/mkdir
ac_cv_pread=no
ac_cv_prog_AR=arm-ostl-linux-gnueabi-ar
ac_cv_prog_AWK=mawk
ac_cv_prog_CC='arm-ostl-linux-gnueabi-gcc  -mthumb -mfpu=neon-vfpv4 -mfloat-abi=hard -mcpu=cortex-a7 --sysroot=/opt/st/stm32mp1/3.1-snapshot/sysroots/cortexa7t2hf-neon-vfpv4-ostl-linux-gnueabi'
ac_cv_prog_CPP='arm-ostl-linux-gnueabi-gcc -E  -mthumb -mfpu=neon-vfpv4 -mfloat-abi=hard -mcpu=cortex-a7 --sysroot=/opt/st/stm32mp1/3.1-snapshot/sysroots/cortexa7t2hf-neon-vfpv4-ostl-linux-gnueabi'
ac_cv_prog_DLLTOOL=dlltool
ac_cv_prog_OBJDUMP=arm-ostl-linux-gnueabi-objdump
ac_cv_prog_RANLIB=arm-ostl-linux-gnueabi-ranlib
ac_cv_prog_STRIP=arm-ostl-linux-gnueabi-strip
ac_cv_prog_ac_ct_MANIFEST_TOOL=mt
ac_cv_prog_cc_c89=
ac_cv_prog_cc_c99=
ac_cv_prog_cc_g=yes
ac_cv_prog_cc_stdc=
ac_cv_prog_make_make_set=yes
ac_cv_pwrite=no
ac_cv_regexec_segfault_emptystr=no
ac_cv_sizeof___int64=0
ac_cv_sizeof_char=1
ac_cv_sizeof_char_p=4
ac_cv_sizeof_double=8
ac_cv_sizeof_float=4
ac_cv_sizeof_int=4
ac_cv_sizeof_int_p=4
ac_cv_sizeof_long=4
ac_cv_sizeof_long_double=8
ac_cv_sizeof_long_int=4
ac_cv_sizeof_long_long=8
ac_cv_sizeof_long_p=4
ac_cv_sizeof_pid_t=4
ac_cv_sizeof_ptrdiff_t=4
ac_cv_sizeof_short=2
ac_cv_sizeof_short_int=2
ac_cv_sizeof_signed_char=1
ac_cv_sizeof_size_t=4
ac_cv_sizeof_ssize_t=4
ac_cv_sizeof_unsigned=4
ac_cv_sizeof_unsigned_char=1
ac_cv_sizeof_unsigned_int=4
ac_cv_sizeof_unsigned_long=4
ac_cv_sizeof_unsigned_long_long=8
ac_cv_sizeof_unsigned_short=2
ac_cv_sizeof_void_p=4
ac_cv_sizeof_wchar_t=4
ac_cv_strerror_r_SUSv3=no
ac_cv_sys_restartable_syscalls=yes
ac_cv_target=arm-ostl-linux-gnueabi
ac_cv_time_r_type=POSIX
ac_cv_type_uid_t='{ac_cv_type_uid_t=yes}'
ac_cv_uchar=no
ac_cv_uint=yes
ac_cv_ulong=yes
ac_cv_ushort=yes
ac_cv_va_copy=yes
ac_cv_va_val_copy=yes
am_cv_CC_dependencies_compiler_type=gcc3
am_cv_ar_interface=ar
am_cv_func_working_getline=yes
am_cv_make_support_nested_variables=yes
am_cv_prog_cc_c_o=yes
am_cv_scanf_lld=yes
apr_cv_process_shared_works=no
apr_cv_tcp_nodelay_with_cork=yes
as_cv_unaligned_access=no
bash_cv_dup2_broken=no
bash_cv_func_sigsetjmp=missing
bash_cv_func_strcoll_broken=no
bash_cv_getcwd_calls_popen=no
bash_cv_getcwd_malloc=yes
bash_cv_getenv_redef=yes
bash_cv_have_mbstate_t=yes
bash_cv_job_control_missing=present
bash_cv_must_reinstall_sighandlers=no
bash_cv_opendir_not_robust=no
bash_cv_pgrp_pipe=no
bash_cv_printf_a_format=yes
bash_cv_sys_named_pipes=present
bash_cv_sys_siglist=yes
bash_cv_type_rlimit=rlim_t
bash_cv_ulimit_maxfds=yes
bash_cv_under_sys_siglist=yes
bash_cv_unusable_rtsigs=no
compat_cv_func_basename_works=no
compat_cv_func_dirname_works=no
compat_cv_func_snprintf_works=yes
cvs_cv_func_printf_ptr=yes
db_cv_align_t='unsigned long long'
db_cv_alignp_t='unsigned long'
db_cv_fcntl_f_setfd=yes
db_cv_path_ar=/usr/bin/ar
db_cv_path_chmod=/bin/chmod
db_cv_path_cp=/bin/cp
db_cv_path_ln=/bin/ln
db_cv_path_mkdir=/bin/mkdir
db_cv_path_ranlib=/usr/bin/ranlib
db_cv_path_rm=/bin/rm
db_cv_path_sh=/bin/sh
db_cv_path_strip=/usr/bin/strip
db_cv_spinlocks=no
db_cv_sprintf_count=yes
ettercap_cv_type_socklen_t=yes
fu_cv_sys_stat_statfs2_bsize=yes
gl_cv_func_btowc_eof=yes
gl_cv_func_fstatat_zero_flag=yes
gl_cv_func_getcwd_abort_bug=no
gl_cv_func_getcwd_null=yes
gl_cv_func_getcwd_path_max=yes
gl_cv_func_link_follows_symlink=no
gl_cv_func_mbrtowc_incomplete_state=yes
gl_cv_func_mbrtowc_nul_retval=yes
gl_cv_func_mbrtowc_null_arg=yes
gl_cv_func_mbrtowc_retval=yes
gl_cv_func_mbrtowc_sanitycheck=yes
gl_cv_func_nanosleep='no (mishandles large arguments)'
gl_cv_func_sleep_works=yes
gl_cv_func_unlink_busy_text=yes
gl_cv_func_wcrtomb_retval=yes
gl_cv_func_wctob_works=yes
gl_cv_func_working_mkstemp=yes
gl_cv_func_working_mktime=yes
gl_cv_func_working_utimes=yes
gl_cv_have_proc_uptime=yes
gl_cv_header_working_fcntl_h=yes
gl_cv_pipes_are_fifos='yes (1)'
glib_cv___va_copy=yes
glib_cv_compliant_posix_memalign=1
glib_cv_has__inline=yes
glib_cv_has__inline__=yes
glib_cv_hasinline=yes
glib_cv_have_qsort_r=yes
glib_cv_long_long_format=ll
glib_cv_rtldglobal_broken=no
glib_cv_sane_realloc=yes
glib_cv_sizeof_gmutex=24
glib_cv_sizeof_intmax_t=8
glib_cv_sizeof_ptrdiff_t=4
glib_cv_sizeof_size_t=4
glib_cv_sizeof_system_thread=4
glib_cv_stack_grows=no
glib_cv_strlcpy=no
glib_cv_sys_pthread_cond_timedwait_posix=yes
glib_cv_sys_pthread_getspecific_posix=yes
glib_cv_sys_pthread_mutex_trylock_posix=yes
glib_cv_sys_use_pid_niceness_surrogate=yes
glib_cv_uscore=no
glib_cv_use_pid_surrogate=yes
glib_cv_va_copy=yes
glib_cv_va_val_copy=yes
gt_cv_locale_fr=fr_FR
hw_cv_func_snprintf_c99=yes
hw_cv_func_vsnprintf_c99=yes
ijg_cv_have_prototypes=yes
ijg_cv_inline=__inline__
jm_cv_func_working_readdir=yes
lf_cv_sane_realloc=yes
lftp_cv_va_val_copy=yes
libIDL_cv_long_long_format=ll
lt_cv_ar_at_file=@
lt_cv_archive_cmds_need_lc=no
lt_cv_deplibs_check_method=pass_all
lt_cv_file_magic_cmd='$MAGIC_CMD'
lt_cv_file_magic_test_file=
lt_cv_ld_reload_flag=-r
lt_cv_nm_interface='BSD nm'
lt_cv_objdir=.libs
lt_cv_path_LD='arm-ostl-linux-gnueabi-ld  --sysroot=/opt/st/stm32mp1/3.1-snapshot/sysroots/cortexa7t2hf-neon-vfpv4-ostl-linux-gnueabi'
lt_cv_path_NM=arm-ostl-linux-gnueabi-nm
lt_cv_path_mainfest_tool=no
lt_cv_prog_compiler_c_o=yes
lt_cv_prog_compiler_pic='-fPIC -DPIC'
lt_cv_prog_compiler_pic_works=yes
lt_cv_prog_compiler_rtti_exceptions=no
lt_cv_prog_compiler_static_works=no
lt_cv_prog_gnu_ld=yes
lt_cv_sharedlib_from_linklib_cmd='printf %s\n'
lt_cv_shlibpath_overrides_runpath=no
lt_cv_sys_global_symbol_pipe='sed -n -e '\''s/^.*[	 ]\([ABCDGIRSTW][ABCDGIRSTW]*\)[	 ][	 ]*\([_A-Za-z][_A-Za-z0-9]*\)$/\1 \2 \2/p'\'' | sed '\''/ __gnu_lto/d'\'''
lt_cv_sys_global_symbol_to_c_name_address='sed -n -e '\''s/^: \(.*\) .*$/  {"\1", (void *) 0},/p'\'' -e '\''s/^[ABCDGIRSTW][ABCDGIRSTW]* .* \(.*\)$/  {"\1", (void *) \&\1},/p'\'''
lt_cv_sys_global_symbol_to_c_name_address_lib_prefix='sed -n -e '\''s/^: \(.*\) .*$/  {"\1", (void *) 0},/p'\'' -e '\''s/^[ABCDGIRSTW][ABCDGIRSTW]* .* \(lib.*\)$/  {"\1", (void *) \&\1},/p'\'' -e '\''s/^[ABCDGIRSTW][ABCDGIRSTW]* .* \(.*\)$/  {"lib\1", (void *) \&\1},/p'\'''
lt_cv_sys_global_symbol_to_cdecl='sed -n -e '\''s/^T .* \(.*\)$/extern int \1();/p'\'' -e '\''s/^[ABCDGIRSTW][ABCDGIRSTW]* .* \(.*\)$/extern char \1;/p'\'''
lt_cv_sys_global_symbol_to_import=
lt_cv_sys_max_cmd_len=1572864
lt_cv_to_host_file_cmd=func_convert_file_noop
lt_cv_to_tool_file_cmd=func_convert_file_noop
lt_cv_truncate_bin='/bin/dd bs=4096 count=1'
mr_cv_target_elf=yes
mysql_cv_func_atomic_add=no
mysql_cv_func_atomic_sub=no
nano_cv_func_regexec_segv_emptystr=no
php_cv_lib_cookie_io_functions_use_off64_t=yes
rpppoe_cv_pack_bitfields=rev
rsync_cv_HAVE_BROKEN_LARGEFILE=no
rsync_cv_HAVE_BROKEN_READDIR=no
rsync_cv_HAVE_C99_VSNPRINTF=yes
rsync_cv_HAVE_GETTIMEOFDAY_TZ=yes
rsync_cv_HAVE_LONGLONG=yes
rsync_cv_HAVE_OFF64_T=no
rsync_cv_HAVE_SECURE_MKSTEMP=yes
rsync_cv_HAVE_SHORT_INO_T=no
rsync_cv_HAVE_SOCKETPAIR=yes
rsync_cv_HAVE_UNSIGNED_CHAR=no
rsync_cv_REPLACE_INET_ATON=no
rsync_cv_REPLACE_INET_NTOA=no
samba_cv_BROKEN_NISPLUS_INCLUDE_FILES=yes
samba_cv_BROKEN_REDHAT_7_SYSTEM_HEADERS=no
samba_cv_HAVE_BROKEN_FCNTL64_LOCKS=no
samba_cv_HAVE_BROKEN_GETGROUPS=no
samba_cv_HAVE_BROKEN_LINUX_SENDFILE=yes
samba_cv_HAVE_BROKEN_READDIR=yes
samba_cv_HAVE_BROKEN_READDIR_NAME=no
samba_cv_HAVE_C99_VSNPRINTF=yes
samba_cv_HAVE_DEV64_T=no
samba_cv_HAVE_DEVICE_MAJOR_FN=yes
samba_cv_HAVE_DEVICE_MINOR_FN=yes
samba_cv_HAVE_DQB_FSOFTLIMIT=no
samba_cv_HAVE_EXPLICIT_LARGEFILE_SUPPORT=yes
samba_cv_HAVE_FAM_H=no
samba_cv_HAVE_FCNTL_LOCK=yes
samba_cv_HAVE_FTRUNCATE_EXTEND=yes
samba_cv_HAVE_FUNCTION_MACRO=yes
samba_cv_HAVE_GETTIMEOFDAY_TZ=yes
samba_cv_HAVE_IFACE_AIX=no
samba_cv_HAVE_IFACE_IFCONF=yes
samba_cv_HAVE_IFACE_IFREQ=yes
samba_cv_HAVE_INO64_T=no
samba_cv_HAVE_INT16_FROM_RPC_RPC_H=no
samba_cv_HAVE_INT32_FROM_RPC_RPC_H=no
samba_cv_HAVE_IRIX_SPECIFIC_CAPABILITIES=no
samba_cv_HAVE_KERNEL_CHANGE_NOTIFY=yes
samba_cv_HAVE_KERNEL_OPLOCKS_LINUX=yes
samba_cv_HAVE_KERNEL_SHARE_MODES=yes
samba_cv_HAVE_MAKEDEV=yes
samba_cv_HAVE_MMAP=yes
samba_cv_HAVE_NATIVE_ICONV=yes
samba_cv_HAVE_OFF64_T=no
samba_cv_HAVE_ROOT=yes
samba_cv_HAVE_RPC_AUTH_ERROR_CONFLICT=no
samba_cv_HAVE_SECURE_MKSTEMP=yes
samba_cv_HAVE_SENDFILE64=yes
samba_cv_HAVE_SENDFILE=yes
samba_cv_HAVE_SOCK_SIN_LEN=no
samba_cv_HAVE_STAT_ST_BLKSIZE=yes
samba_cv_HAVE_STAT_ST_BLOCKS=yes
samba_cv_HAVE_STRUCT_DIR64=no
samba_cv_HAVE_STRUCT_DIRENT64=yes
samba_cv_HAVE_STRUCT_FLOCK64=yes
samba_cv_HAVE_TRUNCATED_SALT=no
samba_cv_HAVE_UINT16_FROM_RPC_RPC_H=no
samba_cv_HAVE_UINT32_FROM_RPC_RPC_H=no
samba_cv_HAVE_UNSIGNED_CHAR=yes
samba_cv_HAVE_UTIMBUF=yes
samba_cv_HAVE_UT_UT_ADDR=yes
samba_cv_HAVE_UT_UT_EXIT=yes
samba_cv_HAVE_UT_UT_HOST=yes
samba_cv_HAVE_UT_UT_ID=yes
samba_cv_HAVE_UT_UT_NAME=yes
samba_cv_HAVE_UT_UT_PID=yes
samba_cv_HAVE_UT_UT_TIME=yes
samba_cv_HAVE_UT_UT_TV=yes
samba_cv_HAVE_UT_UT_TYPE=yes
samba_cv_HAVE_UT_UT_USER=yes
samba_cv_HAVE_UX_UT_SYSLEN=no
samba_cv_HAVE_VA_COPY=yes
samba_cv_HAVE_WORKING_AF_LOCAL=yes
samba_cv_HAVE_Werror=yes
samba_cv_LINUX_LFS_SUPPORT=yes
samba_cv_PUTUTLINE_RETURNS_UTMP=yes
samba_cv_QUOTA_WORKS=yes
samba_cv_REALPATH_TAKES_NULL=yes
samba_cv_REPLACE_GETPASS=yes
samba_cv_REPLACE_INET_NTOA=no
samba_cv_REPLACE_READDIR=no
samba_cv_RUN_QUOTA_TESTS=yes
samba_cv_SEEKDIR_RETURNS_VOID=yes
samba_cv_SIZEOF_DEV_T=yes
samba_cv_SIZEOF_INO_T=yes
samba_cv_SIZEOF_OFF_T=yes
samba_cv_SYSCONF_SC_NGROUPS_MAX=yes
samba_cv_SYSCONF_SC_NPROCESSORS_ONLN=yes
samba_cv_SYSCONF_SC_NPROC_ONLN=no
samba_cv_SYSCONF_SC_PAGESIZE=yes
samba_cv_SYSQUOTA_FOUND=yes
samba_cv_SYSQUOTA_WORKS=yes
samba_cv_SYSQUOTA_WORKS_XFS=yes
samba_cv_TRY_QUOTAS=no
samba_cv_TRY_SYS_QUOTAS=yes
samba_cv_USE_SETEUID=yes
samba_cv_USE_SETRESUID=yes
samba_cv_USE_SETREUID=yes
samba_cv_USE_SETUIDX=yes
samba_cv_WE_USE_SYS_QUOTAS=yes
samba_cv_WITH_AFS=no
samba_cv_WITH_FAKE_KASERVER=no
samba_cv_WITH_QUOTAS=auto
samba_cv_WITH_SYS_QUOTAS=auto
samba_cv_WITH_VFS_AFSACL=no
samba_cv_compiler_supports_ll=yes
samba_cv_found_xfs_header=yes
samba_cv_have_longlong=yes
samba_cv_have_setresgid=yes
samba_cv_have_setresuid=yes
samba_cv_immediate_structures=yes
samba_cv_optimize_out_funcation_calls=yes
samba_cv_sig_atomic_t=yes
samba_cv_socklen_t=yes
samba_cv_struct_timespec=yes
samba_cv_sysquotas_file=lib/sysquotas_linux.c
samba_cv_unixsocket=yes
samba_cv_volatile=yes
sc_cv_termios_ispeed=yes
screen_cv_sys_bcopy_overlap=no
screen_cv_sys_fifo_broken_impl=yes
screen_cv_sys_fifo_usable=yes
screen_cv_sys_memcpy_overlap=no
screen_cv_sys_memmove_overlap=no
screen_cv_sys_select_broken_retval=no
screen_cv_sys_sockets_nofs=no
screen_cv_sys_sockets_usable=yes
screen_cv_sys_terminfo_used=yes
shadow_cv_logdir='${prefix}/var/log'
shadow_cv_maildir='${prefix}/var/spool/mail'
shadow_cv_mailfile=Mailbox
shadow_cv_passwd_dir='${exec_prefix}/bin'
shadow_cv_utmpdir='${prefix}/var/run'
slrn_cv_va_val_copy=yes
sudo_cv_func_unsetenv_void=no
tcl_cv_api_serial=termios
utils_cv_sys_open_max=1019
xorg_cv_malloc0_returns_null=yes

## ----------------- ##
## Output variables. ##
## ----------------- ##

ACLOCAL='${SHELL} /home/zk/linux/code/tools/jpeg-9b/missing aclocal-1.15'
AMDEPBACKSLASH='\'
AMDEP_FALSE='#'
AMDEP_TRUE=''
AMTAR='$${TAR-tar}'
AM_BACKSLASH='\'
AM_DEFAULT_V='$(AM_DEFAULT_VERBOSITY)'
AM_DEFAULT_VERBOSITY='0'
AM_V='$(V)'
AR='arm-ostl-linux-gnueabi-ar'
AS='arm-ostl-linux-gnueabi-as '
AUTOCONF='${SHELL} /home/zk/linux/code/tools/jpeg-9b/missing autoconf'
AUTOHEADER='echo autoheader ignored'
AUTOMAKE='${SHELL} /home/zk/linux/code/tools/jpeg-9b/missing automake-1.15'
AWK='mawk'
CC='arm-ostl-linux-gnueabi-gcc  -mthumb -mfpu=neon-vfpv4 -mfloat-abi=hard -mcpu=cortex-a7 --sysroot=/opt/st/stm32mp1/3.1-snapshot/sysroots/cortexa7t2hf-neon-vfpv4-ostl-linux-gnueabi'
CCDEPMODE='depmode=gcc3'
CFLAGS=' -O2 -pipe -g -feliminate-unused-debug-types '
CPP='arm-ostl-linux-gnueabi-gcc -E  -mthumb -mfpu=neon-vfpv4 -mfloat-abi=hard -mcpu=cortex-a7 --sysroot=/opt/st/stm32mp1/3.1-snapshot/sysroots/cortexa7t2hf-neon-vfpv4-ostl-linux-gnueabi'
CPPFLAGS=''
CYGPATH_W='echo'
DEFS='-DHAVE_CONFIG_H'
DEPDIR='.deps'
DLLTOOL='dlltool'
DSYMUTIL=''
DUMPBIN=''
ECHO_C=''
ECHO_N='-n'
ECHO_T=''
EGREP='/bin/grep -E'
EXEEXT=''
FGREP='/bin/grep -F'
GREP='/bin/grep'
HAVE_LD_VERSION_SCRIPT_FALSE='#'
HAVE_LD_VERSION_SCRIPT_TRUE=''
INSTALL_DATA='${INSTALL} -m 644'
INSTALL_PROGRAM='${INSTALL}'
INSTALL_SCRIPT='${INSTALL}'
INSTALL_STRIP_PROGRAM='$(install_sh) -c -s'
JPEG_LIB_VERSION='11:0:2'
LD='arm-ostl-linux-gnueabi-ld  --sysroot=/opt/st/stm32mp1/3.1-snapshot/sysroots/cortexa7t2hf-neon-vfpv4-ostl-linux-gnueabi'
LDFLAGS='-Wl,-O1 -Wl,--hash-style=gnu -Wl,--as-needed'
LIBOBJS=''
LIBS=''
LIBTOOL='$(SHELL) $(top_builddir)/libtool'
LIPO=''
LN_S='ln -s'
LTLIBOBJS=''
LT_SYS_LIBRARY_PATH=''
MAINT='#'
MAINTAINER_MODE_FALSE=''
MAINTAINER_MODE_TRUE='#'
MAKEINFO='${SHELL} /home/zk/linux/code/tools/jpeg-9b/missing makeinfo'
MANIFEST_TOOL=':'
MEMORYMGR='jmemnobs'
MKDIR_P='/bin/mkdir -p'
NM='arm-ostl-linux-gnueabi-nm'
NMEDIT=''
OBJDUMP='arm-ostl-linux-gnueabi-objdump'
OBJEXT='o'
OTOOL64=''
OTOOL=''
PACKAGE='libjpeg'
PACKAGE_BUGREPORT=''
PACKAGE_NAME='libjpeg'
PACKAGE_STRING='libjpeg 9.2.0'
PACKAGE_TARNAME='libjpeg'
PACKAGE_URL=''
PACKAGE_VERSION='9.2.0'
PATH_SEPARATOR=':'
RANLIB='arm-ostl-linux-gnueabi-ranlib'
SED='sed'
SET_MAKE=''
SHELL='/bin/bash'
STRIP='arm-ostl-linux-gnueabi-strip'
VERSION='9.2.0'
ac_ct_AR=''
ac_ct_CC=''
ac_ct_DUMPBIN=''
am__EXEEXT_FALSE=''
am__EXEEXT_TRUE='#'
am__fastdepCC_FALSE='#'
am__fastdepCC_TRUE=''
am__include='include'
am__isrc=''
am__leading_dot='.'
am__nodep='_no'
am__quote=''
am__tar='$${TAR-tar} chof - "$$tardir"'
am__untar='$${TAR-tar} xf -'
bindir='${exec_prefix}/bin'
build='x86_64-unknown-linux-gnu'
build_alias=''
build_cpu='x86_64'
build_os='linux-gnu'
build_vendor='unknown'
datadir='${datarootdir}'
datarootdir='${prefix}/share'
docdir='${datarootdir}/doc/${PACKAGE_TARNAME}'
dvidir='${docdir}'
exec_prefix='${prefix}'
host='arm-ostl-linux-gnueabi'
host_alias='arm-ostl-linux-gnueabi'
host_cpu='arm'
host_os='linux-gnueabi'
host_vendor='ostl'
htmldir='${docdir}'
includedir='${prefix}/include'
infodir='${datarootdir}/info'
install_sh='${SHELL} /home/zk/linux/code/tools/jpeg-9b/install-sh'
libdir='${exec_prefix}/lib'
libexecdir='${exec_prefix}/libexec'
localedir='${datarootdir}/locale'
localstatedir='${prefix}/var'
mandir='${datarootdir}/man'
mkdir_p='$(MKDIR_P)'
oldincludedir='/usr/include'
pdfdir='${docdir}'
prefix='/home/zk/linux/code/application/lib/jpeglib'
program_transform_name='s,x,x,'
psdir='${docdir}'
sbindir='${exec_prefix}/sbin'
sharedstatedir='${prefix}/com'
sysconfdir='${prefix}/etc'
target='arm-ostl-linux-gnueabi'
target_alias=''
target_cpu='arm'
target_os='linux-gnueabi'
target_vendor='ostl'

## ----------- ##
## confdefs.h. ##
## ----------- ##

/* confdefs.h */
#define PACKAGE_NAME "libjpeg"
#define PACKAGE_TARNAME "libjpeg"
#define PACKAGE_VERSION "9.2.0"
#define PACKAGE_STRING "libjpeg 9.2.0"
#define PACKAGE_BUGREPORT ""
#define PACKAGE_URL ""
#define PACKAGE "libjpeg"
#define VERSION "9.2.0"
#define HAVE_PROTOTYPES 1
#define STDC_HEADERS 1
#define HAVE_SYS_TYPES_H 1
#define HAVE_SYS_STAT_H 1
#define HAVE_STDLIB_H 1
#define HAVE_STRING_H 1
#define HAVE_MEMORY_H 1
#define HAVE_STRINGS_H 1
#define HAVE_INTTYPES_H 1
#define HAVE_STDINT_H 1
#define HAVE_UNISTD_H 1
#define HAVE_STDDEF_H 1
#define HAVE_STDLIB_H 1
#define HAVE_LOCALE_H 1
#define HAVE_UNSIGNED_CHAR 1
#define HAVE_UNSIGNED_SHORT 1
#define INLINE __inline__
#define HAVE_DLFCN_H 1
#define LT_OBJDIR ".libs/"

configure: exit 0
